<?xml version="1.0" encoding="UTF-8"?>
<testsuite xmlns:xsi="http://www.w3.org/2001/XMLSchema-instance" xsi:noNamespaceSchemaLocation="https://maven.apache.org/surefire/maven-surefire-plugin/xsd/surefire-test-report-3.0.xsd" version="3.0" name="TestSuite" time="149.382" tests="90" errors="0" skipped="0" failures="0">
  <properties>
[...]
</properties>
  <testcase name="SeamlessSectionSetUp[org.testng.TestRunner@644ded04](1)" classname="AASAutomation.test.ExtraPTTest" time="2.012">
    <system-out><![CDATA[Result : /Users/chanjy/eclipse-workspace/AASAutomation
]]></system-out>
    <system-err><![CDATA[SLF4J: Failed to load class "org.slf4j.impl.StaticLoggerBinder".
SLF4J: Defaulting to no-operation (NOP) logger implementation
SLF4J: See http://www.slf4j.org/codes.html#StaticLoggerBinder for further details.
log4j:WARN No appenders could be found for logger (io.netty.util.internal.logging.InternalLoggerFactory).
log4j:WARN Please initialize the log4j system properly.
log4j:WARN See http://logging.apache.org/log4j/1.2/faq.html#noconfig for more info.
Starting ChromeDriver 111.0.5563.64 (c710e93d5b63b7095afe8c2c17df34408078439d-refs/branch-heads/5563@{#995}) on port 38343
Only local connections are allowed.
Please see https://chromedriver.chromium.org/security-considerations for suggestions on keeping ChromeDriver safe.
ChromeDriver was started successfully.
Apr 02, 2023 7:42:00 PM org.openqa.selenium.devtools.CdpVersionFinder findNearestMatch
WARNING: Unable to find an exact match for CDP version 111, so returning the closest version found: 110
]]></system-err>
  </testcase>
  <testcase name="SeamlessExtraPTSingleUpdate[Evolution, 1, 1.20, org.testng.TestRunner@644ded04](1)" classname="AASAutomation.test.ExtraPTTest" time="2.037">
    <system-out><![CDATA[Btn State: true
Custom 0  OK
Custom 0  OK
Btn State: true
Custom 1  OK
Custom 1  OK
Btn State: true
Custom 2  OK
]]></system-out>
  </testcase>
  <testcase name="SeamlessExtraPTSingleUpdate[Big Gaming, 1, 1.20, org.testng.TestRunner@644ded04](2)" classname="AASAutomation.test.ExtraPTTest" time="1.871">
    <system-out><![CDATA[Btn State: true
Custom 0  OK
Custom 0  OK
Btn State: true
Custom 1  OK
Custom 1  OK
Btn State: true
Custom 2  OK
]]></system-out>
  </testcase>
  <testcase name="SeamlessExtraPTSingleUpdate[Micro Gaming, 1, 1.10, org.testng.TestRunner@644ded04](3)" classname="AASAutomation.test.ExtraPTTest" time="1.771">
    <system-out><![CDATA[Btn State: true
Custom 0  OK
Custom 0  OK
Btn State: true
Custom 1  OK
]]></system-out>
  </testcase>
  <testcase name="SeamlessExtraPTSingleUpdate[Asia Gaming, 1, 1.00, org.testng.TestRunner@644ded04](4)" classname="AASAutomation.test.ExtraPTTest" time="1.858">
    <system-out><![CDATA[Btn State: true
Custom 0  OK
Custom 0  OK
Btn State: true
Custom 1  OK
]]></system-out>
  </testcase>
  <testcase name="SeamlessExtraPTSingleUpdate[Dream Gaming, 1, 1.00, org.testng.TestRunner@644ded04](5)" classname="AASAutomation.test.ExtraPTTest" time="1.799">
    <system-out><![CDATA[Btn State: true
Custom 0  OK
Custom 0  OK
Btn State: true
Custom 1  OK
]]></system-out>
  </testcase>
  <testcase name="SeamlessExtraPTSingleUpdate[Sexy Gaming, 1, 1.00, org.testng.TestRunner@644ded04](6)" classname="AASAutomation.test.ExtraPTTest" time="1.948">
    <system-out><![CDATA[Btn State: false
Custom 0  NO
Btn State: true
Custom 1  OK
Custom 1  OK
Btn State: true
Custom 2  OK
Custom 2  OK
Btn State: true
Custom 3  OK
]]></system-out>
  </testcase>
  <testcase name="SeamlessExtraPTSingleUpdate[PragmaticPlay, 1, 1.00, org.testng.TestRunner@644ded04](7)" classname="AASAutomation.test.ExtraPTTest" time="2.032">
    <system-out><![CDATA[Btn State: true
Custom 0  OK
Custom 0  OK
Btn State: true
Custom 1  OK
Custom 1  OK
Btn State: true
Custom 2  OK
]]></system-out>
  </testcase>
  <testcase name="SeamlessExtraPTSingleUpdate[Playtech, 1, 1.00, org.testng.TestRunner@644ded04](8)" classname="AASAutomation.test.ExtraPTTest" time="1.807">
    <system-out><![CDATA[Btn State: true
Custom 0  OK
Custom 0  OK
Btn State: true
Custom 1  OK
]]></system-out>
  </testcase>
  <testcase name="SeamlessExtraPTSingleUpdate[TVBet, 1, 1.00, org.testng.TestRunner@644ded04](9)" classname="AASAutomation.test.ExtraPTTest" time="1.924">
    <system-out><![CDATA[Btn State: true
Custom 0  OK
Custom 0  OK
Btn State: true
Custom 1  OK
]]></system-out>
  </testcase>
  <testcase name="SeamlessExtraPTSingleUpdate[RCG, 1, 1.00, org.testng.TestRunner@644ded04](10)" classname="AASAutomation.test.ExtraPTTest" time="1.928">
    <system-out><![CDATA[Btn State: true
Custom 0  OK
Custom 0  OK
Btn State: true
Custom 1  OK
]]></system-out>
  </testcase>
  <testcase name="SeamlessExtraPTSingleUpdate[Ezugi, 1, 1.00, org.testng.TestRunner@644ded04](11)" classname="AASAutomation.test.ExtraPTTest" time="2.089">
    <system-out><![CDATA[Btn State: true
Custom 0  OK
Custom 0  OK
Btn State: true
Custom 1  OK
]]></system-out>
  </testcase>
  <testcase name="SeamlessExtraPTSingleUpdate[Bota, 1, 1.00, org.testng.TestRunner@644ded04](12)" classname="AASAutomation.test.ExtraPTTest" time="2.061">
    <system-out><![CDATA[Btn State: false
Custom 0  NO
Btn State: true
Custom 1  OK
Custom 1  OK
Btn State: true
Custom 2  OK
Custom 2  OK
Btn State: true
Custom 3  OK
]]></system-out>
  </testcase>
  <testcase name="SeamlessExtraPTSingleUpdate[Skywind, 1, 1.00, org.testng.TestRunner@644ded04](13)" classname="AASAutomation.test.ExtraPTTest" time="1.98">
    <system-out><![CDATA[Btn State: true
Custom 0  OK
Custom 0  OK
Btn State: true
Custom 1  OK
]]></system-out>
  </testcase>
  <testcase name="SeamlessExtraPTSingleUpdate[UIG Casino, 1, 1.00, org.testng.TestRunner@644ded04](14)" classname="AASAutomation.test.ExtraPTTest" time="2.045">
    <system-out><![CDATA[Btn State: true
Custom 0  OK
Custom 0  OK
Btn State: true
Custom 1  OK
]]></system-out>
  </testcase>
  <testcase name="SeamlessExtraPTSingleUpdate[Motivation, 1, 1.00, org.testng.TestRunner@644ded04](15)" classname="AASAutomation.test.ExtraPTTest" time="2.016">
    <system-out><![CDATA[Btn State: true
Custom 0  OK
Custom 0  OK
Btn State: true
Custom 1  OK
]]></system-out>
  </testcase>
  <testcase name="SeamlessExtraPTSingleUpdate[DoWin, 1, 1.00, org.testng.TestRunner@644ded04](16)" classname="AASAutomation.test.ExtraPTTest" time="2.036">
    <system-out><![CDATA[Btn State: true
Custom 0  OK
Custom 0  OK
Btn State: true
Custom 1  OK
]]></system-out>
  </testcase>
  <testcase name="SeamlessExtraPTSingleUpdate[Oriental Gaming, 1, 1.00, org.testng.TestRunner@644ded04](17)" classname="AASAutomation.test.ExtraPTTest" time="5.671">
    <system-out><![CDATA[Btn State: true
Custom 0  OK
Custom 0  OK
Btn State: true
Custom 1  OK
Custom 1  OK
Btn State: true
Custom 2  OK
]]></system-out>
  </testcase>
  <testcase name="SeamlessExtraPTSingleUpdate[Taishan, 1, 1.00, org.testng.TestRunner@644ded04](18)" classname="AASAutomation.test.ExtraPTTest" time="5.3">
    <system-out><![CDATA[Btn State: true
Custom 0  OK
Custom 0  OK
Btn State: true
Custom 1  OK
]]></system-out>
  </testcase>
  <testcase name="SeamlessExtraPTSingleUpdate[Yes8 Vegas Lounge, 1, 1.00, org.testng.TestRunner@644ded04](19)" classname="AASAutomation.test.ExtraPTTest" time="2.332">
    <system-out><![CDATA[Btn State: true
Custom 0  OK
Custom 0  OK
Btn State: true
Custom 1  OK
Custom 1  OK
Btn State: true
Custom 2  OK
]]></system-out>
  </testcase>
  <testcase name="SeamlessExtraPTSingleUpdate[Beter, 1, 1.00, org.testng.TestRunner@644ded04](20)" classname="AASAutomation.test.ExtraPTTest" time="2.331">
    <system-out><![CDATA[Btn State: true
Custom 0  OK
Custom 0  OK
Btn State: true
Custom 1  OK
Custom 1  OK
Btn State: true
Custom 2  OK
]]></system-out>
  </testcase>
  <testcase name="SeamlessExtraPTSingleUpdate[Inplay Matrix, 2, 1.00, org.testng.TestRunner@644ded04](21)" classname="AASAutomation.test.ExtraPTTest" time="2.345">
    <system-out><![CDATA[Btn State: true
Custom 0  OK
Custom 0  OK
Btn State: true
Custom 1  OK
]]></system-out>
  </testcase>
  <testcase name="SeamlessExtraPTSingleUpdate[Kiron, 2, 1.00, org.testng.TestRunner@644ded04](22)" classname="AASAutomation.test.ExtraPTTest" time="2.036">
    <system-out><![CDATA[Btn State: true
Custom 0  OK
Custom 0  OK
Btn State: true
Custom 1  OK
]]></system-out>
  </testcase>
  <testcase name="SeamlessExtraPTSingleUpdate[Pinnacle, 2, 1.00, org.testng.TestRunner@644ded04](23)" classname="AASAutomation.test.ExtraPTTest" time="2.198">
    <system-out><![CDATA[Btn State: true
Custom 0  OK
Custom 0  OK
Btn State: true
Custom 1  OK
]]></system-out>
  </testcase>
  <testcase name="SeamlessExtraPTSingleUpdate[Live Betting, 2, 1.00, org.testng.TestRunner@644ded04](24)" classname="AASAutomation.test.ExtraPTTest" time="2.586">
    <system-out><![CDATA[Btn State: true
Custom 0  OK
Custom 0  OK
Btn State: true
Custom 1  OK
]]></system-out>
  </testcase>
  <testcase name="SeamlessExtraPTSingleUpdate[Slots, 3, 1.00, org.testng.TestRunner@644ded04](25)" classname="AASAutomation.test.ExtraPTTest" time="2.827">
    <system-out><![CDATA[Btn State: true
Custom 0  OK
Custom 0  OK
Btn State: true
Custom 1  OK
Custom 1  OK
Btn State: true
Custom 2  OK
]]></system-out>
  </testcase>
  <testcase name="SeamlessExtraPTSingleUpdate[Playtech &amp; Skywind Slot, 4, 1.00, org.testng.TestRunner@644ded04](26)" classname="AASAutomation.test.ExtraPTTest" time="2.19">
    <system-out><![CDATA[Btn State: true
Custom 0  OK
Custom 0  OK
Btn State: true
Custom 1  OK
]]></system-out>
  </testcase>
  <testcase name="SeamlessExtraPTGroupUpdate[org.testng.TestRunner@644ded04](1)" classname="AASAutomation.test.ExtraPTTest" time="3.747">
    <system-out><![CDATA[Btn State: true
Custom 0  OK
Custom 0  OK
Btn State: true
Custom 1  OK
]]></system-out>
  </testcase>
  <testcase name="SeamlessExtraPTGroupCheck[Evolution, 1, 1.20, org.testng.TestRunner@644ded04](1)" classname="AASAutomation.test.ExtraPTTest" time="0.464"/>
  <testcase name="SeamlessExtraPTGroupCheck[Big Gaming, 1, 1.20, org.testng.TestRunner@644ded04](2)" classname="AASAutomation.test.ExtraPTTest" time="0.087"/>
  <testcase name="SeamlessExtraPTGroupCheck[Micro Gaming, 1, 1.10, org.testng.TestRunner@644ded04](3)" classname="AASAutomation.test.ExtraPTTest" time="0.095"/>
  <testcase name="SeamlessExtraPTGroupCheck[Asia Gaming, 1, 1.00, org.testng.TestRunner@644ded04](4)" classname="AASAutomation.test.ExtraPTTest" time="0.102"/>
  <testcase name="SeamlessExtraPTGroupCheck[Dream Gaming, 1, 1.00, org.testng.TestRunner@644ded04](5)" classname="AASAutomation.test.ExtraPTTest" time="0.111"/>
  <testcase name="SeamlessExtraPTGroupCheck[Sexy Gaming, 1, 1.00, org.testng.TestRunner@644ded04](6)" classname="AASAutomation.test.ExtraPTTest" time="0.124"/>
  <testcase name="SeamlessExtraPTGroupCheck[PragmaticPlay, 1, 1.00, org.testng.TestRunner@644ded04](7)" classname="AASAutomation.test.ExtraPTTest" time="0.13"/>
  <testcase name="SeamlessExtraPTGroupCheck[Playtech, 1, 1.00, org.testng.TestRunner@644ded04](8)" classname="AASAutomation.test.ExtraPTTest" time="0.138"/>
  <testcase name="SeamlessExtraPTGroupCheck[TVBet, 1, 1.00, org.testng.TestRunner@644ded04](9)" classname="AASAutomation.test.ExtraPTTest" time="0.141"/>
  <testcase name="SeamlessExtraPTGroupCheck[RCG, 1, 1.00, org.testng.TestRunner@644ded04](10)" classname="AASAutomation.test.ExtraPTTest" time="0.164"/>
  <testcase name="SeamlessExtraPTGroupCheck[Ezugi, 1, 1.00, org.testng.TestRunner@644ded04](11)" classname="AASAutomation.test.ExtraPTTest" time="0.168"/>
  <testcase name="SeamlessExtraPTGroupCheck[Bota, 1, 1.00, org.testng.TestRunner@644ded04](12)" classname="AASAutomation.test.ExtraPTTest" time="0.167"/>
  <testcase name="SeamlessExtraPTGroupCheck[Skywind, 1, 1.00, org.testng.TestRunner@644ded04](13)" classname="AASAutomation.test.ExtraPTTest" time="0.176"/>
  <testcase name="SeamlessExtraPTGroupCheck[UIG Casino, 1, 1.00, org.testng.TestRunner@644ded04](14)" classname="AASAutomation.test.ExtraPTTest" time="0.184"/>
  <testcase name="SeamlessExtraPTGroupCheck[Motivation, 1, 1.00, org.testng.TestRunner@644ded04](15)" classname="AASAutomation.test.ExtraPTTest" time="0.195"/>
  <testcase name="SeamlessExtraPTGroupCheck[DoWin, 1, 1.00, org.testng.TestRunner@644ded04](16)" classname="AASAutomation.test.ExtraPTTest" time="0.199"/>
  <testcase name="SeamlessExtraPTGroupCheck[Oriental Gaming, 1, 1.00, org.testng.TestRunner@644ded04](17)" classname="AASAutomation.test.ExtraPTTest" time="0.208"/>
  <testcase name="SeamlessExtraPTGroupCheck[Taishan, 1, 1.00, org.testng.TestRunner@644ded04](18)" classname="AASAutomation.test.ExtraPTTest" time="0.217"/>
  <testcase name="SeamlessExtraPTGroupCheck[Yes8 Vegas Lounge, 1, 1.00, org.testng.TestRunner@644ded04](19)" classname="AASAutomation.test.ExtraPTTest" time="0.223"/>
  <testcase name="SeamlessExtraPTGroupCheck[Beter, 1, 1.00, org.testng.TestRunner@644ded04](20)" classname="AASAutomation.test.ExtraPTTest" time="0.239"/>
  <testcase name="SeamlessExtraPTGroupCheck[Inplay Matrix, 2, 1.00, org.testng.TestRunner@644ded04](21)" classname="AASAutomation.test.ExtraPTTest" time="0.265"/>
  <testcase name="SeamlessExtraPTGroupCheck[Kiron, 2, 1.00, org.testng.TestRunner@644ded04](22)" classname="AASAutomation.test.ExtraPTTest" time="0.268"/>
  <testcase name="SeamlessExtraPTGroupCheck[Pinnacle, 2, 1.00, org.testng.TestRunner@644ded04](23)" classname="AASAutomation.test.ExtraPTTest" time="0.275"/>
  <testcase name="SeamlessExtraPTGroupCheck[Live Betting, 2, 1.00, org.testng.TestRunner@644ded04](24)" classname="AASAutomation.test.ExtraPTTest" time="0.268"/>
  <testcase name="SeamlessExtraPTGroupCheck[Slots, 3, 1.00, org.testng.TestRunner@644ded04](25)" classname="AASAutomation.test.ExtraPTTest" time="0.281"/>
  <testcase name="SeamlessExtraPTGroupCheck[Playtech &amp; Skywind Slot, 4, 1.00, org.testng.TestRunner@644ded04](26)" classname="AASAutomation.test.ExtraPTTest" time="0.295"/>
  <testcase name="WalletSectionSetUp[org.testng.TestRunner@644ded04](1)" classname="AASAutomation.test.ExtraPTTest" time="2.197"/>
  <testcase name="WalletExtraPTSingleUpdate[Evolution, 1, 1.00, org.testng.TestRunner@644ded04](1)" classname="AASAutomation.test.ExtraPTTest" time="1.869">
    <system-out><![CDATA[Btn State: true
Custom 0  OK
Custom 0  OK
Btn State: true
Custom 1  OK
]]></system-out>
  </testcase>
  <testcase name="WalletExtraPTSingleUpdate[Big Gaming, 1, 1.00, org.testng.TestRunner@644ded04](2)" classname="AASAutomation.test.ExtraPTTest" time="1.778">
    <system-out><![CDATA[Btn State: true
Custom 0  OK
Custom 0  OK
Btn State: true
Custom 1  OK
]]></system-out>
  </testcase>
  <testcase name="WalletExtraPTSingleUpdate[Asia Gaming, 1, 1.00, org.testng.TestRunner@644ded04](3)" classname="AASAutomation.test.ExtraPTTest" time="1.924">
    <system-out><![CDATA[Btn State: true
Custom 0  OK
Custom 0  OK
Btn State: true
Custom 1  OK
Custom 1  OK
Btn State: true
Custom 2  OK
]]></system-out>
  </testcase>
  <testcase name="WalletExtraPTSingleUpdate[Dream Gaming, 1, 1.00, org.testng.TestRunner@644ded04](4)" classname="AASAutomation.test.ExtraPTTest" time="2.062">
    <system-out><![CDATA[Btn State: true
Custom 0  OK
Custom 0  OK
Btn State: true
Custom 1  OK
Custom 1  OK
Btn State: true
Custom 2  OK
]]></system-out>
  </testcase>
  <testcase name="WalletExtraPTSingleUpdate[Sexy Gaming, 1, 1.00, org.testng.TestRunner@644ded04](5)" classname="AASAutomation.test.ExtraPTTest" time="1.746">
    <system-out><![CDATA[Btn State: true
Custom 0  OK
Custom 0  OK
Btn State: true
Custom 1  OK
]]></system-out>
  </testcase>
  <testcase name="WalletExtraPTSingleUpdate[PragmaticPlay, 1, 1.00, org.testng.TestRunner@644ded04](6)" classname="AASAutomation.test.ExtraPTTest" time="2.073">
    <system-out><![CDATA[Btn State: true
Custom 0  OK
Custom 0  OK
Btn State: true
Custom 1  OK
Custom 1  OK
Btn State: true
Custom 2  OK
]]></system-out>
  </testcase>
  <testcase name="WalletExtraPTSingleUpdate[Playtech, 1, 1.00, org.testng.TestRunner@644ded04](7)" classname="AASAutomation.test.ExtraPTTest" time="1.925">
    <system-out><![CDATA[Btn State: true
Custom 0  OK
Custom 0  OK
Btn State: true
Custom 1  OK
]]></system-out>
  </testcase>
  <testcase name="WalletExtraPTSingleUpdate[Bota, 1, 1.00, org.testng.TestRunner@644ded04](8)" classname="AASAutomation.test.ExtraPTTest" time="1.827">
    <system-out><![CDATA[Btn State: true
Custom 0  OK
Custom 0  OK
Btn State: true
Custom 1  OK
]]></system-out>
  </testcase>
  <testcase name="WalletExtraPTSingleUpdate[DoWin, 1, 1.00, org.testng.TestRunner@644ded04](9)" classname="AASAutomation.test.ExtraPTTest" time="2.294">
    <system-out><![CDATA[Btn State: true
Custom 0  OK
Custom 0  OK
Btn State: true
Custom 1  OK
Custom 1  OK
Btn State: true
Custom 2  OK
]]></system-out>
  </testcase>
  <testcase name="WalletExtraPTSingleUpdate[Double Dragon, 1, 1.00, org.testng.TestRunner@644ded04](10)" classname="AASAutomation.test.ExtraPTTest" time="2.113">
    <system-out><![CDATA[Btn State: true
Custom 0  OK
Custom 0  OK
Btn State: true
Custom 1  OK
]]></system-out>
  </testcase>
  <testcase name="WalletExtraPTSingleUpdate[Oriental Gaming, 1, 1.00, org.testng.TestRunner@644ded04](11)" classname="AASAutomation.test.ExtraPTTest" time="5.941">
    <system-out><![CDATA[Btn State: true
Custom 0  OK
Custom 0  OK
Btn State: true
Custom 1  OK
]]></system-out>
  </testcase>
  <testcase name="WalletExtraPTSingleUpdate[Arena, 1, 1.00, org.testng.TestRunner@644ded04](12)" classname="AASAutomation.test.ExtraPTTest" time="4.63">
    <system-out><![CDATA[Btn State: true
Custom 0  OK
Custom 0  OK
Btn State: true
Custom 1  OK
]]></system-out>
  </testcase>
  <testcase name="WalletExtraPTSingleUpdate[Taishan, 1, 1.00, org.testng.TestRunner@644ded04](13)" classname="AASAutomation.test.ExtraPTTest" time="2.001">
    <system-out><![CDATA[Btn State: true
Custom 0  OK
Custom 0  OK
Btn State: true
Custom 1  OK
]]></system-out>
  </testcase>
  <testcase name="WalletExtraPTSingleUpdate[Yes8 Vegas Lounge, 1, 1.00, org.testng.TestRunner@644ded04](14)" classname="AASAutomation.test.ExtraPTTest" time="2.253">
    <system-out><![CDATA[Btn State: true
Custom 0  OK
Custom 0  OK
Btn State: true
Custom 1  OK
Custom 1  OK
Btn State: true
Custom 2  OK
]]></system-out>
  </testcase>
  <testcase name="WalletExtraPTSingleUpdate[Beter, 1, 1.00, org.testng.TestRunner@644ded04](15)" classname="AASAutomation.test.ExtraPTTest" time="1.972">
    <system-out><![CDATA[Btn State: true
Custom 0  OK
Custom 0  OK
Btn State: true
Custom 1  OK
]]></system-out>
  </testcase>
  <testcase name="WalletExtraPTSingleUpdate[Slots, 3, 1.00, org.testng.TestRunner@644ded04](16)" classname="AASAutomation.test.ExtraPTTest" time="2.319">
    <system-out><![CDATA[Btn State: true
Custom 0  OK
Custom 0  OK
Btn State: true
Custom 1  OK
]]></system-out>
  </testcase>
  <testcase name="WalletExtraPTSingleUpdate[Playtech &amp; Skywind Slot, 4, 1.00, org.testng.TestRunner@644ded04](17)" classname="AASAutomation.test.ExtraPTTest" time="2.162">
    <system-out><![CDATA[Btn State: true
Custom 0  OK
Custom 0  OK
Btn State: true
Custom 1  OK
]]></system-out>
  </testcase>
  <testcase name="WalletExtraPTGroupUpdate[org.testng.TestRunner@644ded04](1)" classname="AASAutomation.test.ExtraPTTest" time="3.05">
    <system-out><![CDATA[Btn State: true
Custom 0  OK
Custom 0  OK
Btn State: true
Custom 1  OK
]]></system-out>
  </testcase>
  <testcase name="WalletExtraPTGroupCheck[Evolution, 1, 1.00, org.testng.TestRunner@644ded04](1)" classname="AASAutomation.test.ExtraPTTest" time="0.474"/>
  <testcase name="WalletExtraPTGroupCheck[Big Gaming, 1, 1.00, org.testng.TestRunner@644ded04](2)" classname="AASAutomation.test.ExtraPTTest" time="0.092"/>
  <testcase name="WalletExtraPTGroupCheck[Asia Gaming, 1, 1.00, org.testng.TestRunner@644ded04](3)" classname="AASAutomation.test.ExtraPTTest" time="0.103"/>
  <testcase name="WalletExtraPTGroupCheck[Dream Gaming, 1, 1.00, org.testng.TestRunner@644ded04](4)" classname="AASAutomation.test.ExtraPTTest" time="0.116"/>
  <testcase name="WalletExtraPTGroupCheck[Sexy Gaming, 1, 1.00, org.testng.TestRunner@644ded04](5)" classname="AASAutomation.test.ExtraPTTest" time="0.118"/>
  <testcase name="WalletExtraPTGroupCheck[PragmaticPlay, 1, 1.00, org.testng.TestRunner@644ded04](6)" classname="AASAutomation.test.ExtraPTTest" time="0.128"/>
  <testcase name="WalletExtraPTGroupCheck[Playtech, 1, 1.00, org.testng.TestRunner@644ded04](7)" classname="AASAutomation.test.ExtraPTTest" time="0.134"/>
  <testcase name="WalletExtraPTGroupCheck[Bota, 1, 1.00, org.testng.TestRunner@644ded04](8)" classname="AASAutomation.test.ExtraPTTest" time="0.15"/>
  <testcase name="WalletExtraPTGroupCheck[DoWin, 1, 1.00, org.testng.TestRunner@644ded04](9)" classname="AASAutomation.test.ExtraPTTest" time="0.155"/>
  <testcase name="WalletExtraPTGroupCheck[Double Dragon, 1, 1.00, org.testng.TestRunner@644ded04](10)" classname="AASAutomation.test.ExtraPTTest" time="0.166"/>
  <testcase name="WalletExtraPTGroupCheck[Oriental Gaming, 1, 1.00, org.testng.TestRunner@644ded04](11)" classname="AASAutomation.test.ExtraPTTest" time="0.174"/>
  <testcase name="WalletExtraPTGroupCheck[Arena, 1, 1.00, org.testng.TestRunner@644ded04](12)" classname="AASAutomation.test.ExtraPTTest" time="0.187"/>
  <testcase name="WalletExtraPTGroupCheck[Taishan, 1, 1.00, org.testng.TestRunner@644ded04](13)" classname="AASAutomation.test.ExtraPTTest" time="0.192"/>
  <testcase name="WalletExtraPTGroupCheck[Yes8 Vegas Lounge, 1, 1.00, org.testng.TestRunner@644ded04](14)" classname="AASAutomation.test.ExtraPTTest" time="0.2"/>
  <testcase name="WalletExtraPTGroupCheck[Beter, 1, 1.00, org.testng.TestRunner@644ded04](15)" classname="AASAutomation.test.ExtraPTTest" time="0.212"/>
  <testcase name="WalletExtraPTGroupCheck[Slots, 3, 1.00, org.testng.TestRunner@644ded04](16)" classname="AASAutomation.test.ExtraPTTest" time="0.22"/>
  <testcase name="WalletExtraPTGroupCheck[Playtech &amp; Skywind Slot, 4, 1.00, org.testng.TestRunner@644ded04](17)" classname="AASAutomation.test.ExtraPTTest" time="0.227"/>
</testsuite>