<?xml version="1.0" encoding="UTF-8"?>
<testng-results ignored="0" total="165" passed="165" failed="0" skipped="0">
  <reporter-output>
  </reporter-output>
  <suite started-at="2023-04-10T18:20:07 MYT" name="AAS Product Setting Test Suite" finished-at="2023-04-10T18:24:00 MYT" duration-ms="233510">
    <groups>
    </groups>
    <test started-at="2023-04-10T18:20:07 MYT" name="AAS Product Setting Test" finished-at="2023-04-10T18:24:00 MYT" duration-ms="233510">
      <class name="AASAutomation.test.ProductSettingTest">
        <test-method is-config="true" signature="setUp()[pri:0, instance:AASAutomation.test.ProductSettingTest@24c1b2d2]" started-at="2023-04-10T18:20:07 MYT" name="setUp" finished-at="2023-04-10T18:20:30 MYT" duration-ms="22846" status="PASS">
          <reporter-output>
          </reporter-output>
        </test-method> <!-- setUp -->
        <test-method signature="ProceedToSMA(org.testng.ITestContext)[pri:1, instance:AASAutomation.test.ProductSettingTest@24c1b2d2]" started-at="2023-04-10T18:20:30 MYT" name="ProceedToSMA" finished-at="2023-04-10T18:20:33 MYT" duration-ms="3214" status="PASS">
          <params>
            <param index="0">
              <value>
                <![CDATA[org.testng.TestRunner@5527b211]]>
              </value>
            </param>
          </params>
          <reporter-output>
          </reporter-output>
        </test-method> <!-- ProceedToSMA -->
        <test-method signature="SectionSetUpSMA(org.testng.ITestContext)[pri:2, instance:AASAutomation.test.ProductSettingTest@24c1b2d2]" started-at="2023-04-10T18:20:33 MYT" name="SectionSetUpSMA" finished-at="2023-04-10T18:20:34 MYT" duration-ms="1046" status="PASS">
          <params>
            <param index="0">
              <value>
                <![CDATA[org.testng.TestRunner@5527b211]]>
              </value>
            </param>
          </params>
          <reporter-output>
          </reporter-output>
        </test-method> <!-- SectionSetUpSMA -->
        <test-method signature="ProductSettingSingleUpdate_SMA(java.lang.String,java.lang.String,org.testng.ITestContext)[pri:3, instance:AASAutomation.test.ProductSettingTest@24c1b2d2]" started-at="2023-04-10T18:20:34 MYT" name="ProductSettingSingleUpdate_SMA" data-provider="RealTimeProductData" finished-at="2023-04-10T18:20:35 MYT" duration-ms="1505" status="PASS">
          <params>
            <param index="0">
              <value>
                <![CDATA[Evolution]]>
              </value>
            </param>
            <param index="1">
              <value>
                <![CDATA[Active]]>
              </value>
            </param>
            <param index="2">
              <value>
                <![CDATA[org.testng.TestRunner@5527b211]]>
              </value>
            </param>
          </params>
          <reporter-output>
          </reporter-output>
        </test-method> <!-- ProductSettingSingleUpdate_SMA -->
        <test-method signature="ProductSettingSingleUpdate_SMA(java.lang.String,java.lang.String,org.testng.ITestContext)[pri:3, instance:AASAutomation.test.ProductSettingTest@24c1b2d2]" started-at="2023-04-10T18:20:35 MYT" name="ProductSettingSingleUpdate_SMA" data-provider="RealTimeProductData" finished-at="2023-04-10T18:20:37 MYT" duration-ms="1469" status="PASS">
          <params>
            <param index="0">
              <value>
                <![CDATA[Big Gaming]]>
              </value>
            </param>
            <param index="1">
              <value>
                <![CDATA[Active]]>
              </value>
            </param>
            <param index="2">
              <value>
                <![CDATA[org.testng.TestRunner@5527b211]]>
              </value>
            </param>
          </params>
          <reporter-output>
          </reporter-output>
        </test-method> <!-- ProductSettingSingleUpdate_SMA -->
        <test-method signature="ProductSettingSingleUpdate_SMA(java.lang.String,java.lang.String,org.testng.ITestContext)[pri:3, instance:AASAutomation.test.ProductSettingTest@24c1b2d2]" started-at="2023-04-10T18:20:37 MYT" name="ProductSettingSingleUpdate_SMA" data-provider="RealTimeProductData" finished-at="2023-04-10T18:20:38 MYT" duration-ms="1492" status="PASS">
          <params>
            <param index="0">
              <value>
                <![CDATA[Micro Gaming]]>
              </value>
            </param>
            <param index="1">
              <value>
                <![CDATA[Active]]>
              </value>
            </param>
            <param index="2">
              <value>
                <![CDATA[org.testng.TestRunner@5527b211]]>
              </value>
            </param>
          </params>
          <reporter-output>
          </reporter-output>
        </test-method> <!-- ProductSettingSingleUpdate_SMA -->
        <test-method signature="ProductSettingSingleUpdate_SMA(java.lang.String,java.lang.String,org.testng.ITestContext)[pri:3, instance:AASAutomation.test.ProductSettingTest@24c1b2d2]" started-at="2023-04-10T18:20:38 MYT" name="ProductSettingSingleUpdate_SMA" data-provider="RealTimeProductData" finished-at="2023-04-10T18:20:40 MYT" duration-ms="1482" status="PASS">
          <params>
            <param index="0">
              <value>
                <![CDATA[Asia Gaming]]>
              </value>
            </param>
            <param index="1">
              <value>
                <![CDATA[Active]]>
              </value>
            </param>
            <param index="2">
              <value>
                <![CDATA[org.testng.TestRunner@5527b211]]>
              </value>
            </param>
          </params>
          <reporter-output>
          </reporter-output>
        </test-method> <!-- ProductSettingSingleUpdate_SMA -->
        <test-method signature="ProductSettingSingleUpdate_SMA(java.lang.String,java.lang.String,org.testng.ITestContext)[pri:3, instance:AASAutomation.test.ProductSettingTest@24c1b2d2]" started-at="2023-04-10T18:20:40 MYT" name="ProductSettingSingleUpdate_SMA" data-provider="RealTimeProductData" finished-at="2023-04-10T18:20:41 MYT" duration-ms="1556" status="PASS">
          <params>
            <param index="0">
              <value>
                <![CDATA[Dream Gaming]]>
              </value>
            </param>
            <param index="1">
              <value>
                <![CDATA[Active]]>
              </value>
            </param>
            <param index="2">
              <value>
                <![CDATA[org.testng.TestRunner@5527b211]]>
              </value>
            </param>
          </params>
          <reporter-output>
          </reporter-output>
        </test-method> <!-- ProductSettingSingleUpdate_SMA -->
        <test-method signature="ProductSettingSingleUpdate_SMA(java.lang.String,java.lang.String,org.testng.ITestContext)[pri:3, instance:AASAutomation.test.ProductSettingTest@24c1b2d2]" started-at="2023-04-10T18:20:41 MYT" name="ProductSettingSingleUpdate_SMA" data-provider="RealTimeProductData" finished-at="2023-04-10T18:20:43 MYT" duration-ms="1495" status="PASS">
          <params>
            <param index="0">
              <value>
                <![CDATA[Sexy Gaming]]>
              </value>
            </param>
            <param index="1">
              <value>
                <![CDATA[Active]]>
              </value>
            </param>
            <param index="2">
              <value>
                <![CDATA[org.testng.TestRunner@5527b211]]>
              </value>
            </param>
          </params>
          <reporter-output>
          </reporter-output>
        </test-method> <!-- ProductSettingSingleUpdate_SMA -->
        <test-method signature="ProductSettingSingleUpdate_SMA(java.lang.String,java.lang.String,org.testng.ITestContext)[pri:3, instance:AASAutomation.test.ProductSettingTest@24c1b2d2]" started-at="2023-04-10T18:20:43 MYT" name="ProductSettingSingleUpdate_SMA" data-provider="RealTimeProductData" finished-at="2023-04-10T18:20:45 MYT" duration-ms="1615" status="PASS">
          <params>
            <param index="0">
              <value>
                <![CDATA[PragmaticPlay]]>
              </value>
            </param>
            <param index="1">
              <value>
                <![CDATA[Active]]>
              </value>
            </param>
            <param index="2">
              <value>
                <![CDATA[org.testng.TestRunner@5527b211]]>
              </value>
            </param>
          </params>
          <reporter-output>
          </reporter-output>
        </test-method> <!-- ProductSettingSingleUpdate_SMA -->
        <test-method signature="ProductSettingSingleUpdate_SMA(java.lang.String,java.lang.String,org.testng.ITestContext)[pri:3, instance:AASAutomation.test.ProductSettingTest@24c1b2d2]" started-at="2023-04-10T18:20:45 MYT" name="ProductSettingSingleUpdate_SMA" data-provider="RealTimeProductData" finished-at="2023-04-10T18:20:46 MYT" duration-ms="1599" status="PASS">
          <params>
            <param index="0">
              <value>
                <![CDATA[Playtech]]>
              </value>
            </param>
            <param index="1">
              <value>
                <![CDATA[Active]]>
              </value>
            </param>
            <param index="2">
              <value>
                <![CDATA[org.testng.TestRunner@5527b211]]>
              </value>
            </param>
          </params>
          <reporter-output>
          </reporter-output>
        </test-method> <!-- ProductSettingSingleUpdate_SMA -->
        <test-method signature="ProductSettingSingleUpdate_SMA(java.lang.String,java.lang.String,org.testng.ITestContext)[pri:3, instance:AASAutomation.test.ProductSettingTest@24c1b2d2]" started-at="2023-04-10T18:20:46 MYT" name="ProductSettingSingleUpdate_SMA" data-provider="RealTimeProductData" finished-at="2023-04-10T18:20:48 MYT" duration-ms="1692" status="PASS">
          <params>
            <param index="0">
              <value>
                <![CDATA[TVBet]]>
              </value>
            </param>
            <param index="1">
              <value>
                <![CDATA[Active]]>
              </value>
            </param>
            <param index="2">
              <value>
                <![CDATA[org.testng.TestRunner@5527b211]]>
              </value>
            </param>
          </params>
          <reporter-output>
          </reporter-output>
        </test-method> <!-- ProductSettingSingleUpdate_SMA -->
        <test-method signature="ProductSettingSingleUpdate_SMA(java.lang.String,java.lang.String,org.testng.ITestContext)[pri:3, instance:AASAutomation.test.ProductSettingTest@24c1b2d2]" started-at="2023-04-10T18:20:48 MYT" name="ProductSettingSingleUpdate_SMA" data-provider="RealTimeProductData" finished-at="2023-04-10T18:20:50 MYT" duration-ms="1719" status="PASS">
          <params>
            <param index="0">
              <value>
                <![CDATA[RCG]]>
              </value>
            </param>
            <param index="1">
              <value>
                <![CDATA[Active]]>
              </value>
            </param>
            <param index="2">
              <value>
                <![CDATA[org.testng.TestRunner@5527b211]]>
              </value>
            </param>
          </params>
          <reporter-output>
          </reporter-output>
        </test-method> <!-- ProductSettingSingleUpdate_SMA -->
        <test-method signature="ProductSettingSingleUpdate_SMA(java.lang.String,java.lang.String,org.testng.ITestContext)[pri:3, instance:AASAutomation.test.ProductSettingTest@24c1b2d2]" started-at="2023-04-10T18:20:50 MYT" name="ProductSettingSingleUpdate_SMA" data-provider="RealTimeProductData" finished-at="2023-04-10T18:20:51 MYT" duration-ms="1676" status="PASS">
          <params>
            <param index="0">
              <value>
                <![CDATA[Ezugi]]>
              </value>
            </param>
            <param index="1">
              <value>
                <![CDATA[Active]]>
              </value>
            </param>
            <param index="2">
              <value>
                <![CDATA[org.testng.TestRunner@5527b211]]>
              </value>
            </param>
          </params>
          <reporter-output>
          </reporter-output>
        </test-method> <!-- ProductSettingSingleUpdate_SMA -->
        <test-method signature="ProductSettingSingleUpdate_SMA(java.lang.String,java.lang.String,org.testng.ITestContext)[pri:3, instance:AASAutomation.test.ProductSettingTest@24c1b2d2]" started-at="2023-04-10T18:20:51 MYT" name="ProductSettingSingleUpdate_SMA" data-provider="RealTimeProductData" finished-at="2023-04-10T18:20:53 MYT" duration-ms="1697" status="PASS">
          <params>
            <param index="0">
              <value>
                <![CDATA[Bota]]>
              </value>
            </param>
            <param index="1">
              <value>
                <![CDATA[Active]]>
              </value>
            </param>
            <param index="2">
              <value>
                <![CDATA[org.testng.TestRunner@5527b211]]>
              </value>
            </param>
          </params>
          <reporter-output>
          </reporter-output>
        </test-method> <!-- ProductSettingSingleUpdate_SMA -->
        <test-method signature="ProductSettingSingleUpdate_SMA(java.lang.String,java.lang.String,org.testng.ITestContext)[pri:3, instance:AASAutomation.test.ProductSettingTest@24c1b2d2]" started-at="2023-04-10T18:20:53 MYT" name="ProductSettingSingleUpdate_SMA" data-provider="RealTimeProductData" finished-at="2023-04-10T18:20:55 MYT" duration-ms="1785" status="PASS">
          <params>
            <param index="0">
              <value>
                <![CDATA[Skywind]]>
              </value>
            </param>
            <param index="1">
              <value>
                <![CDATA[Active]]>
              </value>
            </param>
            <param index="2">
              <value>
                <![CDATA[org.testng.TestRunner@5527b211]]>
              </value>
            </param>
          </params>
          <reporter-output>
          </reporter-output>
        </test-method> <!-- ProductSettingSingleUpdate_SMA -->
        <test-method signature="ProductSettingSingleUpdate_SMA(java.lang.String,java.lang.String,org.testng.ITestContext)[pri:3, instance:AASAutomation.test.ProductSettingTest@24c1b2d2]" started-at="2023-04-10T18:20:55 MYT" name="ProductSettingSingleUpdate_SMA" data-provider="RealTimeProductData" finished-at="2023-04-10T18:20:57 MYT" duration-ms="1764" status="PASS">
          <params>
            <param index="0">
              <value>
                <![CDATA[UIG Casino]]>
              </value>
            </param>
            <param index="1">
              <value>
                <![CDATA[Active]]>
              </value>
            </param>
            <param index="2">
              <value>
                <![CDATA[org.testng.TestRunner@5527b211]]>
              </value>
            </param>
          </params>
          <reporter-output>
          </reporter-output>
        </test-method> <!-- ProductSettingSingleUpdate_SMA -->
        <test-method signature="ProductSettingSingleUpdate_SMA(java.lang.String,java.lang.String,org.testng.ITestContext)[pri:3, instance:AASAutomation.test.ProductSettingTest@24c1b2d2]" started-at="2023-04-10T18:20:57 MYT" name="ProductSettingSingleUpdate_SMA" data-provider="RealTimeProductData" finished-at="2023-04-10T18:20:58 MYT" duration-ms="1828" status="PASS">
          <params>
            <param index="0">
              <value>
                <![CDATA[Motivation]]>
              </value>
            </param>
            <param index="1">
              <value>
                <![CDATA[Active]]>
              </value>
            </param>
            <param index="2">
              <value>
                <![CDATA[org.testng.TestRunner@5527b211]]>
              </value>
            </param>
          </params>
          <reporter-output>
          </reporter-output>
        </test-method> <!-- ProductSettingSingleUpdate_SMA -->
        <test-method signature="ProductSettingSingleUpdate_SMA(java.lang.String,java.lang.String,org.testng.ITestContext)[pri:3, instance:AASAutomation.test.ProductSettingTest@24c1b2d2]" started-at="2023-04-10T18:20:58 MYT" name="ProductSettingSingleUpdate_SMA" data-provider="RealTimeProductData" finished-at="2023-04-10T18:21:00 MYT" duration-ms="1876" status="PASS">
          <params>
            <param index="0">
              <value>
                <![CDATA[DoWin]]>
              </value>
            </param>
            <param index="1">
              <value>
                <![CDATA[Active]]>
              </value>
            </param>
            <param index="2">
              <value>
                <![CDATA[org.testng.TestRunner@5527b211]]>
              </value>
            </param>
          </params>
          <reporter-output>
          </reporter-output>
        </test-method> <!-- ProductSettingSingleUpdate_SMA -->
        <test-method signature="ProductSettingSingleUpdate_SMA(java.lang.String,java.lang.String,org.testng.ITestContext)[pri:3, instance:AASAutomation.test.ProductSettingTest@24c1b2d2]" started-at="2023-04-10T18:21:00 MYT" name="ProductSettingSingleUpdate_SMA" data-provider="RealTimeProductData" finished-at="2023-04-10T18:21:02 MYT" duration-ms="1831" status="PASS">
          <params>
            <param index="0">
              <value>
                <![CDATA[Oriental Gaming]]>
              </value>
            </param>
            <param index="1">
              <value>
                <![CDATA[Active]]>
              </value>
            </param>
            <param index="2">
              <value>
                <![CDATA[org.testng.TestRunner@5527b211]]>
              </value>
            </param>
          </params>
          <reporter-output>
          </reporter-output>
        </test-method> <!-- ProductSettingSingleUpdate_SMA -->
        <test-method signature="ProductSettingSingleUpdate_SMA(java.lang.String,java.lang.String,org.testng.ITestContext)[pri:3, instance:AASAutomation.test.ProductSettingTest@24c1b2d2]" started-at="2023-04-10T18:21:02 MYT" name="ProductSettingSingleUpdate_SMA" data-provider="RealTimeProductData" finished-at="2023-04-10T18:21:09 MYT" duration-ms="6878" status="PASS">
          <params>
            <param index="0">
              <value>
                <![CDATA[Taishan]]>
              </value>
            </param>
            <param index="1">
              <value>
                <![CDATA[Active]]>
              </value>
            </param>
            <param index="2">
              <value>
                <![CDATA[org.testng.TestRunner@5527b211]]>
              </value>
            </param>
          </params>
          <reporter-output>
          </reporter-output>
        </test-method> <!-- ProductSettingSingleUpdate_SMA -->
        <test-method signature="ProductSettingSingleUpdate_SMA(java.lang.String,java.lang.String,org.testng.ITestContext)[pri:3, instance:AASAutomation.test.ProductSettingTest@24c1b2d2]" started-at="2023-04-10T18:21:09 MYT" name="ProductSettingSingleUpdate_SMA" data-provider="RealTimeProductData" finished-at="2023-04-10T18:21:12 MYT" duration-ms="2571" status="PASS">
          <params>
            <param index="0">
              <value>
                <![CDATA[Vegas Lounge]]>
              </value>
            </param>
            <param index="1">
              <value>
                <![CDATA[Active]]>
              </value>
            </param>
            <param index="2">
              <value>
                <![CDATA[org.testng.TestRunner@5527b211]]>
              </value>
            </param>
          </params>
          <reporter-output>
          </reporter-output>
        </test-method> <!-- ProductSettingSingleUpdate_SMA -->
        <test-method signature="ProductSettingSingleUpdate_SMA(java.lang.String,java.lang.String,org.testng.ITestContext)[pri:3, instance:AASAutomation.test.ProductSettingTest@24c1b2d2]" started-at="2023-04-10T18:21:12 MYT" name="ProductSettingSingleUpdate_SMA" data-provider="RealTimeProductData" finished-at="2023-04-10T18:21:14 MYT" duration-ms="2434" status="PASS">
          <params>
            <param index="0">
              <value>
                <![CDATA[Beter]]>
              </value>
            </param>
            <param index="1">
              <value>
                <![CDATA[Active]]>
              </value>
            </param>
            <param index="2">
              <value>
                <![CDATA[org.testng.TestRunner@5527b211]]>
              </value>
            </param>
          </params>
          <reporter-output>
          </reporter-output>
        </test-method> <!-- ProductSettingSingleUpdate_SMA -->
        <test-method signature="ProductSettingSingleUpdate_SMA(java.lang.String,java.lang.String,org.testng.ITestContext)[pri:3, instance:AASAutomation.test.ProductSettingTest@24c1b2d2]" started-at="2023-04-10T18:21:14 MYT" name="ProductSettingSingleUpdate_SMA" data-provider="RealTimeProductData" finished-at="2023-04-10T18:21:16 MYT" duration-ms="1961" status="PASS">
          <params>
            <param index="0">
              <value>
                <![CDATA[Inplay Matrix]]>
              </value>
            </param>
            <param index="1">
              <value>
                <![CDATA[Active]]>
              </value>
            </param>
            <param index="2">
              <value>
                <![CDATA[org.testng.TestRunner@5527b211]]>
              </value>
            </param>
          </params>
          <reporter-output>
          </reporter-output>
        </test-method> <!-- ProductSettingSingleUpdate_SMA -->
        <test-method signature="ProductSettingSingleUpdate_SMA(java.lang.String,java.lang.String,org.testng.ITestContext)[pri:3, instance:AASAutomation.test.ProductSettingTest@24c1b2d2]" started-at="2023-04-10T18:21:16 MYT" name="ProductSettingSingleUpdate_SMA" data-provider="RealTimeProductData" finished-at="2023-04-10T18:21:18 MYT" duration-ms="1921" status="PASS">
          <params>
            <param index="0">
              <value>
                <![CDATA[Kiron]]>
              </value>
            </param>
            <param index="1">
              <value>
                <![CDATA[Active]]>
              </value>
            </param>
            <param index="2">
              <value>
                <![CDATA[org.testng.TestRunner@5527b211]]>
              </value>
            </param>
          </params>
          <reporter-output>
          </reporter-output>
        </test-method> <!-- ProductSettingSingleUpdate_SMA -->
        <test-method signature="ProductSettingSingleUpdate_SMA(java.lang.String,java.lang.String,org.testng.ITestContext)[pri:3, instance:AASAutomation.test.ProductSettingTest@24c1b2d2]" started-at="2023-04-10T18:21:18 MYT" name="ProductSettingSingleUpdate_SMA" data-provider="RealTimeProductData" finished-at="2023-04-10T18:21:20 MYT" duration-ms="2004" status="PASS">
          <params>
            <param index="0">
              <value>
                <![CDATA[Pinnacle]]>
              </value>
            </param>
            <param index="1">
              <value>
                <![CDATA[Active]]>
              </value>
            </param>
            <param index="2">
              <value>
                <![CDATA[org.testng.TestRunner@5527b211]]>
              </value>
            </param>
          </params>
          <reporter-output>
          </reporter-output>
        </test-method> <!-- ProductSettingSingleUpdate_SMA -->
        <test-method signature="ProductSettingSingleUpdate_SMA(java.lang.String,java.lang.String,org.testng.ITestContext)[pri:3, instance:AASAutomation.test.ProductSettingTest@24c1b2d2]" started-at="2023-04-10T18:21:20 MYT" name="ProductSettingSingleUpdate_SMA" data-provider="RealTimeProductData" finished-at="2023-04-10T18:21:22 MYT" duration-ms="2104" status="PASS">
          <params>
            <param index="0">
              <value>
                <![CDATA[Live Betting]]>
              </value>
            </param>
            <param index="1">
              <value>
                <![CDATA[Active]]>
              </value>
            </param>
            <param index="2">
              <value>
                <![CDATA[org.testng.TestRunner@5527b211]]>
              </value>
            </param>
          </params>
          <reporter-output>
          </reporter-output>
        </test-method> <!-- ProductSettingSingleUpdate_SMA -->
        <test-method signature="ProductSettingSingleUpdate_SMA(java.lang.String,java.lang.String,org.testng.ITestContext)[pri:3, instance:AASAutomation.test.ProductSettingTest@24c1b2d2]" started-at="2023-04-10T18:21:22 MYT" name="ProductSettingSingleUpdate_SMA" data-provider="RealTimeProductData" finished-at="2023-04-10T18:21:24 MYT" duration-ms="2324" status="PASS">
          <params>
            <param index="0">
              <value>
                <![CDATA[Slots]]>
              </value>
            </param>
            <param index="1">
              <value>
                <![CDATA[Active]]>
              </value>
            </param>
            <param index="2">
              <value>
                <![CDATA[org.testng.TestRunner@5527b211]]>
              </value>
            </param>
          </params>
          <reporter-output>
          </reporter-output>
        </test-method> <!-- ProductSettingSingleUpdate_SMA -->
        <test-method signature="ProductSettingSingleUpdate_SMA(java.lang.String,java.lang.String,org.testng.ITestContext)[pri:3, instance:AASAutomation.test.ProductSettingTest@24c1b2d2]" started-at="2023-04-10T18:21:24 MYT" name="ProductSettingSingleUpdate_SMA" data-provider="RealTimeProductData" finished-at="2023-04-10T18:21:26 MYT" duration-ms="2125" status="PASS">
          <params>
            <param index="0">
              <value>
                <![CDATA[Playtech & Skywind Slot]]>
              </value>
            </param>
            <param index="1">
              <value>
                <![CDATA[Active]]>
              </value>
            </param>
            <param index="2">
              <value>
                <![CDATA[org.testng.TestRunner@5527b211]]>
              </value>
            </param>
          </params>
          <reporter-output>
          </reporter-output>
        </test-method> <!-- ProductSettingSingleUpdate_SMA -->
        <test-method signature="ProductSettingGroupUpdate_SMA(org.testng.ITestContext)[pri:4, instance:AASAutomation.test.ProductSettingTest@24c1b2d2]" started-at="2023-04-10T18:21:26 MYT" name="ProductSettingGroupUpdate_SMA" finished-at="2023-04-10T18:21:29 MYT" duration-ms="2552" status="PASS">
          <params>
            <param index="0">
              <value>
                <![CDATA[org.testng.TestRunner@5527b211]]>
              </value>
            </param>
          </params>
          <reporter-output>
          </reporter-output>
        </test-method> <!-- ProductSettingGroupUpdate_SMA -->
        <test-method signature="ProductSettingGroupCheck_SMA(java.lang.String,java.lang.String,org.testng.ITestContext)[pri:5, instance:AASAutomation.test.ProductSettingTest@24c1b2d2]" started-at="2023-04-10T18:21:29 MYT" name="ProductSettingGroupCheck_SMA" data-provider="RealTimeProductData" finished-at="2023-04-10T18:21:29 MYT" duration-ms="130" status="PASS">
          <params>
            <param index="0">
              <value>
                <![CDATA[Evolution]]>
              </value>
            </param>
            <param index="1">
              <value>
                <![CDATA[Active]]>
              </value>
            </param>
            <param index="2">
              <value>
                <![CDATA[org.testng.TestRunner@5527b211]]>
              </value>
            </param>
          </params>
          <reporter-output>
          </reporter-output>
        </test-method> <!-- ProductSettingGroupCheck_SMA -->
        <test-method signature="ProductSettingGroupCheck_SMA(java.lang.String,java.lang.String,org.testng.ITestContext)[pri:5, instance:AASAutomation.test.ProductSettingTest@24c1b2d2]" started-at="2023-04-10T18:21:29 MYT" name="ProductSettingGroupCheck_SMA" data-provider="RealTimeProductData" finished-at="2023-04-10T18:21:29 MYT" duration-ms="102" status="PASS">
          <params>
            <param index="0">
              <value>
                <![CDATA[Big Gaming]]>
              </value>
            </param>
            <param index="1">
              <value>
                <![CDATA[Active]]>
              </value>
            </param>
            <param index="2">
              <value>
                <![CDATA[org.testng.TestRunner@5527b211]]>
              </value>
            </param>
          </params>
          <reporter-output>
          </reporter-output>
        </test-method> <!-- ProductSettingGroupCheck_SMA -->
        <test-method signature="ProductSettingGroupCheck_SMA(java.lang.String,java.lang.String,org.testng.ITestContext)[pri:5, instance:AASAutomation.test.ProductSettingTest@24c1b2d2]" started-at="2023-04-10T18:21:29 MYT" name="ProductSettingGroupCheck_SMA" data-provider="RealTimeProductData" finished-at="2023-04-10T18:21:29 MYT" duration-ms="114" status="PASS">
          <params>
            <param index="0">
              <value>
                <![CDATA[Micro Gaming]]>
              </value>
            </param>
            <param index="1">
              <value>
                <![CDATA[Active]]>
              </value>
            </param>
            <param index="2">
              <value>
                <![CDATA[org.testng.TestRunner@5527b211]]>
              </value>
            </param>
          </params>
          <reporter-output>
          </reporter-output>
        </test-method> <!-- ProductSettingGroupCheck_SMA -->
        <test-method signature="ProductSettingGroupCheck_SMA(java.lang.String,java.lang.String,org.testng.ITestContext)[pri:5, instance:AASAutomation.test.ProductSettingTest@24c1b2d2]" started-at="2023-04-10T18:21:29 MYT" name="ProductSettingGroupCheck_SMA" data-provider="RealTimeProductData" finished-at="2023-04-10T18:21:29 MYT" duration-ms="132" status="PASS">
          <params>
            <param index="0">
              <value>
                <![CDATA[Asia Gaming]]>
              </value>
            </param>
            <param index="1">
              <value>
                <![CDATA[Active]]>
              </value>
            </param>
            <param index="2">
              <value>
                <![CDATA[org.testng.TestRunner@5527b211]]>
              </value>
            </param>
          </params>
          <reporter-output>
          </reporter-output>
        </test-method> <!-- ProductSettingGroupCheck_SMA -->
        <test-method signature="ProductSettingGroupCheck_SMA(java.lang.String,java.lang.String,org.testng.ITestContext)[pri:5, instance:AASAutomation.test.ProductSettingTest@24c1b2d2]" started-at="2023-04-10T18:21:29 MYT" name="ProductSettingGroupCheck_SMA" data-provider="RealTimeProductData" finished-at="2023-04-10T18:21:30 MYT" duration-ms="158" status="PASS">
          <params>
            <param index="0">
              <value>
                <![CDATA[Dream Gaming]]>
              </value>
            </param>
            <param index="1">
              <value>
                <![CDATA[Active]]>
              </value>
            </param>
            <param index="2">
              <value>
                <![CDATA[org.testng.TestRunner@5527b211]]>
              </value>
            </param>
          </params>
          <reporter-output>
          </reporter-output>
        </test-method> <!-- ProductSettingGroupCheck_SMA -->
        <test-method signature="ProductSettingGroupCheck_SMA(java.lang.String,java.lang.String,org.testng.ITestContext)[pri:5, instance:AASAutomation.test.ProductSettingTest@24c1b2d2]" started-at="2023-04-10T18:21:30 MYT" name="ProductSettingGroupCheck_SMA" data-provider="RealTimeProductData" finished-at="2023-04-10T18:21:30 MYT" duration-ms="168" status="PASS">
          <params>
            <param index="0">
              <value>
                <![CDATA[Sexy Gaming]]>
              </value>
            </param>
            <param index="1">
              <value>
                <![CDATA[Active]]>
              </value>
            </param>
            <param index="2">
              <value>
                <![CDATA[org.testng.TestRunner@5527b211]]>
              </value>
            </param>
          </params>
          <reporter-output>
          </reporter-output>
        </test-method> <!-- ProductSettingGroupCheck_SMA -->
        <test-method signature="ProductSettingGroupCheck_SMA(java.lang.String,java.lang.String,org.testng.ITestContext)[pri:5, instance:AASAutomation.test.ProductSettingTest@24c1b2d2]" started-at="2023-04-10T18:21:30 MYT" name="ProductSettingGroupCheck_SMA" data-provider="RealTimeProductData" finished-at="2023-04-10T18:21:30 MYT" duration-ms="182" status="PASS">
          <params>
            <param index="0">
              <value>
                <![CDATA[PragmaticPlay]]>
              </value>
            </param>
            <param index="1">
              <value>
                <![CDATA[Active]]>
              </value>
            </param>
            <param index="2">
              <value>
                <![CDATA[org.testng.TestRunner@5527b211]]>
              </value>
            </param>
          </params>
          <reporter-output>
          </reporter-output>
        </test-method> <!-- ProductSettingGroupCheck_SMA -->
        <test-method signature="ProductSettingGroupCheck_SMA(java.lang.String,java.lang.String,org.testng.ITestContext)[pri:5, instance:AASAutomation.test.ProductSettingTest@24c1b2d2]" started-at="2023-04-10T18:21:30 MYT" name="ProductSettingGroupCheck_SMA" data-provider="RealTimeProductData" finished-at="2023-04-10T18:21:30 MYT" duration-ms="189" status="PASS">
          <params>
            <param index="0">
              <value>
                <![CDATA[Playtech]]>
              </value>
            </param>
            <param index="1">
              <value>
                <![CDATA[Active]]>
              </value>
            </param>
            <param index="2">
              <value>
                <![CDATA[org.testng.TestRunner@5527b211]]>
              </value>
            </param>
          </params>
          <reporter-output>
          </reporter-output>
        </test-method> <!-- ProductSettingGroupCheck_SMA -->
        <test-method signature="ProductSettingGroupCheck_SMA(java.lang.String,java.lang.String,org.testng.ITestContext)[pri:5, instance:AASAutomation.test.ProductSettingTest@24c1b2d2]" started-at="2023-04-10T18:21:30 MYT" name="ProductSettingGroupCheck_SMA" data-provider="RealTimeProductData" finished-at="2023-04-10T18:21:30 MYT" duration-ms="197" status="PASS">
          <params>
            <param index="0">
              <value>
                <![CDATA[TVBet]]>
              </value>
            </param>
            <param index="1">
              <value>
                <![CDATA[Active]]>
              </value>
            </param>
            <param index="2">
              <value>
                <![CDATA[org.testng.TestRunner@5527b211]]>
              </value>
            </param>
          </params>
          <reporter-output>
          </reporter-output>
        </test-method> <!-- ProductSettingGroupCheck_SMA -->
        <test-method signature="ProductSettingGroupCheck_SMA(java.lang.String,java.lang.String,org.testng.ITestContext)[pri:5, instance:AASAutomation.test.ProductSettingTest@24c1b2d2]" started-at="2023-04-10T18:21:30 MYT" name="ProductSettingGroupCheck_SMA" data-provider="RealTimeProductData" finished-at="2023-04-10T18:21:31 MYT" duration-ms="213" status="PASS">
          <params>
            <param index="0">
              <value>
                <![CDATA[RCG]]>
              </value>
            </param>
            <param index="1">
              <value>
                <![CDATA[Active]]>
              </value>
            </param>
            <param index="2">
              <value>
                <![CDATA[org.testng.TestRunner@5527b211]]>
              </value>
            </param>
          </params>
          <reporter-output>
          </reporter-output>
        </test-method> <!-- ProductSettingGroupCheck_SMA -->
        <test-method signature="ProductSettingGroupCheck_SMA(java.lang.String,java.lang.String,org.testng.ITestContext)[pri:5, instance:AASAutomation.test.ProductSettingTest@24c1b2d2]" started-at="2023-04-10T18:21:31 MYT" name="ProductSettingGroupCheck_SMA" data-provider="RealTimeProductData" finished-at="2023-04-10T18:21:31 MYT" duration-ms="229" status="PASS">
          <params>
            <param index="0">
              <value>
                <![CDATA[Ezugi]]>
              </value>
            </param>
            <param index="1">
              <value>
                <![CDATA[Active]]>
              </value>
            </param>
            <param index="2">
              <value>
                <![CDATA[org.testng.TestRunner@5527b211]]>
              </value>
            </param>
          </params>
          <reporter-output>
          </reporter-output>
        </test-method> <!-- ProductSettingGroupCheck_SMA -->
        <test-method signature="ProductSettingGroupCheck_SMA(java.lang.String,java.lang.String,org.testng.ITestContext)[pri:5, instance:AASAutomation.test.ProductSettingTest@24c1b2d2]" started-at="2023-04-10T18:21:31 MYT" name="ProductSettingGroupCheck_SMA" data-provider="RealTimeProductData" finished-at="2023-04-10T18:21:31 MYT" duration-ms="264" status="PASS">
          <params>
            <param index="0">
              <value>
                <![CDATA[Bota]]>
              </value>
            </param>
            <param index="1">
              <value>
                <![CDATA[Active]]>
              </value>
            </param>
            <param index="2">
              <value>
                <![CDATA[org.testng.TestRunner@5527b211]]>
              </value>
            </param>
          </params>
          <reporter-output>
          </reporter-output>
        </test-method> <!-- ProductSettingGroupCheck_SMA -->
        <test-method signature="ProductSettingGroupCheck_SMA(java.lang.String,java.lang.String,org.testng.ITestContext)[pri:5, instance:AASAutomation.test.ProductSettingTest@24c1b2d2]" started-at="2023-04-10T18:21:31 MYT" name="ProductSettingGroupCheck_SMA" data-provider="RealTimeProductData" finished-at="2023-04-10T18:21:31 MYT" duration-ms="272" status="PASS">
          <params>
            <param index="0">
              <value>
                <![CDATA[Skywind]]>
              </value>
            </param>
            <param index="1">
              <value>
                <![CDATA[Active]]>
              </value>
            </param>
            <param index="2">
              <value>
                <![CDATA[org.testng.TestRunner@5527b211]]>
              </value>
            </param>
          </params>
          <reporter-output>
          </reporter-output>
        </test-method> <!-- ProductSettingGroupCheck_SMA -->
        <test-method signature="ProductSettingGroupCheck_SMA(java.lang.String,java.lang.String,org.testng.ITestContext)[pri:5, instance:AASAutomation.test.ProductSettingTest@24c1b2d2]" started-at="2023-04-10T18:21:31 MYT" name="ProductSettingGroupCheck_SMA" data-provider="RealTimeProductData" finished-at="2023-04-10T18:21:32 MYT" duration-ms="288" status="PASS">
          <params>
            <param index="0">
              <value>
                <![CDATA[UIG Casino]]>
              </value>
            </param>
            <param index="1">
              <value>
                <![CDATA[Active]]>
              </value>
            </param>
            <param index="2">
              <value>
                <![CDATA[org.testng.TestRunner@5527b211]]>
              </value>
            </param>
          </params>
          <reporter-output>
          </reporter-output>
        </test-method> <!-- ProductSettingGroupCheck_SMA -->
        <test-method signature="ProductSettingGroupCheck_SMA(java.lang.String,java.lang.String,org.testng.ITestContext)[pri:5, instance:AASAutomation.test.ProductSettingTest@24c1b2d2]" started-at="2023-04-10T18:21:32 MYT" name="ProductSettingGroupCheck_SMA" data-provider="RealTimeProductData" finished-at="2023-04-10T18:21:32 MYT" duration-ms="293" status="PASS">
          <params>
            <param index="0">
              <value>
                <![CDATA[Motivation]]>
              </value>
            </param>
            <param index="1">
              <value>
                <![CDATA[Active]]>
              </value>
            </param>
            <param index="2">
              <value>
                <![CDATA[org.testng.TestRunner@5527b211]]>
              </value>
            </param>
          </params>
          <reporter-output>
          </reporter-output>
        </test-method> <!-- ProductSettingGroupCheck_SMA -->
        <test-method signature="ProductSettingGroupCheck_SMA(java.lang.String,java.lang.String,org.testng.ITestContext)[pri:5, instance:AASAutomation.test.ProductSettingTest@24c1b2d2]" started-at="2023-04-10T18:21:32 MYT" name="ProductSettingGroupCheck_SMA" data-provider="RealTimeProductData" finished-at="2023-04-10T18:21:32 MYT" duration-ms="314" status="PASS">
          <params>
            <param index="0">
              <value>
                <![CDATA[DoWin]]>
              </value>
            </param>
            <param index="1">
              <value>
                <![CDATA[Active]]>
              </value>
            </param>
            <param index="2">
              <value>
                <![CDATA[org.testng.TestRunner@5527b211]]>
              </value>
            </param>
          </params>
          <reporter-output>
          </reporter-output>
        </test-method> <!-- ProductSettingGroupCheck_SMA -->
        <test-method signature="ProductSettingGroupCheck_SMA(java.lang.String,java.lang.String,org.testng.ITestContext)[pri:5, instance:AASAutomation.test.ProductSettingTest@24c1b2d2]" started-at="2023-04-10T18:21:32 MYT" name="ProductSettingGroupCheck_SMA" data-provider="RealTimeProductData" finished-at="2023-04-10T18:21:33 MYT" duration-ms="345" status="PASS">
          <params>
            <param index="0">
              <value>
                <![CDATA[Oriental Gaming]]>
              </value>
            </param>
            <param index="1">
              <value>
                <![CDATA[Active]]>
              </value>
            </param>
            <param index="2">
              <value>
                <![CDATA[org.testng.TestRunner@5527b211]]>
              </value>
            </param>
          </params>
          <reporter-output>
          </reporter-output>
        </test-method> <!-- ProductSettingGroupCheck_SMA -->
        <test-method signature="ProductSettingGroupCheck_SMA(java.lang.String,java.lang.String,org.testng.ITestContext)[pri:5, instance:AASAutomation.test.ProductSettingTest@24c1b2d2]" started-at="2023-04-10T18:21:33 MYT" name="ProductSettingGroupCheck_SMA" data-provider="RealTimeProductData" finished-at="2023-04-10T18:21:33 MYT" duration-ms="366" status="PASS">
          <params>
            <param index="0">
              <value>
                <![CDATA[Taishan]]>
              </value>
            </param>
            <param index="1">
              <value>
                <![CDATA[Active]]>
              </value>
            </param>
            <param index="2">
              <value>
                <![CDATA[org.testng.TestRunner@5527b211]]>
              </value>
            </param>
          </params>
          <reporter-output>
          </reporter-output>
        </test-method> <!-- ProductSettingGroupCheck_SMA -->
        <test-method signature="ProductSettingGroupCheck_SMA(java.lang.String,java.lang.String,org.testng.ITestContext)[pri:5, instance:AASAutomation.test.ProductSettingTest@24c1b2d2]" started-at="2023-04-10T18:21:33 MYT" name="ProductSettingGroupCheck_SMA" data-provider="RealTimeProductData" finished-at="2023-04-10T18:21:33 MYT" duration-ms="382" status="PASS">
          <params>
            <param index="0">
              <value>
                <![CDATA[Vegas Lounge]]>
              </value>
            </param>
            <param index="1">
              <value>
                <![CDATA[Active]]>
              </value>
            </param>
            <param index="2">
              <value>
                <![CDATA[org.testng.TestRunner@5527b211]]>
              </value>
            </param>
          </params>
          <reporter-output>
          </reporter-output>
        </test-method> <!-- ProductSettingGroupCheck_SMA -->
        <test-method signature="ProductSettingGroupCheck_SMA(java.lang.String,java.lang.String,org.testng.ITestContext)[pri:5, instance:AASAutomation.test.ProductSettingTest@24c1b2d2]" started-at="2023-04-10T18:21:33 MYT" name="ProductSettingGroupCheck_SMA" data-provider="RealTimeProductData" finished-at="2023-04-10T18:21:34 MYT" duration-ms="350" status="PASS">
          <params>
            <param index="0">
              <value>
                <![CDATA[Beter]]>
              </value>
            </param>
            <param index="1">
              <value>
                <![CDATA[Active]]>
              </value>
            </param>
            <param index="2">
              <value>
                <![CDATA[org.testng.TestRunner@5527b211]]>
              </value>
            </param>
          </params>
          <reporter-output>
          </reporter-output>
        </test-method> <!-- ProductSettingGroupCheck_SMA -->
        <test-method signature="ProductSettingGroupCheck_SMA(java.lang.String,java.lang.String,org.testng.ITestContext)[pri:5, instance:AASAutomation.test.ProductSettingTest@24c1b2d2]" started-at="2023-04-10T18:21:34 MYT" name="ProductSettingGroupCheck_SMA" data-provider="RealTimeProductData" finished-at="2023-04-10T18:21:34 MYT" duration-ms="358" status="PASS">
          <params>
            <param index="0">
              <value>
                <![CDATA[Inplay Matrix]]>
              </value>
            </param>
            <param index="1">
              <value>
                <![CDATA[Active]]>
              </value>
            </param>
            <param index="2">
              <value>
                <![CDATA[org.testng.TestRunner@5527b211]]>
              </value>
            </param>
          </params>
          <reporter-output>
          </reporter-output>
        </test-method> <!-- ProductSettingGroupCheck_SMA -->
        <test-method signature="ProductSettingGroupCheck_SMA(java.lang.String,java.lang.String,org.testng.ITestContext)[pri:5, instance:AASAutomation.test.ProductSettingTest@24c1b2d2]" started-at="2023-04-10T18:21:34 MYT" name="ProductSettingGroupCheck_SMA" data-provider="RealTimeProductData" finished-at="2023-04-10T18:21:34 MYT" duration-ms="371" status="PASS">
          <params>
            <param index="0">
              <value>
                <![CDATA[Kiron]]>
              </value>
            </param>
            <param index="1">
              <value>
                <![CDATA[Active]]>
              </value>
            </param>
            <param index="2">
              <value>
                <![CDATA[org.testng.TestRunner@5527b211]]>
              </value>
            </param>
          </params>
          <reporter-output>
          </reporter-output>
        </test-method> <!-- ProductSettingGroupCheck_SMA -->
        <test-method signature="ProductSettingGroupCheck_SMA(java.lang.String,java.lang.String,org.testng.ITestContext)[pri:5, instance:AASAutomation.test.ProductSettingTest@24c1b2d2]" started-at="2023-04-10T18:21:34 MYT" name="ProductSettingGroupCheck_SMA" data-provider="RealTimeProductData" finished-at="2023-04-10T18:21:35 MYT" duration-ms="405" status="PASS">
          <params>
            <param index="0">
              <value>
                <![CDATA[Pinnacle]]>
              </value>
            </param>
            <param index="1">
              <value>
                <![CDATA[Active]]>
              </value>
            </param>
            <param index="2">
              <value>
                <![CDATA[org.testng.TestRunner@5527b211]]>
              </value>
            </param>
          </params>
          <reporter-output>
          </reporter-output>
        </test-method> <!-- ProductSettingGroupCheck_SMA -->
        <test-method signature="ProductSettingGroupCheck_SMA(java.lang.String,java.lang.String,org.testng.ITestContext)[pri:5, instance:AASAutomation.test.ProductSettingTest@24c1b2d2]" started-at="2023-04-10T18:21:35 MYT" name="ProductSettingGroupCheck_SMA" data-provider="RealTimeProductData" finished-at="2023-04-10T18:21:35 MYT" duration-ms="426" status="PASS">
          <params>
            <param index="0">
              <value>
                <![CDATA[Live Betting]]>
              </value>
            </param>
            <param index="1">
              <value>
                <![CDATA[Active]]>
              </value>
            </param>
            <param index="2">
              <value>
                <![CDATA[org.testng.TestRunner@5527b211]]>
              </value>
            </param>
          </params>
          <reporter-output>
          </reporter-output>
        </test-method> <!-- ProductSettingGroupCheck_SMA -->
        <test-method signature="ProductSettingGroupCheck_SMA(java.lang.String,java.lang.String,org.testng.ITestContext)[pri:5, instance:AASAutomation.test.ProductSettingTest@24c1b2d2]" started-at="2023-04-10T18:21:35 MYT" name="ProductSettingGroupCheck_SMA" data-provider="RealTimeProductData" finished-at="2023-04-10T18:21:36 MYT" duration-ms="406" status="PASS">
          <params>
            <param index="0">
              <value>
                <![CDATA[Slots]]>
              </value>
            </param>
            <param index="1">
              <value>
                <![CDATA[Active]]>
              </value>
            </param>
            <param index="2">
              <value>
                <![CDATA[org.testng.TestRunner@5527b211]]>
              </value>
            </param>
          </params>
          <reporter-output>
          </reporter-output>
        </test-method> <!-- ProductSettingGroupCheck_SMA -->
        <test-method signature="ProductSettingGroupCheck_SMA(java.lang.String,java.lang.String,org.testng.ITestContext)[pri:5, instance:AASAutomation.test.ProductSettingTest@24c1b2d2]" started-at="2023-04-10T18:21:36 MYT" name="ProductSettingGroupCheck_SMA" data-provider="RealTimeProductData" finished-at="2023-04-10T18:21:36 MYT" duration-ms="440" status="PASS">
          <params>
            <param index="0">
              <value>
                <![CDATA[Playtech & Skywind Slot]]>
              </value>
            </param>
            <param index="1">
              <value>
                <![CDATA[Active]]>
              </value>
            </param>
            <param index="2">
              <value>
                <![CDATA[org.testng.TestRunner@5527b211]]>
              </value>
            </param>
          </params>
          <reporter-output>
          </reporter-output>
        </test-method> <!-- ProductSettingGroupCheck_SMA -->
        <test-method signature="ProceedToMA(org.testng.ITestContext)[pri:6, instance:AASAutomation.test.ProductSettingTest@24c1b2d2]" started-at="2023-04-10T18:21:36 MYT" name="ProceedToMA" finished-at="2023-04-10T18:21:43 MYT" duration-ms="7363" status="PASS">
          <params>
            <param index="0">
              <value>
                <![CDATA[org.testng.TestRunner@5527b211]]>
              </value>
            </param>
          </params>
          <reporter-output>
          </reporter-output>
        </test-method> <!-- ProceedToMA -->
        <test-method signature="SectionSetUpMA(org.testng.ITestContext)[pri:7, instance:AASAutomation.test.ProductSettingTest@24c1b2d2]" started-at="2023-04-10T18:21:43 MYT" name="SectionSetUpMA" finished-at="2023-04-10T18:21:44 MYT" duration-ms="959" status="PASS">
          <params>
            <param index="0">
              <value>
                <![CDATA[org.testng.TestRunner@5527b211]]>
              </value>
            </param>
          </params>
          <reporter-output>
          </reporter-output>
        </test-method> <!-- SectionSetUpMA -->
        <test-method signature="ProductSettingSingleUpdate_MA(java.lang.String,java.lang.String,org.testng.ITestContext)[pri:8, instance:AASAutomation.test.ProductSettingTest@24c1b2d2]" started-at="2023-04-10T18:21:44 MYT" name="ProductSettingSingleUpdate_MA" data-provider="RealTimeProductData" finished-at="2023-04-10T18:21:46 MYT" duration-ms="1495" status="PASS">
          <params>
            <param index="0">
              <value>
                <![CDATA[Evolution]]>
              </value>
            </param>
            <param index="1">
              <value>
                <![CDATA[Disabled]]>
              </value>
            </param>
            <param index="2">
              <value>
                <![CDATA[org.testng.TestRunner@5527b211]]>
              </value>
            </param>
          </params>
          <reporter-output>
          </reporter-output>
        </test-method> <!-- ProductSettingSingleUpdate_MA -->
        <test-method signature="ProductSettingSingleUpdate_MA(java.lang.String,java.lang.String,org.testng.ITestContext)[pri:8, instance:AASAutomation.test.ProductSettingTest@24c1b2d2]" started-at="2023-04-10T18:21:46 MYT" name="ProductSettingSingleUpdate_MA" data-provider="RealTimeProductData" finished-at="2023-04-10T18:21:47 MYT" duration-ms="1470" status="PASS">
          <params>
            <param index="0">
              <value>
                <![CDATA[Big Gaming]]>
              </value>
            </param>
            <param index="1">
              <value>
                <![CDATA[Disabled]]>
              </value>
            </param>
            <param index="2">
              <value>
                <![CDATA[org.testng.TestRunner@5527b211]]>
              </value>
            </param>
          </params>
          <reporter-output>
          </reporter-output>
        </test-method> <!-- ProductSettingSingleUpdate_MA -->
        <test-method signature="ProductSettingSingleUpdate_MA(java.lang.String,java.lang.String,org.testng.ITestContext)[pri:8, instance:AASAutomation.test.ProductSettingTest@24c1b2d2]" started-at="2023-04-10T18:21:47 MYT" name="ProductSettingSingleUpdate_MA" data-provider="RealTimeProductData" finished-at="2023-04-10T18:21:49 MYT" duration-ms="1443" status="PASS">
          <params>
            <param index="0">
              <value>
                <![CDATA[Micro Gaming]]>
              </value>
            </param>
            <param index="1">
              <value>
                <![CDATA[Disabled]]>
              </value>
            </param>
            <param index="2">
              <value>
                <![CDATA[org.testng.TestRunner@5527b211]]>
              </value>
            </param>
          </params>
          <reporter-output>
          </reporter-output>
        </test-method> <!-- ProductSettingSingleUpdate_MA -->
        <test-method signature="ProductSettingSingleUpdate_MA(java.lang.String,java.lang.String,org.testng.ITestContext)[pri:8, instance:AASAutomation.test.ProductSettingTest@24c1b2d2]" started-at="2023-04-10T18:21:49 MYT" name="ProductSettingSingleUpdate_MA" data-provider="RealTimeProductData" finished-at="2023-04-10T18:21:50 MYT" duration-ms="1511" status="PASS">
          <params>
            <param index="0">
              <value>
                <![CDATA[Asia Gaming]]>
              </value>
            </param>
            <param index="1">
              <value>
                <![CDATA[Disabled]]>
              </value>
            </param>
            <param index="2">
              <value>
                <![CDATA[org.testng.TestRunner@5527b211]]>
              </value>
            </param>
          </params>
          <reporter-output>
          </reporter-output>
        </test-method> <!-- ProductSettingSingleUpdate_MA -->
        <test-method signature="ProductSettingSingleUpdate_MA(java.lang.String,java.lang.String,org.testng.ITestContext)[pri:8, instance:AASAutomation.test.ProductSettingTest@24c1b2d2]" started-at="2023-04-10T18:21:50 MYT" name="ProductSettingSingleUpdate_MA" data-provider="RealTimeProductData" finished-at="2023-04-10T18:21:52 MYT" duration-ms="1582" status="PASS">
          <params>
            <param index="0">
              <value>
                <![CDATA[Dream Gaming]]>
              </value>
            </param>
            <param index="1">
              <value>
                <![CDATA[Disabled]]>
              </value>
            </param>
            <param index="2">
              <value>
                <![CDATA[org.testng.TestRunner@5527b211]]>
              </value>
            </param>
          </params>
          <reporter-output>
          </reporter-output>
        </test-method> <!-- ProductSettingSingleUpdate_MA -->
        <test-method signature="ProductSettingSingleUpdate_MA(java.lang.String,java.lang.String,org.testng.ITestContext)[pri:8, instance:AASAutomation.test.ProductSettingTest@24c1b2d2]" started-at="2023-04-10T18:21:52 MYT" name="ProductSettingSingleUpdate_MA" data-provider="RealTimeProductData" finished-at="2023-04-10T18:21:53 MYT" duration-ms="1554" status="PASS">
          <params>
            <param index="0">
              <value>
                <![CDATA[Sexy Gaming]]>
              </value>
            </param>
            <param index="1">
              <value>
                <![CDATA[Disabled]]>
              </value>
            </param>
            <param index="2">
              <value>
                <![CDATA[org.testng.TestRunner@5527b211]]>
              </value>
            </param>
          </params>
          <reporter-output>
          </reporter-output>
        </test-method> <!-- ProductSettingSingleUpdate_MA -->
        <test-method signature="ProductSettingSingleUpdate_MA(java.lang.String,java.lang.String,org.testng.ITestContext)[pri:8, instance:AASAutomation.test.ProductSettingTest@24c1b2d2]" started-at="2023-04-10T18:21:53 MYT" name="ProductSettingSingleUpdate_MA" data-provider="RealTimeProductData" finished-at="2023-04-10T18:21:55 MYT" duration-ms="1636" status="PASS">
          <params>
            <param index="0">
              <value>
                <![CDATA[PragmaticPlay]]>
              </value>
            </param>
            <param index="1">
              <value>
                <![CDATA[Disabled]]>
              </value>
            </param>
            <param index="2">
              <value>
                <![CDATA[org.testng.TestRunner@5527b211]]>
              </value>
            </param>
          </params>
          <reporter-output>
          </reporter-output>
        </test-method> <!-- ProductSettingSingleUpdate_MA -->
        <test-method signature="ProductSettingSingleUpdate_MA(java.lang.String,java.lang.String,org.testng.ITestContext)[pri:8, instance:AASAutomation.test.ProductSettingTest@24c1b2d2]" started-at="2023-04-10T18:21:55 MYT" name="ProductSettingSingleUpdate_MA" data-provider="RealTimeProductData" finished-at="2023-04-10T18:21:57 MYT" duration-ms="1591" status="PASS">
          <params>
            <param index="0">
              <value>
                <![CDATA[Playtech]]>
              </value>
            </param>
            <param index="1">
              <value>
                <![CDATA[Disabled]]>
              </value>
            </param>
            <param index="2">
              <value>
                <![CDATA[org.testng.TestRunner@5527b211]]>
              </value>
            </param>
          </params>
          <reporter-output>
          </reporter-output>
        </test-method> <!-- ProductSettingSingleUpdate_MA -->
        <test-method signature="ProductSettingSingleUpdate_MA(java.lang.String,java.lang.String,org.testng.ITestContext)[pri:8, instance:AASAutomation.test.ProductSettingTest@24c1b2d2]" started-at="2023-04-10T18:21:57 MYT" name="ProductSettingSingleUpdate_MA" data-provider="RealTimeProductData" finished-at="2023-04-10T18:21:58 MYT" duration-ms="1571" status="PASS">
          <params>
            <param index="0">
              <value>
                <![CDATA[TVBet]]>
              </value>
            </param>
            <param index="1">
              <value>
                <![CDATA[Disabled]]>
              </value>
            </param>
            <param index="2">
              <value>
                <![CDATA[org.testng.TestRunner@5527b211]]>
              </value>
            </param>
          </params>
          <reporter-output>
          </reporter-output>
        </test-method> <!-- ProductSettingSingleUpdate_MA -->
        <test-method signature="ProductSettingSingleUpdate_MA(java.lang.String,java.lang.String,org.testng.ITestContext)[pri:8, instance:AASAutomation.test.ProductSettingTest@24c1b2d2]" started-at="2023-04-10T18:21:58 MYT" name="ProductSettingSingleUpdate_MA" data-provider="RealTimeProductData" finished-at="2023-04-10T18:22:00 MYT" duration-ms="1667" status="PASS">
          <params>
            <param index="0">
              <value>
                <![CDATA[RCG]]>
              </value>
            </param>
            <param index="1">
              <value>
                <![CDATA[Disabled]]>
              </value>
            </param>
            <param index="2">
              <value>
                <![CDATA[org.testng.TestRunner@5527b211]]>
              </value>
            </param>
          </params>
          <reporter-output>
          </reporter-output>
        </test-method> <!-- ProductSettingSingleUpdate_MA -->
        <test-method signature="ProductSettingSingleUpdate_MA(java.lang.String,java.lang.String,org.testng.ITestContext)[pri:8, instance:AASAutomation.test.ProductSettingTest@24c1b2d2]" started-at="2023-04-10T18:22:00 MYT" name="ProductSettingSingleUpdate_MA" data-provider="RealTimeProductData" finished-at="2023-04-10T18:22:02 MYT" duration-ms="1731" status="PASS">
          <params>
            <param index="0">
              <value>
                <![CDATA[Ezugi]]>
              </value>
            </param>
            <param index="1">
              <value>
                <![CDATA[Disabled]]>
              </value>
            </param>
            <param index="2">
              <value>
                <![CDATA[org.testng.TestRunner@5527b211]]>
              </value>
            </param>
          </params>
          <reporter-output>
          </reporter-output>
        </test-method> <!-- ProductSettingSingleUpdate_MA -->
        <test-method signature="ProductSettingSingleUpdate_MA(java.lang.String,java.lang.String,org.testng.ITestContext)[pri:8, instance:AASAutomation.test.ProductSettingTest@24c1b2d2]" started-at="2023-04-10T18:22:02 MYT" name="ProductSettingSingleUpdate_MA" data-provider="RealTimeProductData" finished-at="2023-04-10T18:22:10 MYT" duration-ms="7885" status="PASS">
          <params>
            <param index="0">
              <value>
                <![CDATA[Bota]]>
              </value>
            </param>
            <param index="1">
              <value>
                <![CDATA[Disabled]]>
              </value>
            </param>
            <param index="2">
              <value>
                <![CDATA[org.testng.TestRunner@5527b211]]>
              </value>
            </param>
          </params>
          <reporter-output>
          </reporter-output>
        </test-method> <!-- ProductSettingSingleUpdate_MA -->
        <test-method signature="ProductSettingSingleUpdate_MA(java.lang.String,java.lang.String,org.testng.ITestContext)[pri:8, instance:AASAutomation.test.ProductSettingTest@24c1b2d2]" started-at="2023-04-10T18:22:10 MYT" name="ProductSettingSingleUpdate_MA" data-provider="RealTimeProductData" finished-at="2023-04-10T18:22:12 MYT" duration-ms="1998" status="PASS">
          <params>
            <param index="0">
              <value>
                <![CDATA[Skywind]]>
              </value>
            </param>
            <param index="1">
              <value>
                <![CDATA[Disabled]]>
              </value>
            </param>
            <param index="2">
              <value>
                <![CDATA[org.testng.TestRunner@5527b211]]>
              </value>
            </param>
          </params>
          <reporter-output>
          </reporter-output>
        </test-method> <!-- ProductSettingSingleUpdate_MA -->
        <test-method signature="ProductSettingSingleUpdate_MA(java.lang.String,java.lang.String,org.testng.ITestContext)[pri:8, instance:AASAutomation.test.ProductSettingTest@24c1b2d2]" started-at="2023-04-10T18:22:12 MYT" name="ProductSettingSingleUpdate_MA" data-provider="RealTimeProductData" finished-at="2023-04-10T18:22:14 MYT" duration-ms="2054" status="PASS">
          <params>
            <param index="0">
              <value>
                <![CDATA[UIG Casino]]>
              </value>
            </param>
            <param index="1">
              <value>
                <![CDATA[Disabled]]>
              </value>
            </param>
            <param index="2">
              <value>
                <![CDATA[org.testng.TestRunner@5527b211]]>
              </value>
            </param>
          </params>
          <reporter-output>
          </reporter-output>
        </test-method> <!-- ProductSettingSingleUpdate_MA -->
        <test-method signature="ProductSettingSingleUpdate_MA(java.lang.String,java.lang.String,org.testng.ITestContext)[pri:8, instance:AASAutomation.test.ProductSettingTest@24c1b2d2]" started-at="2023-04-10T18:22:14 MYT" name="ProductSettingSingleUpdate_MA" data-provider="RealTimeProductData" finished-at="2023-04-10T18:22:15 MYT" duration-ms="1785" status="PASS">
          <params>
            <param index="0">
              <value>
                <![CDATA[Motivation]]>
              </value>
            </param>
            <param index="1">
              <value>
                <![CDATA[Disabled]]>
              </value>
            </param>
            <param index="2">
              <value>
                <![CDATA[org.testng.TestRunner@5527b211]]>
              </value>
            </param>
          </params>
          <reporter-output>
          </reporter-output>
        </test-method> <!-- ProductSettingSingleUpdate_MA -->
        <test-method signature="ProductSettingSingleUpdate_MA(java.lang.String,java.lang.String,org.testng.ITestContext)[pri:8, instance:AASAutomation.test.ProductSettingTest@24c1b2d2]" started-at="2023-04-10T18:22:15 MYT" name="ProductSettingSingleUpdate_MA" data-provider="RealTimeProductData" finished-at="2023-04-10T18:22:17 MYT" duration-ms="1971" status="PASS">
          <params>
            <param index="0">
              <value>
                <![CDATA[DoWin]]>
              </value>
            </param>
            <param index="1">
              <value>
                <![CDATA[Disabled]]>
              </value>
            </param>
            <param index="2">
              <value>
                <![CDATA[org.testng.TestRunner@5527b211]]>
              </value>
            </param>
          </params>
          <reporter-output>
          </reporter-output>
        </test-method> <!-- ProductSettingSingleUpdate_MA -->
        <test-method signature="ProductSettingSingleUpdate_MA(java.lang.String,java.lang.String,org.testng.ITestContext)[pri:8, instance:AASAutomation.test.ProductSettingTest@24c1b2d2]" started-at="2023-04-10T18:22:17 MYT" name="ProductSettingSingleUpdate_MA" data-provider="RealTimeProductData" finished-at="2023-04-10T18:22:19 MYT" duration-ms="1881" status="PASS">
          <params>
            <param index="0">
              <value>
                <![CDATA[Oriental Gaming]]>
              </value>
            </param>
            <param index="1">
              <value>
                <![CDATA[Disabled]]>
              </value>
            </param>
            <param index="2">
              <value>
                <![CDATA[org.testng.TestRunner@5527b211]]>
              </value>
            </param>
          </params>
          <reporter-output>
          </reporter-output>
        </test-method> <!-- ProductSettingSingleUpdate_MA -->
        <test-method signature="ProductSettingSingleUpdate_MA(java.lang.String,java.lang.String,org.testng.ITestContext)[pri:8, instance:AASAutomation.test.ProductSettingTest@24c1b2d2]" started-at="2023-04-10T18:22:19 MYT" name="ProductSettingSingleUpdate_MA" data-provider="RealTimeProductData" finished-at="2023-04-10T18:22:21 MYT" duration-ms="1946" status="PASS">
          <params>
            <param index="0">
              <value>
                <![CDATA[Taishan]]>
              </value>
            </param>
            <param index="1">
              <value>
                <![CDATA[Disabled]]>
              </value>
            </param>
            <param index="2">
              <value>
                <![CDATA[org.testng.TestRunner@5527b211]]>
              </value>
            </param>
          </params>
          <reporter-output>
          </reporter-output>
        </test-method> <!-- ProductSettingSingleUpdate_MA -->
        <test-method signature="ProductSettingSingleUpdate_MA(java.lang.String,java.lang.String,org.testng.ITestContext)[pri:8, instance:AASAutomation.test.ProductSettingTest@24c1b2d2]" started-at="2023-04-10T18:22:21 MYT" name="ProductSettingSingleUpdate_MA" data-provider="RealTimeProductData" finished-at="2023-04-10T18:22:23 MYT" duration-ms="1819" status="PASS">
          <params>
            <param index="0">
              <value>
                <![CDATA[Vegas Lounge]]>
              </value>
            </param>
            <param index="1">
              <value>
                <![CDATA[Disabled]]>
              </value>
            </param>
            <param index="2">
              <value>
                <![CDATA[org.testng.TestRunner@5527b211]]>
              </value>
            </param>
          </params>
          <reporter-output>
          </reporter-output>
        </test-method> <!-- ProductSettingSingleUpdate_MA -->
        <test-method signature="ProductSettingSingleUpdate_MA(java.lang.String,java.lang.String,org.testng.ITestContext)[pri:8, instance:AASAutomation.test.ProductSettingTest@24c1b2d2]" started-at="2023-04-10T18:22:23 MYT" name="ProductSettingSingleUpdate_MA" data-provider="RealTimeProductData" finished-at="2023-04-10T18:22:25 MYT" duration-ms="1829" status="PASS">
          <params>
            <param index="0">
              <value>
                <![CDATA[Beter]]>
              </value>
            </param>
            <param index="1">
              <value>
                <![CDATA[Disabled]]>
              </value>
            </param>
            <param index="2">
              <value>
                <![CDATA[org.testng.TestRunner@5527b211]]>
              </value>
            </param>
          </params>
          <reporter-output>
          </reporter-output>
        </test-method> <!-- ProductSettingSingleUpdate_MA -->
        <test-method signature="ProductSettingSingleUpdate_MA(java.lang.String,java.lang.String,org.testng.ITestContext)[pri:8, instance:AASAutomation.test.ProductSettingTest@24c1b2d2]" started-at="2023-04-10T18:22:25 MYT" name="ProductSettingSingleUpdate_MA" data-provider="RealTimeProductData" finished-at="2023-04-10T18:22:27 MYT" duration-ms="2023" status="PASS">
          <params>
            <param index="0">
              <value>
                <![CDATA[Inplay Matrix]]>
              </value>
            </param>
            <param index="1">
              <value>
                <![CDATA[Disabled]]>
              </value>
            </param>
            <param index="2">
              <value>
                <![CDATA[org.testng.TestRunner@5527b211]]>
              </value>
            </param>
          </params>
          <reporter-output>
          </reporter-output>
        </test-method> <!-- ProductSettingSingleUpdate_MA -->
        <test-method signature="ProductSettingSingleUpdate_MA(java.lang.String,java.lang.String,org.testng.ITestContext)[pri:8, instance:AASAutomation.test.ProductSettingTest@24c1b2d2]" started-at="2023-04-10T18:22:27 MYT" name="ProductSettingSingleUpdate_MA" data-provider="RealTimeProductData" finished-at="2023-04-10T18:22:29 MYT" duration-ms="1914" status="PASS">
          <params>
            <param index="0">
              <value>
                <![CDATA[Kiron]]>
              </value>
            </param>
            <param index="1">
              <value>
                <![CDATA[Disabled]]>
              </value>
            </param>
            <param index="2">
              <value>
                <![CDATA[org.testng.TestRunner@5527b211]]>
              </value>
            </param>
          </params>
          <reporter-output>
          </reporter-output>
        </test-method> <!-- ProductSettingSingleUpdate_MA -->
        <test-method signature="ProductSettingSingleUpdate_MA(java.lang.String,java.lang.String,org.testng.ITestContext)[pri:8, instance:AASAutomation.test.ProductSettingTest@24c1b2d2]" started-at="2023-04-10T18:22:29 MYT" name="ProductSettingSingleUpdate_MA" data-provider="RealTimeProductData" finished-at="2023-04-10T18:22:31 MYT" duration-ms="1967" status="PASS">
          <params>
            <param index="0">
              <value>
                <![CDATA[Pinnacle]]>
              </value>
            </param>
            <param index="1">
              <value>
                <![CDATA[Disabled]]>
              </value>
            </param>
            <param index="2">
              <value>
                <![CDATA[org.testng.TestRunner@5527b211]]>
              </value>
            </param>
          </params>
          <reporter-output>
          </reporter-output>
        </test-method> <!-- ProductSettingSingleUpdate_MA -->
        <test-method signature="ProductSettingSingleUpdate_MA(java.lang.String,java.lang.String,org.testng.ITestContext)[pri:8, instance:AASAutomation.test.ProductSettingTest@24c1b2d2]" started-at="2023-04-10T18:22:31 MYT" name="ProductSettingSingleUpdate_MA" data-provider="RealTimeProductData" finished-at="2023-04-10T18:22:33 MYT" duration-ms="2129" status="PASS">
          <params>
            <param index="0">
              <value>
                <![CDATA[Live Betting]]>
              </value>
            </param>
            <param index="1">
              <value>
                <![CDATA[Disabled]]>
              </value>
            </param>
            <param index="2">
              <value>
                <![CDATA[org.testng.TestRunner@5527b211]]>
              </value>
            </param>
          </params>
          <reporter-output>
          </reporter-output>
        </test-method> <!-- ProductSettingSingleUpdate_MA -->
        <test-method signature="ProductSettingSingleUpdate_MA(java.lang.String,java.lang.String,org.testng.ITestContext)[pri:8, instance:AASAutomation.test.ProductSettingTest@24c1b2d2]" started-at="2023-04-10T18:22:33 MYT" name="ProductSettingSingleUpdate_MA" data-provider="RealTimeProductData" finished-at="2023-04-10T18:22:35 MYT" duration-ms="2133" status="PASS">
          <params>
            <param index="0">
              <value>
                <![CDATA[Slots]]>
              </value>
            </param>
            <param index="1">
              <value>
                <![CDATA[Disabled]]>
              </value>
            </param>
            <param index="2">
              <value>
                <![CDATA[org.testng.TestRunner@5527b211]]>
              </value>
            </param>
          </params>
          <reporter-output>
          </reporter-output>
        </test-method> <!-- ProductSettingSingleUpdate_MA -->
        <test-method signature="ProductSettingSingleUpdate_MA(java.lang.String,java.lang.String,org.testng.ITestContext)[pri:8, instance:AASAutomation.test.ProductSettingTest@24c1b2d2]" started-at="2023-04-10T18:22:35 MYT" name="ProductSettingSingleUpdate_MA" data-provider="RealTimeProductData" finished-at="2023-04-10T18:22:37 MYT" duration-ms="2227" status="PASS">
          <params>
            <param index="0">
              <value>
                <![CDATA[Playtech & Skywind Slot]]>
              </value>
            </param>
            <param index="1">
              <value>
                <![CDATA[Disabled]]>
              </value>
            </param>
            <param index="2">
              <value>
                <![CDATA[org.testng.TestRunner@5527b211]]>
              </value>
            </param>
          </params>
          <reporter-output>
          </reporter-output>
        </test-method> <!-- ProductSettingSingleUpdate_MA -->
        <test-method signature="ProductSettingGroupUpdate_MA(org.testng.ITestContext)[pri:9, instance:AASAutomation.test.ProductSettingTest@24c1b2d2]" started-at="2023-04-10T18:22:37 MYT" name="ProductSettingGroupUpdate_MA" finished-at="2023-04-10T18:22:40 MYT" duration-ms="2694" status="PASS">
          <params>
            <param index="0">
              <value>
                <![CDATA[org.testng.TestRunner@5527b211]]>
              </value>
            </param>
          </params>
          <reporter-output>
          </reporter-output>
        </test-method> <!-- ProductSettingGroupUpdate_MA -->
        <test-method signature="ProductSettingGroupCheck_MA(java.lang.String,java.lang.String,org.testng.ITestContext)[pri:10, instance:AASAutomation.test.ProductSettingTest@24c1b2d2]" started-at="2023-04-10T18:22:40 MYT" name="ProductSettingGroupCheck_MA" data-provider="RealTimeProductData" finished-at="2023-04-10T18:22:40 MYT" duration-ms="147" status="PASS">
          <params>
            <param index="0">
              <value>
                <![CDATA[Evolution]]>
              </value>
            </param>
            <param index="1">
              <value>
                <![CDATA[Disabled]]>
              </value>
            </param>
            <param index="2">
              <value>
                <![CDATA[org.testng.TestRunner@5527b211]]>
              </value>
            </param>
          </params>
          <reporter-output>
          </reporter-output>
        </test-method> <!-- ProductSettingGroupCheck_MA -->
        <test-method signature="ProductSettingGroupCheck_MA(java.lang.String,java.lang.String,org.testng.ITestContext)[pri:10, instance:AASAutomation.test.ProductSettingTest@24c1b2d2]" started-at="2023-04-10T18:22:40 MYT" name="ProductSettingGroupCheck_MA" data-provider="RealTimeProductData" finished-at="2023-04-10T18:22:40 MYT" duration-ms="109" status="PASS">
          <params>
            <param index="0">
              <value>
                <![CDATA[Big Gaming]]>
              </value>
            </param>
            <param index="1">
              <value>
                <![CDATA[Disabled]]>
              </value>
            </param>
            <param index="2">
              <value>
                <![CDATA[org.testng.TestRunner@5527b211]]>
              </value>
            </param>
          </params>
          <reporter-output>
          </reporter-output>
[...]
            <param index="1">
              <value>
                <![CDATA[Disabled]]>
              </value>
            </param>
            <param index="2">
              <value>
                <![CDATA[org.testng.TestRunner@5527b211]]>
              </value>
            </param>
          </params>
          <reporter-output>
          </reporter-output>
        </test-method> <!-- ProductSettingGroupCheck_AG -->
        <test-method signature="ProductSettingGroupCheck_AG(java.lang.String,java.lang.String,org.testng.ITestContext)[pri:15, instance:AASAutomation.test.ProductSettingTest@24c1b2d2]" started-at="2023-04-10T18:23:54 MYT" name="ProductSettingGroupCheck_AG" data-provider="RealTimeProductData" finished-at="2023-04-10T18:23:54 MYT" duration-ms="161" status="PASS">
          <params>
            <param index="0">
              <value>
                <![CDATA[PragmaticPlay]]>
              </value>
            </param>
            <param index="1">
              <value>
                <![CDATA[Disabled]]>
              </value>
            </param>
            <param index="2">
              <value>
                <![CDATA[org.testng.TestRunner@5527b211]]>
              </value>
            </param>
          </params>
          <reporter-output>
          </reporter-output>
        </test-method> <!-- ProductSettingGroupCheck_AG -->
        <test-method signature="ProductSettingGroupCheck_AG(java.lang.String,java.lang.String,org.testng.ITestContext)[pri:15, instance:AASAutomation.test.ProductSettingTest@24c1b2d2]" started-at="2023-04-10T18:23:54 MYT" name="ProductSettingGroupCheck_AG" data-provider="RealTimeProductData" finished-at="2023-04-10T18:23:55 MYT" duration-ms="175" status="PASS">
          <params>
            <param index="0">
              <value>
                <![CDATA[Playtech]]>
              </value>
            </param>
            <param index="1">
              <value>
                <![CDATA[Disabled]]>
              </value>
            </param>
            <param index="2">
              <value>
                <![CDATA[org.testng.TestRunner@5527b211]]>
              </value>
            </param>
          </params>
          <reporter-output>
          </reporter-output>
        </test-method> <!-- ProductSettingGroupCheck_AG -->
        <test-method signature="ProductSettingGroupCheck_AG(java.lang.String,java.lang.String,org.testng.ITestContext)[pri:15, instance:AASAutomation.test.ProductSettingTest@24c1b2d2]" started-at="2023-04-10T18:23:55 MYT" name="ProductSettingGroupCheck_AG" data-provider="RealTimeProductData" finished-at="2023-04-10T18:23:55 MYT" duration-ms="195" status="PASS">
          <params>
            <param index="0">
              <value>
                <![CDATA[TVBet]]>
              </value>
            </param>
            <param index="1">
              <value>
                <![CDATA[Disabled]]>
              </value>
            </param>
            <param index="2">
              <value>
                <![CDATA[org.testng.TestRunner@5527b211]]>
              </value>
            </param>
          </params>
          <reporter-output>
          </reporter-output>
        </test-method> <!-- ProductSettingGroupCheck_AG -->
        <test-method signature="ProductSettingGroupCheck_AG(java.lang.String,java.lang.String,org.testng.ITestContext)[pri:15, instance:AASAutomation.test.ProductSettingTest@24c1b2d2]" started-at="2023-04-10T18:23:55 MYT" name="ProductSettingGroupCheck_AG" data-provider="RealTimeProductData" finished-at="2023-04-10T18:23:55 MYT" duration-ms="224" status="PASS">
          <params>
            <param index="0">
              <value>
                <![CDATA[RCG]]>
              </value>
            </param>
            <param index="1">
              <value>
                <![CDATA[Disabled]]>
              </value>
            </param>
            <param index="2">
              <value>
                <![CDATA[org.testng.TestRunner@5527b211]]>
              </value>
            </param>
          </params>
          <reporter-output>
          </reporter-output>
        </test-method> <!-- ProductSettingGroupCheck_AG -->
        <test-method signature="ProductSettingGroupCheck_AG(java.lang.String,java.lang.String,org.testng.ITestContext)[pri:15, instance:AASAutomation.test.ProductSettingTest@24c1b2d2]" started-at="2023-04-10T18:23:55 MYT" name="ProductSettingGroupCheck_AG" data-provider="RealTimeProductData" finished-at="2023-04-10T18:23:55 MYT" duration-ms="268" status="PASS">
          <params>
            <param index="0">
              <value>
                <![CDATA[Ezugi]]>
              </value>
            </param>
            <param index="1">
              <value>
                <![CDATA[Disabled]]>
              </value>
            </param>
            <param index="2">
              <value>
                <![CDATA[org.testng.TestRunner@5527b211]]>
              </value>
            </param>
          </params>
          <reporter-output>
          </reporter-output>
        </test-method> <!-- ProductSettingGroupCheck_AG -->
        <test-method signature="ProductSettingGroupCheck_AG(java.lang.String,java.lang.String,org.testng.ITestContext)[pri:15, instance:AASAutomation.test.ProductSettingTest@24c1b2d2]" started-at="2023-04-10T18:23:55 MYT" name="ProductSettingGroupCheck_AG" data-provider="RealTimeProductData" finished-at="2023-04-10T18:23:55 MYT" duration-ms="257" status="PASS">
          <params>
            <param index="0">
              <value>
                <![CDATA[Bota]]>
              </value>
            </param>
            <param index="1">
              <value>
                <![CDATA[Disabled]]>
              </value>
            </param>
            <param index="2">
              <value>
                <![CDATA[org.testng.TestRunner@5527b211]]>
              </value>
            </param>
          </params>
          <reporter-output>
          </reporter-output>
        </test-method> <!-- ProductSettingGroupCheck_AG -->
        <test-method signature="ProductSettingGroupCheck_AG(java.lang.String,java.lang.String,org.testng.ITestContext)[pri:15, instance:AASAutomation.test.ProductSettingTest@24c1b2d2]" started-at="2023-04-10T18:23:55 MYT" name="ProductSettingGroupCheck_AG" data-provider="RealTimeProductData" finished-at="2023-04-10T18:23:56 MYT" duration-ms="300" status="PASS">
          <params>
            <param index="0">
              <value>
                <![CDATA[Skywind]]>
              </value>
            </param>
            <param index="1">
              <value>
                <![CDATA[Disabled]]>
              </value>
            </param>
            <param index="2">
              <value>
                <![CDATA[org.testng.TestRunner@5527b211]]>
              </value>
            </param>
          </params>
          <reporter-output>
          </reporter-output>
        </test-method> <!-- ProductSettingGroupCheck_AG -->
        <test-method signature="ProductSettingGroupCheck_AG(java.lang.String,java.lang.String,org.testng.ITestContext)[pri:15, instance:AASAutomation.test.ProductSettingTest@24c1b2d2]" started-at="2023-04-10T18:23:56 MYT" name="ProductSettingGroupCheck_AG" data-provider="RealTimeProductData" finished-at="2023-04-10T18:23:56 MYT" duration-ms="302" status="PASS">
          <params>
            <param index="0">
              <value>
                <![CDATA[UIG Casino]]>
              </value>
            </param>
            <param index="1">
              <value>
                <![CDATA[Disabled]]>
              </value>
            </param>
            <param index="2">
              <value>
                <![CDATA[org.testng.TestRunner@5527b211]]>
              </value>
            </param>
          </params>
          <reporter-output>
          </reporter-output>
        </test-method> <!-- ProductSettingGroupCheck_AG -->
        <test-method signature="ProductSettingGroupCheck_AG(java.lang.String,java.lang.String,org.testng.ITestContext)[pri:15, instance:AASAutomation.test.ProductSettingTest@24c1b2d2]" started-at="2023-04-10T18:23:56 MYT" name="ProductSettingGroupCheck_AG" data-provider="RealTimeProductData" finished-at="2023-04-10T18:23:56 MYT" duration-ms="296" status="PASS">
          <params>
            <param index="0">
              <value>
                <![CDATA[Motivation]]>
              </value>
            </param>
            <param index="1">
              <value>
                <![CDATA[Disabled]]>
              </value>
            </param>
            <param index="2">
              <value>
                <![CDATA[org.testng.TestRunner@5527b211]]>
              </value>
            </param>
          </params>
          <reporter-output>
          </reporter-output>
        </test-method> <!-- ProductSettingGroupCheck_AG -->
        <test-method signature="ProductSettingGroupCheck_AG(java.lang.String,java.lang.String,org.testng.ITestContext)[pri:15, instance:AASAutomation.test.ProductSettingTest@24c1b2d2]" started-at="2023-04-10T18:23:56 MYT" name="ProductSettingGroupCheck_AG" data-provider="RealTimeProductData" finished-at="2023-04-10T18:23:57 MYT" duration-ms="297" status="PASS">
          <params>
            <param index="0">
              <value>
                <![CDATA[DoWin]]>
              </value>
            </param>
            <param index="1">
              <value>
                <![CDATA[Disabled]]>
              </value>
            </param>
            <param index="2">
              <value>
                <![CDATA[org.testng.TestRunner@5527b211]]>
              </value>
            </param>
          </params>
          <reporter-output>
          </reporter-output>
        </test-method> <!-- ProductSettingGroupCheck_AG -->
        <test-method signature="ProductSettingGroupCheck_AG(java.lang.String,java.lang.String,org.testng.ITestContext)[pri:15, instance:AASAutomation.test.ProductSettingTest@24c1b2d2]" started-at="2023-04-10T18:23:57 MYT" name="ProductSettingGroupCheck_AG" data-provider="RealTimeProductData" finished-at="2023-04-10T18:23:57 MYT" duration-ms="310" status="PASS">
          <params>
            <param index="0">
              <value>
                <![CDATA[Oriental Gaming]]>
              </value>
            </param>
            <param index="1">
              <value>
                <![CDATA[Disabled]]>
              </value>
            </param>
            <param index="2">
              <value>
                <![CDATA[org.testng.TestRunner@5527b211]]>
              </value>
            </param>
          </params>
          <reporter-output>
          </reporter-output>
        </test-method> <!-- ProductSettingGroupCheck_AG -->
        <test-method signature="ProductSettingGroupCheck_AG(java.lang.String,java.lang.String,org.testng.ITestContext)[pri:15, instance:AASAutomation.test.ProductSettingTest@24c1b2d2]" started-at="2023-04-10T18:23:57 MYT" name="ProductSettingGroupCheck_AG" data-provider="RealTimeProductData" finished-at="2023-04-10T18:23:57 MYT" duration-ms="312" status="PASS">
          <params>
            <param index="0">
              <value>
                <![CDATA[Taishan]]>
              </value>
            </param>
            <param index="1">
              <value>
                <![CDATA[Disabled]]>
              </value>
            </param>
            <param index="2">
              <value>
                <![CDATA[org.testng.TestRunner@5527b211]]>
              </value>
            </param>
          </params>
          <reporter-output>
          </reporter-output>
        </test-method> <!-- ProductSettingGroupCheck_AG -->
        <test-method signature="ProductSettingGroupCheck_AG(java.lang.String,java.lang.String,org.testng.ITestContext)[pri:15, instance:AASAutomation.test.ProductSettingTest@24c1b2d2]" started-at="2023-04-10T18:23:57 MYT" name="ProductSettingGroupCheck_AG" data-provider="RealTimeProductData" finished-at="2023-04-10T18:23:58 MYT" duration-ms="318" status="PASS">
          <params>
            <param index="0">
              <value>
                <![CDATA[Vegas Lounge]]>
              </value>
            </param>
            <param index="1">
              <value>
                <![CDATA[Disabled]]>
              </value>
            </param>
            <param index="2">
              <value>
                <![CDATA[org.testng.TestRunner@5527b211]]>
              </value>
            </param>
          </params>
          <reporter-output>
          </reporter-output>
        </test-method> <!-- ProductSettingGroupCheck_AG -->
        <test-method signature="ProductSettingGroupCheck_AG(java.lang.String,java.lang.String,org.testng.ITestContext)[pri:15, instance:AASAutomation.test.ProductSettingTest@24c1b2d2]" started-at="2023-04-10T18:23:58 MYT" name="ProductSettingGroupCheck_AG" data-provider="RealTimeProductData" finished-at="2023-04-10T18:23:58 MYT" duration-ms="336" status="PASS">
          <params>
            <param index="0">
              <value>
                <![CDATA[Beter]]>
              </value>
            </param>
            <param index="1">
              <value>
                <![CDATA[Disabled]]>
              </value>
            </param>
            <param index="2">
              <value>
                <![CDATA[org.testng.TestRunner@5527b211]]>
              </value>
            </param>
          </params>
          <reporter-output>
          </reporter-output>
        </test-method> <!-- ProductSettingGroupCheck_AG -->
        <test-method signature="ProductSettingGroupCheck_AG(java.lang.String,java.lang.String,org.testng.ITestContext)[pri:15, instance:AASAutomation.test.ProductSettingTest@24c1b2d2]" started-at="2023-04-10T18:23:58 MYT" name="ProductSettingGroupCheck_AG" data-provider="RealTimeProductData" finished-at="2023-04-10T18:23:58 MYT" duration-ms="352" status="PASS">
          <params>
            <param index="0">
              <value>
                <![CDATA[Inplay Matrix]]>
              </value>
            </param>
            <param index="1">
              <value>
                <![CDATA[Disabled]]>
              </value>
            </param>
            <param index="2">
              <value>
                <![CDATA[org.testng.TestRunner@5527b211]]>
              </value>
            </param>
          </params>
          <reporter-output>
          </reporter-output>
        </test-method> <!-- ProductSettingGroupCheck_AG -->
        <test-method signature="ProductSettingGroupCheck_AG(java.lang.String,java.lang.String,org.testng.ITestContext)[pri:15, instance:AASAutomation.test.ProductSettingTest@24c1b2d2]" started-at="2023-04-10T18:23:58 MYT" name="ProductSettingGroupCheck_AG" data-provider="RealTimeProductData" finished-at="2023-04-10T18:23:59 MYT" duration-ms="372" status="PASS">
          <params>
            <param index="0">
              <value>
                <![CDATA[Kiron]]>
              </value>
            </param>
            <param index="1">
              <value>
                <![CDATA[Disabled]]>
              </value>
            </param>
            <param index="2">
              <value>
                <![CDATA[org.testng.TestRunner@5527b211]]>
              </value>
            </param>
          </params>
          <reporter-output>
          </reporter-output>
        </test-method> <!-- ProductSettingGroupCheck_AG -->
        <test-method signature="ProductSettingGroupCheck_AG(java.lang.String,java.lang.String,org.testng.ITestContext)[pri:15, instance:AASAutomation.test.ProductSettingTest@24c1b2d2]" started-at="2023-04-10T18:23:59 MYT" name="ProductSettingGroupCheck_AG" data-provider="RealTimeProductData" finished-at="2023-04-10T18:23:59 MYT" duration-ms="375" status="PASS">
          <params>
            <param index="0">
              <value>
                <![CDATA[Pinnacle]]>
              </value>
            </param>
            <param index="1">
              <value>
                <![CDATA[Disabled]]>
              </value>
            </param>
            <param index="2">
              <value>
                <![CDATA[org.testng.TestRunner@5527b211]]>
              </value>
            </param>
          </params>
          <reporter-output>
          </reporter-output>
        </test-method> <!-- ProductSettingGroupCheck_AG -->
        <test-method signature="ProductSettingGroupCheck_AG(java.lang.String,java.lang.String,org.testng.ITestContext)[pri:15, instance:AASAutomation.test.ProductSettingTest@24c1b2d2]" started-at="2023-04-10T18:23:59 MYT" name="ProductSettingGroupCheck_AG" data-provider="RealTimeProductData" finished-at="2023-04-10T18:23:59 MYT" duration-ms="386" status="PASS">
          <params>
            <param index="0">
              <value>
                <![CDATA[Live Betting]]>
              </value>
            </param>
            <param index="1">
              <value>
                <![CDATA[Disabled]]>
              </value>
            </param>
            <param index="2">
              <value>
                <![CDATA[org.testng.TestRunner@5527b211]]>
              </value>
            </param>
          </params>
          <reporter-output>
          </reporter-output>
        </test-method> <!-- ProductSettingGroupCheck_AG -->
        <test-method signature="ProductSettingGroupCheck_AG(java.lang.String,java.lang.String,org.testng.ITestContext)[pri:15, instance:AASAutomation.test.ProductSettingTest@24c1b2d2]" started-at="2023-04-10T18:23:59 MYT" name="ProductSettingGroupCheck_AG" data-provider="RealTimeProductData" finished-at="2023-04-10T18:24:00 MYT" duration-ms="401" status="PASS">
          <params>
            <param index="0">
              <value>
                <![CDATA[Slots]]>
              </value>
            </param>
            <param index="1">
              <value>
                <![CDATA[Disabled]]>
              </value>
            </param>
            <param index="2">
              <value>
                <![CDATA[org.testng.TestRunner@5527b211]]>
              </value>
            </param>
          </params>
          <reporter-output>
          </reporter-output>
        </test-method> <!-- ProductSettingGroupCheck_AG -->
        <test-method signature="ProductSettingGroupCheck_AG(java.lang.String,java.lang.String,org.testng.ITestContext)[pri:15, instance:AASAutomation.test.ProductSettingTest@24c1b2d2]" started-at="2023-04-10T18:24:00 MYT" name="ProductSettingGroupCheck_AG" data-provider="RealTimeProductData" finished-at="2023-04-10T18:24:00 MYT" duration-ms="409" status="PASS">
          <params>
            <param index="0">
              <value>
                <![CDATA[Playtech & Skywind Slot]]>
              </value>
            </param>
            <param index="1">
              <value>
                <![CDATA[Disabled]]>
              </value>
            </param>
            <param index="2">
              <value>
                <![CDATA[org.testng.TestRunner@5527b211]]>
              </value>
            </param>
          </params>
          <reporter-output>
          </reporter-output>
        </test-method> <!-- ProductSettingGroupCheck_AG -->
        <test-method is-config="true" signature="tearDown()[pri:0, instance:AASAutomation.test.ProductSettingTest@24c1b2d2]" started-at="2023-04-10T18:24:00 MYT" name="tearDown" finished-at="2023-04-10T18:24:00 MYT" duration-ms="126" status="PASS">
          <reporter-output>
          </reporter-output>
        </test-method> <!-- tearDown -->
      </class> <!-- AASAutomation.test.ProductSettingTest -->
    </test> <!-- AAS Product Setting Test -->
  </suite> <!-- AAS Product Setting Test Suite -->
  <suite started-at="2023-04-10T18:24:01 MYT" name="AAS Product Test Suite" finished-at="2023-04-10T18:24:01 MYT" duration-ms="0">
    <groups>
    </groups>
  </suite> <!-- AAS Product Test Suite -->
</testng-results>
