<?xml version="1.0" encoding="UTF-8"?>
<testng-results ignored="0" total="111" passed="111" failed="0" skipped="0">
  <reporter-output>
  </reporter-output>
  <suite started-at="2023-04-07T21:36:48 MYT" name="AAS Product Setting Test Suite" finished-at="2023-04-07T21:39:13 MYT" duration-ms="145402">
    <groups>
    </groups>
    <test started-at="2023-04-07T21:36:48 MYT" name="AAS Product Setting Test" finished-at="2023-04-07T21:39:13 MYT" duration-ms="145402">
      <class name="AASAutomation.test.ProductSettingTest">
        <test-method is-config="true" signature="setUp()[pri:0, instance:AASAutomation.test.ProductSettingTest@24c1b2d2]" started-at="2023-04-07T21:36:48 MYT" name="setUp" finished-at="2023-04-07T21:37:09 MYT" duration-ms="21420" status="PASS">
          <reporter-output>
          </reporter-output>
        </test-method> <!-- setUp -->
        <test-method signature="ProceedToSMA(org.testng.ITestContext)[pri:1, instance:AASAutomation.test.ProductSettingTest@24c1b2d2]" started-at="2023-04-07T21:37:09 MYT" name="ProceedToSMA" finished-at="2023-04-07T21:37:11 MYT" duration-ms="2203" status="PASS">
          <params>
            <param index="0">
              <value>
                <![CDATA[org.testng.TestRunner@50756c76]]>
              </value>
            </param>
          </params>
          <reporter-output>
          </reporter-output>
        </test-method> <!-- ProceedToSMA -->
        <test-method signature="SectionSetUpSMA(org.testng.ITestContext)[pri:2, instance:AASAutomation.test.ProductSettingTest@24c1b2d2]" started-at="2023-04-07T21:37:11 MYT" name="SectionSetUpSMA" finished-at="2023-04-07T21:37:12 MYT" duration-ms="671" status="PASS">
          <params>
            <param index="0">
              <value>
                <![CDATA[org.testng.TestRunner@50756c76]]>
              </value>
            </param>
          </params>
          <reporter-output>
          </reporter-output>
        </test-method> <!-- SectionSetUpSMA -->
        <test-method signature="ProductSettingSingleUpdate_SMA(java.lang.String,java.lang.String,org.testng.ITestContext)[pri:3, instance:AASAutomation.test.ProductSettingTest@24c1b2d2]" started-at="2023-04-07T21:37:12 MYT" name="ProductSettingSingleUpdate_SMA" data-provider="RealTimeProductData" finished-at="2023-04-07T21:37:14 MYT" duration-ms="2173" status="PASS">
          <params>
            <param index="0">
              <value>
                <![CDATA[Evolution]]>
              </value>
            </param>
            <param index="1">
              <value>
                <![CDATA[Active]]>
              </value>
            </param>
            <param index="2">
              <value>
                <![CDATA[org.testng.TestRunner@50756c76]]>
              </value>
            </param>
          </params>
          <reporter-output>
          </reporter-output>
        </test-method> <!-- ProductSettingSingleUpdate_SMA -->
        <test-method signature="ProductSettingSingleUpdate_SMA(java.lang.String,java.lang.String,org.testng.ITestContext)[pri:3, instance:AASAutomation.test.ProductSettingTest@24c1b2d2]" started-at="2023-04-07T21:37:14 MYT" name="ProductSettingSingleUpdate_SMA" data-provider="RealTimeProductData" finished-at="2023-04-07T21:37:16 MYT" duration-ms="1485" status="PASS">
          <params>
            <param index="0">
              <value>
                <![CDATA[Big Gaming]]>
              </value>
            </param>
            <param index="1">
              <value>
                <![CDATA[Active]]>
              </value>
            </param>
            <param index="2">
              <value>
                <![CDATA[org.testng.TestRunner@50756c76]]>
              </value>
            </param>
          </params>
          <reporter-output>
          </reporter-output>
        </test-method> <!-- ProductSettingSingleUpdate_SMA -->
        <test-method signature="ProductSettingSingleUpdate_SMA(java.lang.String,java.lang.String,org.testng.ITestContext)[pri:3, instance:AASAutomation.test.ProductSettingTest@24c1b2d2]" started-at="2023-04-07T21:37:16 MYT" name="ProductSettingSingleUpdate_SMA" data-provider="RealTimeProductData" finished-at="2023-04-07T21:37:17 MYT" duration-ms="1452" status="PASS">
          <params>
            <param index="0">
              <value>
                <![CDATA[Asia Gaming]]>
              </value>
            </param>
            <param index="1">
              <value>
                <![CDATA[Active]]>
              </value>
            </param>
            <param index="2">
              <value>
                <![CDATA[org.testng.TestRunner@50756c76]]>
              </value>
            </param>
          </params>
          <reporter-output>
          </reporter-output>
        </test-method> <!-- ProductSettingSingleUpdate_SMA -->
        <test-method signature="ProductSettingSingleUpdate_SMA(java.lang.String,java.lang.String,org.testng.ITestContext)[pri:3, instance:AASAutomation.test.ProductSettingTest@24c1b2d2]" started-at="2023-04-07T21:37:17 MYT" name="ProductSettingSingleUpdate_SMA" data-provider="RealTimeProductData" finished-at="2023-04-07T21:37:19 MYT" duration-ms="1418" status="PASS">
          <params>
            <param index="0">
              <value>
                <![CDATA[Dream Gaming]]>
              </value>
            </param>
            <param index="1">
              <value>
                <![CDATA[Active]]>
              </value>
            </param>
            <param index="2">
              <value>
                <![CDATA[org.testng.TestRunner@50756c76]]>
              </value>
            </param>
          </params>
          <reporter-output>
          </reporter-output>
        </test-method> <!-- ProductSettingSingleUpdate_SMA -->
        <test-method signature="ProductSettingSingleUpdate_SMA(java.lang.String,java.lang.String,org.testng.ITestContext)[pri:3, instance:AASAutomation.test.ProductSettingTest@24c1b2d2]" started-at="2023-04-07T21:37:19 MYT" name="ProductSettingSingleUpdate_SMA" data-provider="RealTimeProductData" finished-at="2023-04-07T21:37:20 MYT" duration-ms="1470" status="PASS">
          <params>
            <param index="0">
              <value>
                <![CDATA[Sexy Gaming]]>
              </value>
            </param>
            <param index="1">
              <value>
                <![CDATA[Active]]>
              </value>
            </param>
            <param index="2">
              <value>
                <![CDATA[org.testng.TestRunner@50756c76]]>
              </value>
            </param>
          </params>
          <reporter-output>
          </reporter-output>
        </test-method> <!-- ProductSettingSingleUpdate_SMA -->
        <test-method signature="ProductSettingSingleUpdate_SMA(java.lang.String,java.lang.String,org.testng.ITestContext)[pri:3, instance:AASAutomation.test.ProductSettingTest@24c1b2d2]" started-at="2023-04-07T21:37:20 MYT" name="ProductSettingSingleUpdate_SMA" data-provider="RealTimeProductData" finished-at="2023-04-07T21:37:22 MYT" duration-ms="1513" status="PASS">
          <params>
            <param index="0">
              <value>
                <![CDATA[PragmaticPlay]]>
              </value>
            </param>
            <param index="1">
              <value>
                <![CDATA[Active]]>
              </value>
            </param>
            <param index="2">
              <value>
                <![CDATA[org.testng.TestRunner@50756c76]]>
              </value>
            </param>
          </params>
          <reporter-output>
          </reporter-output>
        </test-method> <!-- ProductSettingSingleUpdate_SMA -->
        <test-method signature="ProductSettingSingleUpdate_SMA(java.lang.String,java.lang.String,org.testng.ITestContext)[pri:3, instance:AASAutomation.test.ProductSettingTest@24c1b2d2]" started-at="2023-04-07T21:37:22 MYT" name="ProductSettingSingleUpdate_SMA" data-provider="RealTimeProductData" finished-at="2023-04-07T21:37:23 MYT" duration-ms="1554" status="PASS">
          <params>
            <param index="0">
              <value>
                <![CDATA[Playtech]]>
              </value>
            </param>
            <param index="1">
              <value>
                <![CDATA[Active]]>
              </value>
            </param>
            <param index="2">
              <value>
                <![CDATA[org.testng.TestRunner@50756c76]]>
              </value>
            </param>
          </params>
          <reporter-output>
          </reporter-output>
        </test-method> <!-- ProductSettingSingleUpdate_SMA -->
        <test-method signature="ProductSettingSingleUpdate_SMA(java.lang.String,java.lang.String,org.testng.ITestContext)[pri:3, instance:AASAutomation.test.ProductSettingTest@24c1b2d2]" started-at="2023-04-07T21:37:23 MYT" name="ProductSettingSingleUpdate_SMA" data-provider="RealTimeProductData" finished-at="2023-04-07T21:37:25 MYT" duration-ms="1586" status="PASS">
          <params>
            <param index="0">
              <value>
                <![CDATA[Bota]]>
              </value>
            </param>
            <param index="1">
              <value>
                <![CDATA[Active]]>
              </value>
            </param>
            <param index="2">
              <value>
                <![CDATA[org.testng.TestRunner@50756c76]]>
              </value>
            </param>
          </params>
          <reporter-output>
          </reporter-output>
        </test-method> <!-- ProductSettingSingleUpdate_SMA -->
        <test-method signature="ProductSettingSingleUpdate_SMA(java.lang.String,java.lang.String,org.testng.ITestContext)[pri:3, instance:AASAutomation.test.ProductSettingTest@24c1b2d2]" started-at="2023-04-07T21:37:25 MYT" name="ProductSettingSingleUpdate_SMA" data-provider="RealTimeProductData" finished-at="2023-04-07T21:37:26 MYT" duration-ms="1651" status="PASS">
          <params>
            <param index="0">
              <value>
                <![CDATA[DoWin]]>
              </value>
            </param>
            <param index="1">
              <value>
                <![CDATA[Active]]>
              </value>
            </param>
            <param index="2">
              <value>
                <![CDATA[org.testng.TestRunner@50756c76]]>
              </value>
            </param>
          </params>
          <reporter-output>
          </reporter-output>
        </test-method> <!-- ProductSettingSingleUpdate_SMA -->
        <test-method signature="ProductSettingSingleUpdate_SMA(java.lang.String,java.lang.String,org.testng.ITestContext)[pri:3, instance:AASAutomation.test.ProductSettingTest@24c1b2d2]" started-at="2023-04-07T21:37:26 MYT" name="ProductSettingSingleUpdate_SMA" data-provider="RealTimeProductData" finished-at="2023-04-07T21:37:28 MYT" duration-ms="1592" status="PASS">
          <params>
            <param index="0">
              <value>
                <![CDATA[Double Dragon]]>
              </value>
            </param>
            <param index="1">
              <value>
                <![CDATA[Active]]>
              </value>
            </param>
            <param index="2">
              <value>
                <![CDATA[org.testng.TestRunner@50756c76]]>
              </value>
            </param>
          </params>
          <reporter-output>
          </reporter-output>
        </test-method> <!-- ProductSettingSingleUpdate_SMA -->
        <test-method signature="ProductSettingSingleUpdate_SMA(java.lang.String,java.lang.String,org.testng.ITestContext)[pri:3, instance:AASAutomation.test.ProductSettingTest@24c1b2d2]" started-at="2023-04-07T21:37:28 MYT" name="ProductSettingSingleUpdate_SMA" data-provider="RealTimeProductData" finished-at="2023-04-07T21:37:30 MYT" duration-ms="1602" status="PASS">
          <params>
            <param index="0">
              <value>
                <![CDATA[Oriental Gaming]]>
              </value>
            </param>
            <param index="1">
              <value>
                <![CDATA[Active]]>
              </value>
            </param>
            <param index="2">
              <value>
                <![CDATA[org.testng.TestRunner@50756c76]]>
              </value>
            </param>
          </params>
          <reporter-output>
          </reporter-output>
        </test-method> <!-- ProductSettingSingleUpdate_SMA -->
        <test-method signature="ProductSettingSingleUpdate_SMA(java.lang.String,java.lang.String,org.testng.ITestContext)[pri:3, instance:AASAutomation.test.ProductSettingTest@24c1b2d2]" started-at="2023-04-07T21:37:30 MYT" name="ProductSettingSingleUpdate_SMA" data-provider="RealTimeProductData" finished-at="2023-04-07T21:37:31 MYT" duration-ms="1640" status="PASS">
          <params>
            <param index="0">
              <value>
                <![CDATA[Arena]]>
              </value>
            </param>
            <param index="1">
              <value>
                <![CDATA[Active]]>
              </value>
            </param>
            <param index="2">
              <value>
                <![CDATA[org.testng.TestRunner@50756c76]]>
              </value>
            </param>
          </params>
          <reporter-output>
          </reporter-output>
        </test-method> <!-- ProductSettingSingleUpdate_SMA -->
        <test-method signature="ProductSettingSingleUpdate_SMA(java.lang.String,java.lang.String,org.testng.ITestContext)[pri:3, instance:AASAutomation.test.ProductSettingTest@24c1b2d2]" started-at="2023-04-07T21:37:31 MYT" name="ProductSettingSingleUpdate_SMA" data-provider="RealTimeProductData" finished-at="2023-04-07T21:37:33 MYT" duration-ms="1690" status="PASS">
          <params>
            <param index="0">
              <value>
                <![CDATA[Taishan]]>
              </value>
            </param>
            <param index="1">
              <value>
                <![CDATA[Active]]>
              </value>
            </param>
            <param index="2">
              <value>
                <![CDATA[org.testng.TestRunner@50756c76]]>
              </value>
            </param>
          </params>
          <reporter-output>
          </reporter-output>
        </test-method> <!-- ProductSettingSingleUpdate_SMA -->
        <test-method signature="ProductSettingSingleUpdate_SMA(java.lang.String,java.lang.String,org.testng.ITestContext)[pri:3, instance:AASAutomation.test.ProductSettingTest@24c1b2d2]" started-at="2023-04-07T21:37:33 MYT" name="ProductSettingSingleUpdate_SMA" data-provider="RealTimeProductData" finished-at="2023-04-07T21:37:35 MYT" duration-ms="1686" status="PASS">
          <params>
            <param index="0">
              <value>
                <![CDATA[Vegas Lounge]]>
              </value>
            </param>
            <param index="1">
              <value>
                <![CDATA[Active]]>
              </value>
            </param>
            <param index="2">
              <value>
                <![CDATA[org.testng.TestRunner@50756c76]]>
              </value>
            </param>
          </params>
          <reporter-output>
          </reporter-output>
        </test-method> <!-- ProductSettingSingleUpdate_SMA -->
        <test-method signature="ProductSettingSingleUpdate_SMA(java.lang.String,java.lang.String,org.testng.ITestContext)[pri:3, instance:AASAutomation.test.ProductSettingTest@24c1b2d2]" started-at="2023-04-07T21:37:35 MYT" name="ProductSettingSingleUpdate_SMA" data-provider="RealTimeProductData" finished-at="2023-04-07T21:37:36 MYT" duration-ms="1701" status="PASS">
          <params>
            <param index="0">
              <value>
                <![CDATA[Beter]]>
              </value>
            </param>
            <param index="1">
              <value>
                <![CDATA[Active]]>
              </value>
            </param>
            <param index="2">
              <value>
                <![CDATA[org.testng.TestRunner@50756c76]]>
              </value>
            </param>
          </params>
          <reporter-output>
          </reporter-output>
        </test-method> <!-- ProductSettingSingleUpdate_SMA -->
        <test-method signature="ProductSettingSingleUpdate_SMA(java.lang.String,java.lang.String,org.testng.ITestContext)[pri:3, instance:AASAutomation.test.ProductSettingTest@24c1b2d2]" started-at="2023-04-07T21:37:36 MYT" name="ProductSettingSingleUpdate_SMA" data-provider="RealTimeProductData" finished-at="2023-04-07T21:37:38 MYT" duration-ms="2000" status="PASS">
          <params>
            <param index="0">
              <value>
                <![CDATA[Slots]]>
              </value>
            </param>
            <param index="1">
              <value>
                <![CDATA[Active]]>
              </value>
            </param>
            <param index="2">
              <value>
                <![CDATA[org.testng.TestRunner@50756c76]]>
              </value>
            </param>
          </params>
          <reporter-output>
          </reporter-output>
        </test-method> <!-- ProductSettingSingleUpdate_SMA -->
        <test-method signature="ProductSettingSingleUpdate_SMA(java.lang.String,java.lang.String,org.testng.ITestContext)[pri:3, instance:AASAutomation.test.ProductSettingTest@24c1b2d2]" started-at="2023-04-07T21:37:38 MYT" name="ProductSettingSingleUpdate_SMA" data-provider="RealTimeProductData" finished-at="2023-04-07T21:37:40 MYT" duration-ms="1733" status="PASS">
          <params>
            <param index="0">
              <value>
                <![CDATA[Playtech & Skywind Slot]]>
              </value>
            </param>
            <param index="1">
              <value>
                <![CDATA[Active]]>
              </value>
            </param>
            <param index="2">
              <value>
                <![CDATA[org.testng.TestRunner@50756c76]]>
              </value>
            </param>
          </params>
          <reporter-output>
          </reporter-output>
        </test-method> <!-- ProductSettingSingleUpdate_SMA -->
        <test-method signature="ProductSettingGroupUpdate_SMA(org.testng.ITestContext)[pri:4, instance:AASAutomation.test.ProductSettingTest@24c1b2d2]" started-at="2023-04-07T21:37:40 MYT" name="ProductSettingGroupUpdate_SMA" finished-at="2023-04-07T21:37:42 MYT" duration-ms="2093" status="PASS">
          <params>
            <param index="0">
              <value>
                <![CDATA[org.testng.TestRunner@50756c76]]>
              </value>
            </param>
          </params>
          <reporter-output>
          </reporter-output>
        </test-method> <!-- ProductSettingGroupUpdate_SMA -->
        <test-method signature="ProductSettingGroupCheck_SMA(java.lang.String,java.lang.String,org.testng.ITestContext)[pri:5, instance:AASAutomation.test.ProductSettingTest@24c1b2d2]" started-at="2023-04-07T21:37:42 MYT" name="ProductSettingGroupCheck_SMA" data-provider="RealTimeProductData" finished-at="2023-04-07T21:37:42 MYT" duration-ms="114" status="PASS">
          <params>
            <param index="0">
              <value>
                <![CDATA[Evolution]]>
              </value>
            </param>
            <param index="1">
              <value>
                <![CDATA[Active]]>
              </value>
            </param>
            <param index="2">
              <value>
                <![CDATA[org.testng.TestRunner@50756c76]]>
              </value>
            </param>
          </params>
          <reporter-output>
          </reporter-output>
        </test-method> <!-- ProductSettingGroupCheck_SMA -->
        <test-method signature="ProductSettingGroupCheck_SMA(java.lang.String,java.lang.String,org.testng.ITestContext)[pri:5, instance:AASAutomation.test.ProductSettingTest@24c1b2d2]" started-at="2023-04-07T21:37:42 MYT" name="ProductSettingGroupCheck_SMA" data-provider="RealTimeProductData" finished-at="2023-04-07T21:37:42 MYT" duration-ms="91" status="PASS">
          <params>
            <param index="0">
              <value>
                <![CDATA[Big Gaming]]>
              </value>
            </param>
            <param index="1">
              <value>
                <![CDATA[Active]]>
              </value>
            </param>
            <param index="2">
              <value>
                <![CDATA[org.testng.TestRunner@50756c76]]>
              </value>
            </param>
          </params>
          <reporter-output>
          </reporter-output>
        </test-method> <!-- ProductSettingGroupCheck_SMA -->
        <test-method signature="ProductSettingGroupCheck_SMA(java.lang.String,java.lang.String,org.testng.ITestContext)[pri:5, instance:AASAutomation.test.ProductSettingTest@24c1b2d2]" started-at="2023-04-07T21:37:42 MYT" name="ProductSettingGroupCheck_SMA" data-provider="RealTimeProductData" finished-at="2023-04-07T21:37:42 MYT" duration-ms="102" status="PASS">
          <params>
            <param index="0">
              <value>
                <![CDATA[Asia Gaming]]>
              </value>
            </param>
            <param index="1">
              <value>
                <![CDATA[Active]]>
              </value>
            </param>
            <param index="2">
              <value>
                <![CDATA[org.testng.TestRunner@50756c76]]>
              </value>
            </param>
          </params>
          <reporter-output>
          </reporter-output>
        </test-method> <!-- ProductSettingGroupCheck_SMA -->
        <test-method signature="ProductSettingGroupCheck_SMA(java.lang.String,java.lang.String,org.testng.ITestContext)[pri:5, instance:AASAutomation.test.ProductSettingTest@24c1b2d2]" started-at="2023-04-07T21:37:42 MYT" name="ProductSettingGroupCheck_SMA" data-provider="RealTimeProductData" finished-at="2023-04-07T21:37:42 MYT" duration-ms="111" status="PASS">
          <params>
            <param index="0">
              <value>
                <![CDATA[Dream Gaming]]>
              </value>
            </param>
            <param index="1">
              <value>
                <![CDATA[Active]]>
              </value>
            </param>
            <param index="2">
              <value>
                <![CDATA[org.testng.TestRunner@50756c76]]>
              </value>
            </param>
          </params>
          <reporter-output>
          </reporter-output>
        </test-method> <!-- ProductSettingGroupCheck_SMA -->
        <test-method signature="ProductSettingGroupCheck_SMA(java.lang.String,java.lang.String,org.testng.ITestContext)[pri:5, instance:AASAutomation.test.ProductSettingTest@24c1b2d2]" started-at="2023-04-07T21:37:42 MYT" name="ProductSettingGroupCheck_SMA" data-provider="RealTimeProductData" finished-at="2023-04-07T21:37:43 MYT" duration-ms="128" status="PASS">
          <params>
            <param index="0">
              <value>
                <![CDATA[Sexy Gaming]]>
              </value>
            </param>
            <param index="1">
              <value>
                <![CDATA[Active]]>
              </value>
            </param>
            <param index="2">
              <value>
                <![CDATA[org.testng.TestRunner@50756c76]]>
              </value>
            </param>
          </params>
          <reporter-output>
          </reporter-output>
        </test-method> <!-- ProductSettingGroupCheck_SMA -->
        <test-method signature="ProductSettingGroupCheck_SMA(java.lang.String,java.lang.String,org.testng.ITestContext)[pri:5, instance:AASAutomation.test.ProductSettingTest@24c1b2d2]" started-at="2023-04-07T21:37:43 MYT" name="ProductSettingGroupCheck_SMA" data-provider="RealTimeProductData" finished-at="2023-04-07T21:37:43 MYT" duration-ms="143" status="PASS">
          <params>
            <param index="0">
              <value>
                <![CDATA[PragmaticPlay]]>
              </value>
            </param>
            <param index="1">
              <value>
                <![CDATA[Active]]>
              </value>
            </param>
            <param index="2">
              <value>
                <![CDATA[org.testng.TestRunner@50756c76]]>
              </value>
            </param>
          </params>
          <reporter-output>
          </reporter-output>
        </test-method> <!-- ProductSettingGroupCheck_SMA -->
        <test-method signature="ProductSettingGroupCheck_SMA(java.lang.String,java.lang.String,org.testng.ITestContext)[pri:5, instance:AASAutomation.test.ProductSettingTest@24c1b2d2]" started-at="2023-04-07T21:37:43 MYT" name="ProductSettingGroupCheck_SMA" data-provider="RealTimeProductData" finished-at="2023-04-07T21:37:43 MYT" duration-ms="156" status="PASS">
          <params>
            <param index="0">
              <value>
                <![CDATA[Playtech]]>
              </value>
            </param>
            <param index="1">
              <value>
                <![CDATA[Active]]>
              </value>
            </param>
            <param index="2">
              <value>
                <![CDATA[org.testng.TestRunner@50756c76]]>
              </value>
            </param>
          </params>
          <reporter-output>
          </reporter-output>
        </test-method> <!-- ProductSettingGroupCheck_SMA -->
        <test-method signature="ProductSettingGroupCheck_SMA(java.lang.String,java.lang.String,org.testng.ITestContext)[pri:5, instance:AASAutomation.test.ProductSettingTest@24c1b2d2]" started-at="2023-04-07T21:37:43 MYT" name="ProductSettingGroupCheck_SMA" data-provider="RealTimeProductData" finished-at="2023-04-07T21:37:43 MYT" duration-ms="163" status="PASS">
          <params>
            <param index="0">
              <value>
                <![CDATA[Bota]]>
              </value>
            </param>
            <param index="1">
              <value>
                <![CDATA[Active]]>
              </value>
            </param>
            <param index="2">
              <value>
                <![CDATA[org.testng.TestRunner@50756c76]]>
              </value>
            </param>
          </params>
          <reporter-output>
          </reporter-output>
        </test-method> <!-- ProductSettingGroupCheck_SMA -->
        <test-method signature="ProductSettingGroupCheck_SMA(java.lang.String,java.lang.String,org.testng.ITestContext)[pri:5, instance:AASAutomation.test.ProductSettingTest@24c1b2d2]" started-at="2023-04-07T21:37:43 MYT" name="ProductSettingGroupCheck_SMA" data-provider="RealTimeProductData" finished-at="2023-04-07T21:37:43 MYT" duration-ms="174" status="PASS">
          <params>
            <param index="0">
              <value>
                <![CDATA[DoWin]]>
              </value>
            </param>
            <param index="1">
              <value>
                <![CDATA[Active]]>
              </value>
            </param>
            <param index="2">
              <value>
                <![CDATA[org.testng.TestRunner@50756c76]]>
              </value>
            </param>
          </params>
          <reporter-output>
          </reporter-output>
        </test-method> <!-- ProductSettingGroupCheck_SMA -->
        <test-method signature="ProductSettingGroupCheck_SMA(java.lang.String,java.lang.String,org.testng.ITestContext)[pri:5, instance:AASAutomation.test.ProductSettingTest@24c1b2d2]" started-at="2023-04-07T21:37:43 MYT" name="ProductSettingGroupCheck_SMA" data-provider="RealTimeProductData" finished-at="2023-04-07T21:37:43 MYT" duration-ms="187" status="PASS">
          <params>
            <param index="0">
              <value>
                <![CDATA[Double Dragon]]>
              </value>
            </param>
            <param index="1">
              <value>
                <![CDATA[Active]]>
              </value>
            </param>
            <param index="2">
              <value>
                <![CDATA[org.testng.TestRunner@50756c76]]>
              </value>
            </param>
          </params>
          <reporter-output>
          </reporter-output>
        </test-method> <!-- ProductSettingGroupCheck_SMA -->
        <test-method signature="ProductSettingGroupCheck_SMA(java.lang.String,java.lang.String,org.testng.ITestContext)[pri:5, instance:AASAutomation.test.ProductSettingTest@24c1b2d2]" started-at="2023-04-07T21:37:43 MYT" name="ProductSettingGroupCheck_SMA" data-provider="RealTimeProductData" finished-at="2023-04-07T21:37:44 MYT" duration-ms="201" status="PASS">
          <params>
            <param index="0">
              <value>
                <![CDATA[Oriental Gaming]]>
              </value>
            </param>
            <param index="1">
              <value>
                <![CDATA[Active]]>
              </value>
            </param>
            <param index="2">
              <value>
                <![CDATA[org.testng.TestRunner@50756c76]]>
              </value>
            </param>
          </params>
          <reporter-output>
          </reporter-output>
        </test-method> <!-- ProductSettingGroupCheck_SMA -->
        <test-method signature="ProductSettingGroupCheck_SMA(java.lang.String,java.lang.String,org.testng.ITestContext)[pri:5, instance:AASAutomation.test.ProductSettingTest@24c1b2d2]" started-at="2023-04-07T21:37:44 MYT" name="ProductSettingGroupCheck_SMA" data-provider="RealTimeProductData" finished-at="2023-04-07T21:37:44 MYT" duration-ms="211" status="PASS">
          <params>
            <param index="0">
              <value>
                <![CDATA[Arena]]>
              </value>
            </param>
            <param index="1">
              <value>
                <![CDATA[Active]]>
              </value>
            </param>
            <param index="2">
              <value>
                <![CDATA[org.testng.TestRunner@50756c76]]>
              </value>
            </param>
          </params>
          <reporter-output>
          </reporter-output>
        </test-method> <!-- ProductSettingGroupCheck_SMA -->
        <test-method signature="ProductSettingGroupCheck_SMA(java.lang.String,java.lang.String,org.testng.ITestContext)[pri:5, instance:AASAutomation.test.ProductSettingTest@24c1b2d2]" started-at="2023-04-07T21:37:44 MYT" name="ProductSettingGroupCheck_SMA" data-provider="RealTimeProductData" finished-at="2023-04-07T21:37:44 MYT" duration-ms="217" status="PASS">
          <params>
            <param index="0">
              <value>
                <![CDATA[Taishan]]>
              </value>
            </param>
            <param index="1">
              <value>
                <![CDATA[Active]]>
              </value>
            </param>
            <param index="2">
              <value>
                <![CDATA[org.testng.TestRunner@50756c76]]>
              </value>
            </param>
          </params>
          <reporter-output>
          </reporter-output>
        </test-method> <!-- ProductSettingGroupCheck_SMA -->
        <test-method signature="ProductSettingGroupCheck_SMA(java.lang.String,java.lang.String,org.testng.ITestContext)[pri:5, instance:AASAutomation.test.ProductSettingTest@24c1b2d2]" started-at="2023-04-07T21:37:44 MYT" name="ProductSettingGroupCheck_SMA" data-provider="RealTimeProductData" finished-at="2023-04-07T21:37:44 MYT" duration-ms="226" status="PASS">
          <params>
            <param index="0">
              <value>
                <![CDATA[Vegas Lounge]]>
              </value>
            </param>
            <param index="1">
              <value>
                <![CDATA[Active]]>
              </value>
            </param>
            <param index="2">
              <value>
                <![CDATA[org.testng.TestRunner@50756c76]]>
              </value>
            </param>
          </params>
          <reporter-output>
          </reporter-output>
        </test-method> <!-- ProductSettingGroupCheck_SMA -->
        <test-method signature="ProductSettingGroupCheck_SMA(java.lang.String,java.lang.String,org.testng.ITestContext)[pri:5, instance:AASAutomation.test.ProductSettingTest@24c1b2d2]" started-at="2023-04-07T21:37:44 MYT" name="ProductSettingGroupCheck_SMA" data-provider="RealTimeProductData" finished-at="2023-04-07T21:37:45 MYT" duration-ms="242" status="PASS">
          <params>
            <param index="0">
              <value>
                <![CDATA[Beter]]>
              </value>
            </param>
            <param index="1">
              <value>
                <![CDATA[Active]]>
              </value>
            </param>
            <param index="2">
              <value>
                <![CDATA[org.testng.TestRunner@50756c76]]>
              </value>
            </param>
          </params>
          <reporter-output>
          </reporter-output>
        </test-method> <!-- ProductSettingGroupCheck_SMA -->
        <test-method signature="ProductSettingGroupCheck_SMA(java.lang.String,java.lang.String,org.testng.ITestContext)[pri:5, instance:AASAutomation.test.ProductSettingTest@24c1b2d2]" started-at="2023-04-07T21:37:45 MYT" name="ProductSettingGroupCheck_SMA" data-provider="RealTimeProductData" finished-at="2023-04-07T21:37:45 MYT" duration-ms="250" status="PASS">
          <params>
            <param index="0">
              <value>
                <![CDATA[Slots]]>
              </value>
            </param>
            <param index="1">
              <value>
                <![CDATA[Active]]>
              </value>
            </param>
            <param index="2">
              <value>
                <![CDATA[org.testng.TestRunner@50756c76]]>
              </value>
            </param>
          </params>
          <reporter-output>
          </reporter-output>
        </test-method> <!-- ProductSettingGroupCheck_SMA -->
        <test-method signature="ProductSettingGroupCheck_SMA(java.lang.String,java.lang.String,org.testng.ITestContext)[pri:5, instance:AASAutomation.test.ProductSettingTest@24c1b2d2]" started-at="2023-04-07T21:37:45 MYT" name="ProductSettingGroupCheck_SMA" data-provider="RealTimeProductData" finished-at="2023-04-07T21:37:45 MYT" duration-ms="259" status="PASS">
          <params>
            <param index="0">
              <value>
                <![CDATA[Playtech & Skywind Slot]]>
              </value>
            </param>
            <param index="1">
              <value>
                <![CDATA[Active]]>
              </value>
            </param>
            <param index="2">
              <value>
                <![CDATA[org.testng.TestRunner@50756c76]]>
              </value>
            </param>
          </params>
          <reporter-output>
          </reporter-output>
        </test-method> <!-- ProductSettingGroupCheck_SMA -->
        <test-method signature="ProceedToMA(org.testng.ITestContext)[pri:6, instance:AASAutomation.test.ProductSettingTest@24c1b2d2]" started-at="2023-04-07T21:37:45 MYT" name="ProceedToMA" finished-at="2023-04-07T21:37:50 MYT" duration-ms="5055" status="PASS">
          <params>
            <param index="0">
              <value>
                <![CDATA[org.testng.TestRunner@50756c76]]>
              </value>
            </param>
          </params>
          <reporter-output>
          </reporter-output>
        </test-method> <!-- ProceedToMA -->
        <test-method signature="SectionSetUpMA(org.testng.ITestContext)[pri:7, instance:AASAutomation.test.ProductSettingTest@24c1b2d2]" started-at="2023-04-07T21:37:50 MYT" name="SectionSetUpMA" finished-at="2023-04-07T21:37:51 MYT" duration-ms="594" status="PASS">
          <params>
            <param index="0">
              <value>
                <![CDATA[org.testng.TestRunner@50756c76]]>
              </value>
            </param>
          </params>
          <reporter-output>
          </reporter-output>
        </test-method> <!-- SectionSetUpMA -->
        <test-method signature="ProductSettingSingleUpdate_MA(java.lang.String,java.lang.String,org.testng.ITestContext)[pri:8, instance:AASAutomation.test.ProductSettingTest@24c1b2d2]" started-at="2023-04-07T21:37:51 MYT" name="ProductSettingSingleUpdate_MA" data-provider="RealTimeProductData" finished-at="2023-04-07T21:37:52 MYT" duration-ms="1394" status="PASS">
          <params>
            <param index="0">
              <value>
                <![CDATA[Evolution]]>
              </value>
            </param>
            <param index="1">
              <value>
                <![CDATA[Disabled]]>
              </value>
            </param>
            <param index="2">
              <value>
                <![CDATA[org.testng.TestRunner@50756c76]]>
              </value>
            </param>
          </params>
          <reporter-output>
          </reporter-output>
        </test-method> <!-- ProductSettingSingleUpdate_MA -->
        <test-method signature="ProductSettingSingleUpdate_MA(java.lang.String,java.lang.String,org.testng.ITestContext)[pri:8, instance:AASAutomation.test.ProductSettingTest@24c1b2d2]" started-at="2023-04-07T21:37:52 MYT" name="ProductSettingSingleUpdate_MA" data-provider="RealTimeProductData" finished-at="2023-04-07T21:37:53 MYT" duration-ms="1386" status="PASS">
          <params>
            <param index="0">
              <value>
                <![CDATA[Big Gaming]]>
              </value>
            </param>
            <param index="1">
              <value>
                <![CDATA[Disabled]]>
              </value>
            </param>
            <param index="2">
              <value>
                <![CDATA[org.testng.TestRunner@50756c76]]>
              </value>
            </param>
          </params>
          <reporter-output>
          </reporter-output>
        </test-method> <!-- ProductSettingSingleUpdate_MA -->
        <test-method signature="ProductSettingSingleUpdate_MA(java.lang.String,java.lang.String,org.testng.ITestContext)[pri:8, instance:AASAutomation.test.ProductSettingTest@24c1b2d2]" started-at="2023-04-07T21:37:53 MYT" name="ProductSettingSingleUpdate_MA" data-provider="RealTimeProductData" finished-at="2023-04-07T21:37:55 MYT" duration-ms="1561" status="PASS">
          <params>
            <param index="0">
              <value>
                <![CDATA[Asia Gaming]]>
              </value>
            </param>
            <param index="1">
              <value>
                <![CDATA[Disabled]]>
              </value>
            </param>
            <param index="2">
              <value>
                <![CDATA[org.testng.TestRunner@50756c76]]>
              </value>
            </param>
          </params>
          <reporter-output>
          </reporter-output>
        </test-method> <!-- ProductSettingSingleUpdate_MA -->
        <test-method signature="ProductSettingSingleUpdate_MA(java.lang.String,java.lang.String,org.testng.ITestContext)[pri:8, instance:AASAutomation.test.ProductSettingTest@24c1b2d2]" started-at="2023-04-07T21:37:55 MYT" name="ProductSettingSingleUpdate_MA" data-provider="RealTimeProductData" finished-at="2023-04-07T21:37:57 MYT" duration-ms="1497" status="PASS">
          <params>
            <param index="0">
              <value>
                <![CDATA[Dream Gaming]]>
              </value>
            </param>
            <param index="1">
              <value>
                <![CDATA[Disabled]]>
              </value>
            </param>
            <param index="2">
              <value>
                <![CDATA[org.testng.TestRunner@50756c76]]>
              </value>
            </param>
          </params>
          <reporter-output>
          </reporter-output>
        </test-method> <!-- ProductSettingSingleUpdate_MA -->
        <test-method signature="ProductSettingSingleUpdate_MA(java.lang.String,java.lang.String,org.testng.ITestContext)[pri:8, instance:AASAutomation.test.ProductSettingTest@24c1b2d2]" started-at="2023-04-07T21:37:57 MYT" name="ProductSettingSingleUpdate_MA" data-provider="RealTimeProductData" finished-at="2023-04-07T21:37:58 MYT" duration-ms="1470" status="PASS">
          <params>
            <param index="0">
              <value>
                <![CDATA[Sexy Gaming]]>
              </value>
            </param>
            <param index="1">
              <value>
                <![CDATA[Disabled]]>
              </value>
            </param>
            <param index="2">
              <value>
                <![CDATA[org.testng.TestRunner@50756c76]]>
              </value>
            </param>
          </params>
          <reporter-output>
          </reporter-output>
        </test-method> <!-- ProductSettingSingleUpdate_MA -->
        <test-method signature="ProductSettingSingleUpdate_MA(java.lang.String,java.lang.String,org.testng.ITestContext)[pri:8, instance:AASAutomation.test.ProductSettingTest@24c1b2d2]" started-at="2023-04-07T21:37:58 MYT" name="ProductSettingSingleUpdate_MA" data-provider="RealTimeProductData" finished-at="2023-04-07T21:38:00 MYT" duration-ms="1601" status="PASS">
          <params>
            <param index="0">
              <value>
                <![CDATA[PragmaticPlay]]>
              </value>
            </param>
            <param index="1">
              <value>
                <![CDATA[Disabled]]>
              </value>
            </param>
            <param index="2">
              <value>
                <![CDATA[org.testng.TestRunner@50756c76]]>
              </value>
            </param>
          </params>
          <reporter-output>
          </reporter-output>
        </test-method> <!-- ProductSettingSingleUpdate_MA -->
        <test-method signature="ProductSettingSingleUpdate_MA(java.lang.String,java.lang.String,org.testng.ITestContext)[pri:8, instance:AASAutomation.test.ProductSettingTest@24c1b2d2]" started-at="2023-04-07T21:38:00 MYT" name="ProductSettingSingleUpdate_MA" data-provider="RealTimeProductData" finished-at="2023-04-07T21:38:01 MYT" duration-ms="1796" status="PASS">
          <params>
            <param index="0">
              <value>
                <![CDATA[Playtech]]>
              </value>
            </param>
            <param index="1">
              <value>
                <![CDATA[Disabled]]>
              </value>
            </param>
            <param index="2">
              <value>
                <![CDATA[org.testng.TestRunner@50756c76]]>
              </value>
            </param>
          </params>
          <reporter-output>
          </reporter-output>
        </test-method> <!-- ProductSettingSingleUpdate_MA -->
        <test-method signature="ProductSettingSingleUpdate_MA(java.lang.String,java.lang.String,org.testng.ITestContext)[pri:8, instance:AASAutomation.test.ProductSettingTest@24c1b2d2]" started-at="2023-04-07T21:38:01 MYT" name="ProductSettingSingleUpdate_MA" data-provider="RealTimeProductData" finished-at="2023-04-07T21:38:09 MYT" duration-ms="7558" status="PASS">
          <params>
            <param index="0">
              <value>
                <![CDATA[Bota]]>
              </value>
            </param>
            <param index="1">
              <value>
                <![CDATA[Disabled]]>
              </value>
            </param>
            <param index="2">
              <value>
                <![CDATA[org.testng.TestRunner@50756c76]]>
              </value>
            </param>
          </params>
          <reporter-output>
          </reporter-output>
        </test-method> <!-- ProductSettingSingleUpdate_MA -->
        <test-method signature="ProductSettingSingleUpdate_MA(java.lang.String,java.lang.String,org.testng.ITestContext)[pri:8, instance:AASAutomation.test.ProductSettingTest@24c1b2d2]" started-at="2023-04-07T21:38:09 MYT" name="ProductSettingSingleUpdate_MA" data-provider="RealTimeProductData" finished-at="2023-04-07T21:38:11 MYT" duration-ms="1946" status="PASS">
          <params>
            <param index="0">
              <value>
                <![CDATA[DoWin]]>
              </value>
            </param>
            <param index="1">
              <value>
                <![CDATA[Disabled]]>
              </value>
            </param>
            <param index="2">
              <value>
                <![CDATA[org.testng.TestRunner@50756c76]]>
              </value>
            </param>
          </params>
          <reporter-output>
          </reporter-output>
        </test-method> <!-- ProductSettingSingleUpdate_MA -->
        <test-method signature="ProductSettingSingleUpdate_MA(java.lang.String,java.lang.String,org.testng.ITestContext)[pri:8, instance:AASAutomation.test.ProductSettingTest@24c1b2d2]" started-at="2023-04-07T21:38:11 MYT" name="ProductSettingSingleUpdate_MA" data-provider="RealTimeProductData" finished-at="2023-04-07T21:38:13 MYT" duration-ms="1641" status="PASS">
          <params>
            <param index="0">
              <value>
                <![CDATA[Double Dragon]]>
              </value>
            </param>
            <param index="1">
              <value>
                <![CDATA[Disabled]]>
              </value>
            </param>
            <param index="2">
              <value>
                <![CDATA[org.testng.TestRunner@50756c76]]>
              </value>
            </param>
          </params>
          <reporter-output>
          </reporter-output>
        </test-method> <!-- ProductSettingSingleUpdate_MA -->
        <test-method signature="ProductSettingSingleUpdate_MA(java.lang.String,java.lang.String,org.testng.ITestContext)[pri:8, instance:AASAutomation.test.ProductSettingTest@24c1b2d2]" started-at="2023-04-07T21:38:13 MYT" name="ProductSettingSingleUpdate_MA" data-provider="RealTimeProductData" finished-at="2023-04-07T21:38:14 MYT" duration-ms="1577" status="PASS">
          <params>
            <param index="0">
              <value>
                <![CDATA[Oriental Gaming]]>
              </value>
            </param>
            <param index="1">
              <value>
                <![CDATA[Disabled]]>
              </value>
            </param>
            <param index="2">
              <value>
                <![CDATA[org.testng.TestRunner@50756c76]]>
              </value>
            </param>
          </params>
          <reporter-output>
          </reporter-output>
        </test-method> <!-- ProductSettingSingleUpdate_MA -->
        <test-method signature="ProductSettingSingleUpdate_MA(java.lang.String,java.lang.String,org.testng.ITestContext)[pri:8, instance:AASAutomation.test.ProductSettingTest@24c1b2d2]" started-at="2023-04-07T21:38:14 MYT" name="ProductSettingSingleUpdate_MA" data-provider="RealTimeProductData" finished-at="2023-04-07T21:38:16 MYT" duration-ms="1614" status="PASS">
          <params>
            <param index="0">
              <value>
                <![CDATA[Arena]]>
              </value>
            </param>
            <param index="1">
              <value>
                <![CDATA[Disabled]]>
              </value>
            </param>
            <param index="2">
              <value>
                <![CDATA[org.testng.TestRunner@50756c76]]>
              </value>
            </param>
          </params>
          <reporter-output>
          </reporter-output>
        </test-method> <!-- ProductSettingSingleUpdate_MA -->
        <test-method signature="ProductSettingSingleUpdate_MA(java.lang.String,java.lang.String,org.testng.ITestContext)[pri:8, instance:AASAutomation.test.ProductSettingTest@24c1b2d2]" started-at="2023-04-07T21:38:16 MYT" name="ProductSettingSingleUpdate_MA" data-provider="RealTimeProductData" finished-at="2023-04-07T21:38:17 MYT" duration-ms="1645" status="PASS">
          <params>
            <param index="0">
              <value>
                <![CDATA[Taishan]]>
              </value>
            </param>
            <param index="1">
              <value>
                <![CDATA[Disabled]]>
              </value>
            </param>
            <param index="2">
              <value>
                <![CDATA[org.testng.TestRunner@50756c76]]>
              </value>
            </param>
          </params>
          <reporter-output>
          </reporter-output>
        </test-method> <!-- ProductSettingSingleUpdate_MA -->
        <test-method signature="ProductSettingSingleUpdate_MA(java.lang.String,java.lang.String,org.testng.ITestContext)[pri:8, instance:AASAutomation.test.ProductSettingTest@24c1b2d2]" started-at="2023-04-07T21:38:17 MYT" name="ProductSettingSingleUpdate_MA" data-provider="RealTimeProductData" finished-at="2023-04-07T21:38:19 MYT" duration-ms="1673" status="PASS">
          <params>
            <param index="0">
              <value>
                <![CDATA[Vegas Lounge]]>
              </value>
            </param>
            <param index="1">
              <value>
                <![CDATA[Disabled]]>
              </value>
            </param>
            <param index="2">
              <value>
                <![CDATA[org.testng.TestRunner@50756c76]]>
              </value>
            </param>
          </params>
          <reporter-output>
          </reporter-output>
        </test-method> <!-- ProductSettingSingleUpdate_MA -->
        <test-method signature="ProductSettingSingleUpdate_MA(java.lang.String,java.lang.String,org.testng.ITestContext)[pri:8, instance:AASAutomation.test.ProductSettingTest@24c1b2d2]" started-at="2023-04-07T21:38:19 MYT" name="ProductSettingSingleUpdate_MA" data-provider="RealTimeProductData" finished-at="2023-04-07T21:38:21 MYT" duration-ms="1693" status="PASS">
          <params>
            <param index="0">
              <value>
                <![CDATA[Beter]]>
              </value>
            </param>
            <param index="1">
              <value>
                <![CDATA[Disabled]]>
              </value>
            </param>
            <param index="2">
              <value>
                <![CDATA[org.testng.TestRunner@50756c76]]>
              </value>
            </param>
          </params>
          <reporter-output>
          </reporter-output>
        </test-method> <!-- ProductSettingSingleUpdate_MA -->
        <test-method signature="ProductSettingSingleUpdate_MA(java.lang.String,java.lang.String,org.testng.ITestContext)[pri:8, instance:AASAutomation.test.ProductSettingTest@24c1b2d2]" started-at="2023-04-07T21:38:21 MYT" name="ProductSettingSingleUpdate_MA" data-provider="RealTimeProductData" finished-at="2023-04-07T21:38:23 MYT" duration-ms="1871" status="PASS">
          <params>
            <param index="0">
              <value>
                <![CDATA[Slots]]>
              </value>
            </param>
            <param index="1">
              <value>
                <![CDATA[Disabled]]>
              </value>
            </param>
            <param index="2">
              <value>
                <![CDATA[org.testng.TestRunner@50756c76]]>
              </value>
            </param>
          </params>
          <reporter-output>
          </reporter-output>
        </test-method> <!-- ProductSettingSingleUpdate_MA -->
        <test-method signature="ProductSettingSingleUpdate_MA(java.lang.String,java.lang.String,org.testng.ITestContext)[pri:8, instance:AASAutomation.test.ProductSettingTest@24c1b2d2]" started-at="2023-04-07T21:38:23 MYT" name="ProductSettingSingleUpdate_MA" data-provider="RealTimeProductData" finished-at="2023-04-07T21:38:24 MYT" duration-ms="1729" status="PASS">
          <params>
            <param index="0">
              <value>
                <![CDATA[Playtech & Skywind Slot]]>
              </value>
            </param>
            <param index="1">
              <value>
                <![CDATA[Disabled]]>
              </value>
            </param>
            <param index="2">
              <value>
                <![CDATA[org.testng.TestRunner@50756c76]]>
              </value>
            </param>
          </params>
          <reporter-output>
          </reporter-output>
        </test-method> <!-- ProductSettingSingleUpdate_MA -->
        <test-method signature="ProductSettingGroupUpdate_MA(org.testng.ITestContext)[pri:9, instance:AASAutomation.test.ProductSettingTest@24c1b2d2]" started-at="2023-04-07T21:38:24 MYT" name="ProductSettingGroupUpdate_MA" finished-at="2023-04-07T21:38:27 MYT" duration-ms="2164" status="PASS">
          <params>
            <param index="0">
              <value>
                <![CDATA[org.testng.TestRunner@50756c76]]>
              </value>
            </param>
          </params>
          <reporter-output>
          </reporter-output>
        </test-method> <!-- ProductSettingGroupUpdate_MA -->
        <test-method signature="ProductSettingGroupCheck_MA(java.lang.String,java.lang.String,org.testng.ITestContext)[pri:10, instance:AASAutomation.test.ProductSettingTest@24c1b2d2]" started-at="2023-04-07T21:38:27 MYT" name="ProductSettingGroupCheck_MA" data-provider="RealTimeProductData" finished-at="2023-04-07T21:38:27 MYT" duration-ms="110" status="PASS">
          <params>
            <param index="0">
              <value>
                <![CDATA[Evolution]]>
              </value>
            </param>
            <param index="1">
              <value>
                <![CDATA[Disabled]]>
              </value>
            </param>
            <param index="2">
              <value>
                <![CDATA[org.testng.TestRunner@50756c76]]>
              </value>
            </param>
          </params>
          <reporter-output>
          </reporter-output>
        </test-method> <!-- ProductSettingGroupCheck_MA -->
        <test-method signature="ProductSettingGroupCheck_MA(java.lang.String,java.lang.String,org.testng.ITestContext)[pri:10, instance:AASAutomation.test.ProductSettingTest@24c1b2d2]" started-at="2023-04-07T21:38:27 MYT" name="ProductSettingGroupCheck_MA" data-provider="RealTimeProductData" finished-at="2023-04-07T21:38:27 MYT" duration-ms="91" status="PASS">
          <params>
            <param index="0">
              <value>
                <![CDATA[Big Gaming]]>
              </value>
            </param>
            <param index="1">
              <value>
                <![CDATA[Disabled]]>
              </value>
            </param>
            <param index="2">
              <value>
                <![CDATA[org.testng.TestRunner@50756c76]]>
              </value>
            </param>
          </params>
          <reporter-output>
          </reporter-output>
        </test-method> <!-- ProductSettingGroupCheck_MA -->
        <test-method signature="ProductSettingGroupCheck_MA(java.lang.String,java.lang.String,org.testng.ITestContext)[pri:10, instance:AASAutomation.test.ProductSettingTest@24c1b2d2]" started-at="2023-04-07T21:38:27 MYT" name="ProductSettingGroupCheck_MA" data-provider="RealTimeProductData" finished-at="2023-04-07T21:38:27 MYT" duration-ms="102" status="PASS">
          <params>
            <param index="0">
              <value>
                <![CDATA[Asia Gaming]]>
              </value>
            </param>
            <param index="1">
              <value>
                <![CDATA[Disabled]]>
              </value>
            </param>
            <param index="2">
              <value>
                <![CDATA[org.testng.TestRunner@50756c76]]>
              </value>
            </param>
          </params>
          <reporter-output>
          </reporter-output>
        </test-method> <!-- ProductSettingGroupCheck_MA -->
        <test-method signature="ProductSettingGroupCheck_MA(java.lang.String,java.lang.String,org.testng.ITestContext)[pri:10, instance:AASAutomation.test.ProductSettingTest@24c1b2d2]" started-at="2023-04-07T21:38:27 MYT" name="ProductSettingGroupCheck_MA" data-provider="RealTimeProductData" finished-at="2023-04-07T21:38:27 MYT" duration-ms="114" status="PASS">
          <params>
            <param index="0">
              <value>
                <![CDATA[Dream Gaming]]>
              </value>
            </param>
            <param index="1">
              <value>
                <![CDATA[Disabled]]>
              </value>
            </param>
            <param index="2">
              <value>
                <![CDATA[org.testng.TestRunner@50756c76]]>
              </value>
            </param>
          </params>
          <reporter-output>
          </reporter-output>
        </test-method> <!-- ProductSettingGroupCheck_MA -->
        <test-method signature="ProductSettingGroupCheck_MA(java.lang.String,java.lang.String,org.testng.ITestContext)[pri:10, instance:AASAutomation.test.ProductSettingTest@24c1b2d2]" started-at="2023-04-07T21:38:27 MYT" name="ProductSettingGroupCheck_MA" data-provider="RealTimeProductData" finished-at="2023-04-07T21:38:27 MYT" duration-ms="126" status="PASS">
          <params>
            <param index="0">
              <value>
                <![CDATA[Sexy Gaming]]>
              </value>
            </param>
            <param index="1">
              <value>
                <![CDATA[Disabled]]>
              </value>
            </param>
            <param index="2">
              <value>
                <![CDATA[org.testng.TestRunner@50756c76]]>
              </value>
            </param>
          </params>
          <reporter-output>
          </reporter-output>
        </test-method> <!-- ProductSettingGroupCheck_MA -->
        <test-method signature="ProductSettingGroupCheck_MA(java.lang.String,java.lang.String,org.testng.ITestContext)[pri:10, instance:AASAutomation.test.ProductSettingTest@24c1b2d2]" started-at="2023-04-07T21:38:27 MYT" name="ProductSettingGroupCheck_MA" data-provider="RealTimeProductData" finished-at="2023-04-07T21:38:27 MYT" duration-ms="140" status="PASS">
          <params>
            <param index="0">
              <value>
                <![CDATA[PragmaticPlay]]>
              </value>
            </param>
            <param index="1">
              <value>
                <![CDATA[Disabled]]>
              </value>
            </param>
            <param index="2">
              <value>
                <![CDATA[org.testng.TestRunner@50756c76]]>
              </value>
            </param>
          </params>
          <reporter-output>
          </reporter-output>
        </test-method> <!-- ProductSettingGroupCheck_MA -->
        <test-method signature="ProductSettingGroupCheck_MA(java.lang.String,java.lang.String,org.testng.ITestContext)[pri:10, instance:AASAutomation.test.ProductSettingTest@24c1b2d2]" started-at="2023-04-07T21:38:27 MYT" name="ProductSettingGroupCheck_MA" data-provider="RealTimeProductData" finished-at="2023-04-07T21:38:27 MYT" duration-ms="147" status="PASS">
          <params>
            <param index="0">
              <value>
                <![CDATA[Playtech]]>
              </value>
            </param>
            <param index="1">
              <value>
                <![CDATA[Disabled]]>
              </value>
            </param>
            <param index="2">
              <value>
                <![CDATA[org.testng.TestRunner@50756c76]]>
              </value>
            </param>
          </params>
          <reporter-output>
          </reporter-output>
        </test-method> <!-- ProductSettingGroupCheck_MA -->
        <test-method signature="ProductSettingGroupCheck_MA(java.lang.String,java.lang.String,org.testng.ITestContext)[pri:10, instance:AASAutomation.test.ProductSettingTest@24c1b2d2]" started-at="2023-04-07T21:38:27 MYT" name="ProductSettingGroupCheck_MA" data-provider="RealTimeProductData" finished-at="2023-04-07T21:38:28 MYT" duration-ms="159" status="PASS">
          <params>
            <param index="0">
              <value>
                <![CDATA[Bota]]>
              </value>
            </param>
            <param index="1">
              <value>
                <![CDATA[Disabled]]>
              </value>
            </param>
            <param index="2">
              <value>
                <![CDATA[org.testng.TestRunner@50756c76]]>
              </value>
            </param>
          </params>
          <reporter-output>
          </reporter-output>
        </test-method> <!-- ProductSettingGroupCheck_MA -->
        <test-method signature="ProductSettingGroupCheck_MA(java.lang.String,java.lang.String,org.testng.ITestContext)[pri:10, instance:AASAutomation.test.ProductSettingTest@24c1b2d2]" started-at="2023-04-07T21:38:28 MYT" name="ProductSettingGroupCheck_MA" data-provider="RealTimeProductData" finished-at="2023-04-07T21:38:28 MYT" duration-ms="173" status="PASS">
          <params>
            <param index="0">
              <value>
                <![CDATA[DoWin]]>
              </value>
            </param>
            <param index="1">
              <value>
                <![CDATA[Disabled]]>
              </value>
            </param>
            <param index="2">
              <value>
                <![CDATA[org.testng.TestRunner@50756c76]]>
              </value>
            </param>
          </params>
          <reporter-output>
          </reporter-output>
        </test-method> <!-- ProductSettingGroupCheck_MA -->
        <test-method signature="ProductSettingGroupCheck_MA(java.lang.String,java.lang.String,org.testng.ITestContext)[pri:10, instance:AASAutomation.test.ProductSettingTest@24c1b2d2]" started-at="2023-04-07T21:38:28 MYT" name="ProductSettingGroupCheck_MA" data-provider="RealTimeProductData" finished-at="2023-04-07T21:38:28 MYT" duration-ms="185" status="PASS">
          <params>
            <param index="0">
              <value>
                <![CDATA[Double Dragon]]>
              </value>
            </param>
            <param index="1">
              <value>
                <![CDATA[Disabled]]>
              </value>
            </param>
            <param index="2">
              <value>
                <![CDATA[org.testng.TestRunner@50756c76]]>
              </value>
            </param>
          </params>
          <reporter-output>
          </reporter-output>
        </test-method> <!-- ProductSettingGroupCheck_MA -->
        <test-method signature="ProductSettingGroupCheck_MA(java.lang.String,java.lang.String,org.testng.ITestContext)[pri:10, instance:AASAutomation.test.ProductSettingTest@24c1b2d2]" started-at="2023-04-07T21:38:28 MYT" name="ProductSettingGroupCheck_MA" data-provider="RealTimeProductData" finished-at="2023-04-07T21:38:28 MYT" duration-ms="192" status="PASS">
          <params>
            <param index="0">
              <value>
                <![CDATA[Oriental Gaming]]>
              </value>
            </param>
            <param index="1">
              <value>
                <![CDATA[Disabled]]>
              </value>
            </param>
            <param index="2">
              <value>
                <![CDATA[org.testng.TestRunner@50756c76]]>
              </value>
            </param>
          </params>
          <reporter-output>
          </reporter-output>
        </test-method> <!-- ProductSettingGroupCheck_MA -->
        <test-method signature="ProductSettingGroupCheck_MA(java.lang.String,java.lang.String,org.testng.ITestContext)[pri:10, instance:AASAutomation.test.ProductSettingTest@24c1b2d2]" started-at="2023-04-07T21:38:28 MYT" name="ProductSettingGroupCheck_MA" data-provider="RealTimeProductData" finished-at="2023-04-07T21:38:28 MYT" duration-ms="204" status="PASS">
          <params>
            <param index="0">
              <value>
                <![CDATA[Arena]]>
              </value>
            </param>
            <param index="1">
              <value>
                <![CDATA[Disabled]]>
              </value>
            </param>
            <param index="2">
              <value>
                <![CDATA[org.testng.TestRunner@50756c76]]>
              </value>
            </param>
          </params>
          <reporter-output>
          </reporter-output>
        </test-method> <!-- ProductSettingGroupCheck_MA -->
        <test-method signature="ProductSettingGroupCheck_MA(java.lang.String,java.lang.String,org.testng.ITestContext)[pri:10, instance:AASAutomation.test.ProductSettingTest@24c1b2d2]" started-at="2023-04-07T21:38:28 MYT" name="ProductSettingGroupCheck_MA" data-provider="RealTimeProductData" finished-at="2023-04-07T21:38:28 MYT" duration-ms="225" status="PASS">
          <params>
            <param index="0">
              <value>
                <![CDATA[Taishan]]>
              </value>
            </param>
            <param index="1">
              <value>
                <![CDATA[Disabled]]>
              </value>
            </param>
            <param index="2">
              <value>
                <![CDATA[org.testng.TestRunner@50756c76]]>
              </value>
            </param>
          </params>
          <reporter-output>
          </reporter-output>
        </test-method> <!-- ProductSettingGroupCheck_MA -->
        <test-method signature="ProductSettingGroupCheck_MA(java.lang.String,java.lang.String,org.testng.ITestContext)[pri:10, instance:AASAutomation.test.ProductSettingTest@24c1b2d2]" started-at="2023-04-07T21:38:28 MYT" name="ProductSettingGroupCheck_MA" data-provider="RealTimeProductData" finished-at="2023-04-07T21:38:29 MYT" duration-ms="233" status="PASS">
          <params>
            <param index="0">
              <value>
                <![CDATA[Vegas Lounge]]>
              </value>
            </param>
            <param index="1">
              <value>
                <![CDATA[Disabled]]>
              </value>
            </param>
            <param index="2">
              <value>
                <![CDATA[org.testng.TestRunner@50756c76]]>
              </value>
            </param>
          </params>
          <reporter-output>
          </reporter-output>
        </test-method> <!-- ProductSettingGroupCheck_MA -->
        <test-method signature="ProductSettingGroupCheck_MA(java.lang.String,java.lang.String,org.testng.ITestContext)[pri:10, instance:AASAutomation.test.ProductSettingTest@24c1b2d2]" started-at="2023-04-07T21:38:29 MYT" name="ProductSettingGroupCheck_MA" data-provider="RealTimeProductData" finished-at="2023-04-07T21:38:29 MYT" duration-ms="240" status="PASS">
          <params>
            <param index="0">
              <value>
                <![CDATA[Beter]]>
              </value>
            </param>
            <param index="1">
              <value>
                <![CDATA[Disabled]]>
              </value>
            </param>
            <param index="2">
              <value>
                <![CDATA[org.testng.TestRunner@50756c76]]>
              </value>
            </param>
          </params>
          <reporter-output>
          </reporter-output>
        </test-method> <!-- ProductSettingGroupCheck_MA -->
        <test-method signature="ProductSettingGroupCheck_MA(java.lang.String,java.lang.String,org.testng.ITestContext)[pri:10, instance:AASAutomation.test.ProductSettingTest@24c1b2d2]" started-at="2023-04-07T21:38:29 MYT" name="ProductSettingGroupCheck_MA" data-provider="RealTimeProductData" finished-at="2023-04-07T21:38:29 MYT" duration-ms="250" status="PASS">
          <params>
            <param index="0">
              <value>
                <![CDATA[Slots]]>
              </value>
            </param>
            <param index="1">
              <value>
                <![CDATA[Disabled]]>
              </value>
            </param>
            <param index="2">
              <value>
                <![CDATA[org.testng.TestRunner@50756c76]]>
              </value>
            </param>
          </params>
          <reporter-output>
          </reporter-output>
        </test-method> <!-- ProductSettingGroupCheck_MA -->
        <test-method signature="ProductSettingGroupCheck_MA(java.lang.String,java.lang.String,org.testng.ITestContext)[pri:10, instance:AASAutomation.test.ProductSettingTest@24c1b2d2]" started-at="2023-04-07T21:38:29 MYT" name="ProductSettingGroupCheck_MA" data-provider="RealTimeProductData" finished-at="2023-04-07T21:38:29 MYT" duration-ms="262" status="PASS">
          <params>
            <param index="0">
              <value>
                <![CDATA[Playtech & Skywind Slot]]>
              </value>
            </param>
            <param index="1">
              <value>
                <![CDATA[Disabled]]>
              </value>
            </param>
            <param index="2">
              <value>
                <![CDATA[org.testng.TestRunner@50756c76]]>
              </value>
            </param>
          </params>
          <reporter-output>
          </reporter-output>
        </test-method> <!-- ProductSettingGroupCheck_MA -->
        <test-method signature="ProceedToAG(org.testng.ITestContext)[pri:11, instance:AASAutomation.test.ProductSettingTest@24c1b2d2]" started-at="2023-04-07T21:38:29 MYT" name="ProceedToAG" finished-at="2023-04-07T21:38:34 MYT" duration-ms="4607" status="PASS">
          <params>
            <param index="0">
              <value>
                <![CDATA[org.testng.TestRunner@50756c76]]>
              </value>
            </param>
          </params>
          <reporter-output>
          </reporter-output>
        </test-method> <!-- ProceedToAG -->
        <test-method signature="SectionSetUpAG(org.testng.ITestContext)[pri:12, instance:AASAutomation.test.ProductSettingTest@24c1b2d2]" started-at="2023-04-07T21:38:34 MYT" name="SectionSetUpAG" finished-at="2023-04-07T21:38:35 MYT" duration-ms="586" status="PASS">
          <params>
            <param index="0">
              <value>
                <![CDATA[org.testng.TestRunner@50756c76]]>
              </value>
            </param>
          </params>
          <reporter-output>
          </reporter-output>
        </test-method> <!-- SectionSetUpAG -->
        <test-method signature="ProductSettingSingleUpdate_AG(java.lang.String,java.lang.String,org.testng.ITestContext)[pri:13, instance:AASAutomation.test.ProductSettingTest@24c1b2d2]" started-at="2023-04-07T21:38:35 MYT" name="ProductSettingSingleUpdate_AG" data-provider="RealTimeProductData" finished-at="2023-04-07T21:38:36 MYT" duration-ms="1379" status="PASS">
          <params>
            <param index="0">
              <value>
                <![CDATA[Evolution]]>
              </value>
            </param>
            <param index="1">
              <value>
                <![CDATA[Disabled]]>
              </value>
            </param>
            <param index="2">
              <value>
                <![CDATA[org.testng.TestRunner@50756c76]]>
              </value>
            </param>
          </params>
          <reporter-output>
          </reporter-output>
        </test-method> <!-- ProductSettingSingleUpdate_AG -->
        <test-method signature="ProductSettingSingleUpdate_AG(java.lang.String,java.lang.String,org.testng.ITestContext)[pri:13, instance:AASAutomation.test.ProductSettingTest@24c1b2d2]" started-at="2023-04-07T21:38:36 MYT" name="ProductSettingSingleUpdate_AG" data-provider="RealTimeProductData" finished-at="2023-04-07T21:38:37 MYT" duration-ms="1409" status="PASS">
          <params>
            <param index="0">
              <value>
                <![CDATA[Big Gaming]]>
              </value>
            </param>
            <param index="1">
              <value>
                <![CDATA[Disabled]]>
              </value>
            </param>
            <param index="2">
              <value>
                <![CDATA[org.testng.TestRunner@50756c76]]>
              </value>
            </param>
          </params>
          <reporter-output>
          </reporter-output>
        </test-method> <!-- ProductSettingSingleUpdate_AG -->
        <test-method signature="ProductSettingSingleUpdate_AG(java.lang.String,java.lang.String,org.testng.ITestContext)[pri:13, instance:AASAutomation.test.ProductSettingTest@24c1b2d2]" started-at="2023-04-07T21:38:37 MYT" name="ProductSettingSingleUpdate_AG" data-provider="RealTimeProductData" finished-at="2023-04-07T21:38:39 MYT" duration-ms="1433" status="PASS">
          <params>
            <param index="0">
              <value>
                <![CDATA[Asia Gaming]]>
              </value>
            </param>
            <param index="1">
              <value>
                <![CDATA[Disabled]]>
              </value>
            </param>
            <param index="2">
              <value>
                <![CDATA[org.testng.TestRunner@50756c76]]>
              </value>
            </param>
          </params>
          <reporter-output>
          </reporter-output>
        </test-method> <!-- ProductSettingSingleUpdate_AG -->
        <test-method signature="ProductSettingSingleUpdate_AG(java.lang.String,java.lang.String,org.testng.ITestContext)[pri:13, instance:AASAutomation.test.ProductSettingTest@24c1b2d2]" started-at="2023-04-07T21:38:39 MYT" name="ProductSettingSingleUpdate_AG" data-provider="RealTimeProductData" finished-at="2023-04-07T21:38:40 MYT" duration-ms="1480" status="PASS">
          <params>
            <param index="0">
              <value>
                <![CDATA[Dream Gaming]]>
              </value>
            </param>
            <param index="1">
              <value>
                <![CDATA[Disabled]]>
              </value>
            </param>
            <param index="2">
              <value>
                <![CDATA[org.testng.TestRunner@50756c76]]>
              </value>
            </param>
          </params>
          <reporter-output>
          </reporter-output>
        </test-method> <!-- ProductSettingSingleUpdate_AG -->
        <test-method signature="ProductSettingSingleUpdate_AG(java.lang.String,java.lang.String,org.testng.ITestContext)[pri:13, instance:AASAutomation.test.ProductSettingTest@24c1b2d2]" started-at="2023-04-07T21:38:40 MYT" name="ProductSettingSingleUpdate_AG" data-provider="RealTimeProductData" finished-at="2023-04-07T21:38:42 MYT" duration-ms="1463" status="PASS">
          <params>
            <param index="0">
              <value>
                <![CDATA[Sexy Gaming]]>
              </value>
            </param>
            <param index="1">
              <value>
                <![CDATA[Disabled]]>
              </value>
            </param>
            <param index="2">
              <value>
                <![CDATA[org.testng.TestRunner@50756c76]]>
              </value>
            </param>
          </params>
          <reporter-output>
          </reporter-output>
        </test-method> <!-- ProductSettingSingleUpdate_AG -->
        <test-method signature="ProductSettingSingleUpdate_AG(java.lang.String,java.lang.String,org.testng.ITestContext)[pri:13, instance:AASAutomation.test.ProductSettingTest@24c1b2d2]" started-at="2023-04-07T21:38:42 MYT" name="ProductSettingSingleUpdate_AG" data-provider="RealTimeProductData" finished-at="2023-04-07T21:38:43 MYT" duration-ms="1489" status="PASS">
          <params>
            <param index="0">
              <value>
                <![CDATA[PragmaticPlay]]>
              </value>
            </param>
            <param index="1">
              <value>
                <![CDATA[Disabled]]>
              </value>
            </param>
            <param index="2">
              <value>
                <![CDATA[org.testng.TestRunner@50756c76]]>
              </value>
            </param>
          </params>
          <reporter-output>
          </reporter-output>
        </test-method> <!-- ProductSettingSingleUpdate_AG -->
        <test-method signature="ProductSettingSingleUpdate_AG(java.lang.String,java.lang.String,org.testng.ITestContext)[pri:13, instance:AASAutomation.test.ProductSettingTest@24c1b2d2]" started-at="2023-04-07T21:38:43 MYT" name="ProductSettingSingleUpdate_AG" data-provider="RealTimeProductData" finished-at="2023-04-07T21:38:45 MYT" duration-ms="1522" status="PASS">
          <params>
            <param index="0">
              <value>
                <![CDATA[Playtech]]>
              </value>
            </param>
            <param index="1">
              <value>
                <![CDATA[Disabled]]>
              </value>
            </param>
            <param index="2">
              <value>
                <![CDATA[org.testng.TestRunner@50756c76]]>
              </value>
            </param>
          </params>
          <reporter-output>
          </reporter-output>
        </test-method> <!-- ProductSettingSingleUpdate_AG -->
        <test-method signature="ProductSettingSingleUpdate_AG(java.lang.String,java.lang.String,org.testng.ITestContext)[pri:13, instance:AASAutomation.test.ProductSettingTest@24c1b2d2]" started-at="2023-04-07T21:38:45 MYT" name="ProductSettingSingleUpdate_AG" data-provider="RealTimeProductData" finished-at="2023-04-07T21:38:46 MYT" duration-ms="1534" status="PASS">
          <params>
            <param index="0">
              <value>
                <![CDATA[Bota]]>
              </value>
            </param>
            <param index="1">
              <value>
                <![CDATA[Disabled]]>
              </value>
            </param>
            <param index="2">
              <value>
                <![CDATA[org.testng.TestRunner@50756c76]]>
              </value>
            </param>
          </params>
          <reporter-output>
          </reporter-output>
        </test-method> <!-- ProductSettingSingleUpdate_AG -->
        <test-method signature="ProductSettingSingleUpdate_AG(java.lang.String,java.lang.String,org.testng.ITestContext)[pri:13, instance:AASAutomation.test.ProductSettingTest@24c1b2d2]" started-at="2023-04-07T21:38:46 MYT" name="ProductSettingSingleUpdate_AG" data-provider="RealTimeProductData" finished-at="2023-04-07T21:38:48 MYT" duration-ms="1619" status="PASS">
          <params>
            <param index="0">
              <value>
                <![CDATA[DoWin]]>
              </value>
            </param>
            <param index="1">
              <value>
                <![CDATA[Disabled]]>
              </value>
            </param>
            <param index="2">
              <value>
                <![CDATA[org.testng.TestRunner@50756c76]]>
              </value>
            </param>
          </params>
          <reporter-output>
          </reporter-output>
        </test-method> <!-- ProductSettingSingleUpdate_AG -->
        <test-method signature="ProductSettingSingleUpdate_AG(java.lang.String,java.lang.String,org.testng.ITestContext)[pri:13, instance:AASAutomation.test.ProductSettingTest@24c1b2d2]" started-at="2023-04-07T21:38:48 MYT" name="ProductSettingSingleUpdate_AG" data-provider="RealTimeProductData" finished-at="2023-04-07T21:38:50 MYT" duration-ms="1564" status="PASS">
          <params>
            <param index="0">
              <value>
                <![CDATA[Double Dragon]]>
              </value>
            </param>
            <param index="1">
              <value>
                <![CDATA[Disabled]]>
              </value>
            </param>
            <param index="2">
              <value>
                <![CDATA[org.testng.TestRunner@50756c76]]>
              </value>
            </param>
          </params>
          <reporter-output>
          </reporter-output>
        </test-method> <!-- ProductSettingSingleUpdate_AG -->
        <test-method signature="ProductSettingSingleUpdate_AG(java.lang.String,java.lang.String,org.testng.ITestContext)[pri:13, instance:AASAutomation.test.ProductSettingTest@24c1b2d2]" started-at="2023-04-07T21:38:50 MYT" name="ProductSettingSingleUpdate_AG" data-provider="RealTimeProductData" finished-at="2023-04-07T21:38:51 MYT" duration-ms="1605" status="PASS">
          <params>
            <param index="0">
              <value>
                <![CDATA[Oriental Gaming]]>
              </value>
            </param>
            <param index="1">
              <value>
                <![CDATA[Disabled]]>
              </value>
            </param>
            <param index="2">
[...]
          <params>
            <param index="0">
              <value>
                <![CDATA[Beter]]>
              </value>
            </param>
            <param index="1">
              <value>
                <![CDATA[Disabled]]>
              </value>
            </param>
            <param index="2">
              <value>
                <![CDATA[org.testng.TestRunner@50756c76]]>
              </value>
            </param>
          </params>
          <reporter-output>
          </reporter-output>
        </test-method> <!-- ProductSettingSingleUpdate_AG -->
        <test-method signature="ProductSettingSingleUpdate_AG(java.lang.String,java.lang.String,org.testng.ITestContext)[pri:13, instance:AASAutomation.test.ProductSettingTest@24c1b2d2]" started-at="2023-04-07T21:38:58 MYT" name="ProductSettingSingleUpdate_AG" data-provider="RealTimeProductData" finished-at="2023-04-07T21:39:00 MYT" duration-ms="1938" status="PASS">
          <params>
            <param index="0">
              <value>
                <![CDATA[Slots]]>
              </value>
            </param>
            <param index="1">
              <value>
                <![CDATA[Disabled]]>
              </value>
            </param>
            <param index="2">
              <value>
                <![CDATA[org.testng.TestRunner@50756c76]]>
              </value>
            </param>
          </params>
          <reporter-output>
          </reporter-output>
        </test-method> <!-- ProductSettingSingleUpdate_AG -->
        <test-method signature="ProductSettingSingleUpdate_AG(java.lang.String,java.lang.String,org.testng.ITestContext)[pri:13, instance:AASAutomation.test.ProductSettingTest@24c1b2d2]" started-at="2023-04-07T21:39:00 MYT" name="ProductSettingSingleUpdate_AG" data-provider="RealTimeProductData" finished-at="2023-04-07T21:39:02 MYT" duration-ms="1740" status="PASS">
          <params>
            <param index="0">
              <value>
                <![CDATA[Playtech & Skywind Slot]]>
              </value>
            </param>
            <param index="1">
              <value>
                <![CDATA[Disabled]]>
              </value>
            </param>
            <param index="2">
              <value>
                <![CDATA[org.testng.TestRunner@50756c76]]>
              </value>
            </param>
          </params>
          <reporter-output>
          </reporter-output>
        </test-method> <!-- ProductSettingSingleUpdate_AG -->
        <test-method signature="ProductSettingGroupUpdate_AG(org.testng.ITestContext)[pri:14, instance:AASAutomation.test.ProductSettingTest@24c1b2d2]" started-at="2023-04-07T21:39:02 MYT" name="ProductSettingGroupUpdate_AG" finished-at="2023-04-07T21:39:07 MYT" duration-ms="5898" status="PASS">
          <params>
            <param index="0">
              <value>
                <![CDATA[org.testng.TestRunner@50756c76]]>
              </value>
            </param>
          </params>
          <reporter-output>
          </reporter-output>
        </test-method> <!-- ProductSettingGroupUpdate_AG -->
        <test-method signature="ProductSettingGroupCheck_AG(java.lang.String,java.lang.String,org.testng.ITestContext)[pri:15, instance:AASAutomation.test.ProductSettingTest@24c1b2d2]" started-at="2023-04-07T21:39:07 MYT" name="ProductSettingGroupCheck_AG" data-provider="RealTimeProductData" finished-at="2023-04-07T21:39:10 MYT" duration-ms="2703" status="PASS">
          <params>
            <param index="0">
              <value>
                <![CDATA[Evolution]]>
              </value>
            </param>
            <param index="1">
              <value>
                <![CDATA[Disabled]]>
              </value>
            </param>
            <param index="2">
              <value>
                <![CDATA[org.testng.TestRunner@50756c76]]>
              </value>
            </param>
          </params>
          <reporter-output>
          </reporter-output>
        </test-method> <!-- ProductSettingGroupCheck_AG -->
        <test-method signature="ProductSettingGroupCheck_AG(java.lang.String,java.lang.String,org.testng.ITestContext)[pri:15, instance:AASAutomation.test.ProductSettingTest@24c1b2d2]" started-at="2023-04-07T21:39:10 MYT" name="ProductSettingGroupCheck_AG" data-provider="RealTimeProductData" finished-at="2023-04-07T21:39:10 MYT" duration-ms="90" status="PASS">
          <params>
            <param index="0">
              <value>
                <![CDATA[Big Gaming]]>
              </value>
            </param>
            <param index="1">
              <value>
                <![CDATA[Disabled]]>
              </value>
            </param>
            <param index="2">
              <value>
                <![CDATA[org.testng.TestRunner@50756c76]]>
              </value>
            </param>
          </params>
          <reporter-output>
          </reporter-output>
        </test-method> <!-- ProductSettingGroupCheck_AG -->
        <test-method signature="ProductSettingGroupCheck_AG(java.lang.String,java.lang.String,org.testng.ITestContext)[pri:15, instance:AASAutomation.test.ProductSettingTest@24c1b2d2]" started-at="2023-04-07T21:39:10 MYT" name="ProductSettingGroupCheck_AG" data-provider="RealTimeProductData" finished-at="2023-04-07T21:39:10 MYT" duration-ms="106" status="PASS">
          <params>
            <param index="0">
              <value>
                <![CDATA[Asia Gaming]]>
              </value>
            </param>
            <param index="1">
              <value>
                <![CDATA[Disabled]]>
              </value>
            </param>
            <param index="2">
              <value>
                <![CDATA[org.testng.TestRunner@50756c76]]>
              </value>
            </param>
          </params>
          <reporter-output>
          </reporter-output>
        </test-method> <!-- ProductSettingGroupCheck_AG -->
        <test-method signature="ProductSettingGroupCheck_AG(java.lang.String,java.lang.String,org.testng.ITestContext)[pri:15, instance:AASAutomation.test.ProductSettingTest@24c1b2d2]" started-at="2023-04-07T21:39:10 MYT" name="ProductSettingGroupCheck_AG" data-provider="RealTimeProductData" finished-at="2023-04-07T21:39:10 MYT" duration-ms="111" status="PASS">
          <params>
            <param index="0">
              <value>
                <![CDATA[Dream Gaming]]>
              </value>
            </param>
            <param index="1">
              <value>
                <![CDATA[Disabled]]>
              </value>
            </param>
            <param index="2">
              <value>
                <![CDATA[org.testng.TestRunner@50756c76]]>
              </value>
            </param>
          </params>
          <reporter-output>
          </reporter-output>
        </test-method> <!-- ProductSettingGroupCheck_AG -->
        <test-method signature="ProductSettingGroupCheck_AG(java.lang.String,java.lang.String,org.testng.ITestContext)[pri:15, instance:AASAutomation.test.ProductSettingTest@24c1b2d2]" started-at="2023-04-07T21:39:10 MYT" name="ProductSettingGroupCheck_AG" data-provider="RealTimeProductData" finished-at="2023-04-07T21:39:11 MYT" duration-ms="124" status="PASS">
          <params>
            <param index="0">
              <value>
                <![CDATA[Sexy Gaming]]>
              </value>
            </param>
            <param index="1">
              <value>
                <![CDATA[Disabled]]>
              </value>
            </param>
            <param index="2">
              <value>
                <![CDATA[org.testng.TestRunner@50756c76]]>
              </value>
            </param>
          </params>
          <reporter-output>
          </reporter-output>
        </test-method> <!-- ProductSettingGroupCheck_AG -->
        <test-method signature="ProductSettingGroupCheck_AG(java.lang.String,java.lang.String,org.testng.ITestContext)[pri:15, instance:AASAutomation.test.ProductSettingTest@24c1b2d2]" started-at="2023-04-07T21:39:11 MYT" name="ProductSettingGroupCheck_AG" data-provider="RealTimeProductData" finished-at="2023-04-07T21:39:11 MYT" duration-ms="134" status="PASS">
          <params>
            <param index="0">
              <value>
                <![CDATA[PragmaticPlay]]>
              </value>
            </param>
            <param index="1">
              <value>
                <![CDATA[Disabled]]>
              </value>
            </param>
            <param index="2">
              <value>
                <![CDATA[org.testng.TestRunner@50756c76]]>
              </value>
            </param>
          </params>
          <reporter-output>
          </reporter-output>
        </test-method> <!-- ProductSettingGroupCheck_AG -->
        <test-method signature="ProductSettingGroupCheck_AG(java.lang.String,java.lang.String,org.testng.ITestContext)[pri:15, instance:AASAutomation.test.ProductSettingTest@24c1b2d2]" started-at="2023-04-07T21:39:11 MYT" name="ProductSettingGroupCheck_AG" data-provider="RealTimeProductData" finished-at="2023-04-07T21:39:11 MYT" duration-ms="150" status="PASS">
          <params>
            <param index="0">
              <value>
                <![CDATA[Playtech]]>
              </value>
            </param>
            <param index="1">
              <value>
                <![CDATA[Disabled]]>
              </value>
            </param>
            <param index="2">
              <value>
                <![CDATA[org.testng.TestRunner@50756c76]]>
              </value>
            </param>
          </params>
          <reporter-output>
          </reporter-output>
        </test-method> <!-- ProductSettingGroupCheck_AG -->
        <test-method signature="ProductSettingGroupCheck_AG(java.lang.String,java.lang.String,org.testng.ITestContext)[pri:15, instance:AASAutomation.test.ProductSettingTest@24c1b2d2]" started-at="2023-04-07T21:39:11 MYT" name="ProductSettingGroupCheck_AG" data-provider="RealTimeProductData" finished-at="2023-04-07T21:39:11 MYT" duration-ms="155" status="PASS">
          <params>
            <param index="0">
              <value>
                <![CDATA[Bota]]>
              </value>
            </param>
            <param index="1">
              <value>
                <![CDATA[Disabled]]>
              </value>
            </param>
            <param index="2">
              <value>
                <![CDATA[org.testng.TestRunner@50756c76]]>
              </value>
            </param>
          </params>
          <reporter-output>
          </reporter-output>
        </test-method> <!-- ProductSettingGroupCheck_AG -->
        <test-method signature="ProductSettingGroupCheck_AG(java.lang.String,java.lang.String,org.testng.ITestContext)[pri:15, instance:AASAutomation.test.ProductSettingTest@24c1b2d2]" started-at="2023-04-07T21:39:11 MYT" name="ProductSettingGroupCheck_AG" data-provider="RealTimeProductData" finished-at="2023-04-07T21:39:11 MYT" duration-ms="169" status="PASS">
          <params>
            <param index="0">
              <value>
                <![CDATA[DoWin]]>
              </value>
            </param>
            <param index="1">
              <value>
                <![CDATA[Disabled]]>
              </value>
            </param>
            <param index="2">
              <value>
                <![CDATA[org.testng.TestRunner@50756c76]]>
              </value>
            </param>
          </params>
          <reporter-output>
          </reporter-output>
        </test-method> <!-- ProductSettingGroupCheck_AG -->
        <test-method signature="ProductSettingGroupCheck_AG(java.lang.String,java.lang.String,org.testng.ITestContext)[pri:15, instance:AASAutomation.test.ProductSettingTest@24c1b2d2]" started-at="2023-04-07T21:39:11 MYT" name="ProductSettingGroupCheck_AG" data-provider="RealTimeProductData" finished-at="2023-04-07T21:39:11 MYT" duration-ms="186" status="PASS">
          <params>
            <param index="0">
              <value>
                <![CDATA[Double Dragon]]>
              </value>
            </param>
            <param index="1">
              <value>
                <![CDATA[Disabled]]>
              </value>
            </param>
            <param index="2">
              <value>
                <![CDATA[org.testng.TestRunner@50756c76]]>
              </value>
            </param>
          </params>
          <reporter-output>
          </reporter-output>
        </test-method> <!-- ProductSettingGroupCheck_AG -->
        <test-method signature="ProductSettingGroupCheck_AG(java.lang.String,java.lang.String,org.testng.ITestContext)[pri:15, instance:AASAutomation.test.ProductSettingTest@24c1b2d2]" started-at="2023-04-07T21:39:11 MYT" name="ProductSettingGroupCheck_AG" data-provider="RealTimeProductData" finished-at="2023-04-07T21:39:12 MYT" duration-ms="189" status="PASS">
          <params>
            <param index="0">
              <value>
                <![CDATA[Oriental Gaming]]>
              </value>
            </param>
            <param index="1">
              <value>
                <![CDATA[Disabled]]>
              </value>
            </param>
            <param index="2">
              <value>
                <![CDATA[org.testng.TestRunner@50756c76]]>
              </value>
            </param>
          </params>
          <reporter-output>
          </reporter-output>
        </test-method> <!-- ProductSettingGroupCheck_AG -->
        <test-method signature="ProductSettingGroupCheck_AG(java.lang.String,java.lang.String,org.testng.ITestContext)[pri:15, instance:AASAutomation.test.ProductSettingTest@24c1b2d2]" started-at="2023-04-07T21:39:12 MYT" name="ProductSettingGroupCheck_AG" data-provider="RealTimeProductData" finished-at="2023-04-07T21:39:12 MYT" duration-ms="200" status="PASS">
          <params>
            <param index="0">
              <value>
                <![CDATA[Arena]]>
              </value>
            </param>
            <param index="1">
              <value>
                <![CDATA[Disabled]]>
              </value>
            </param>
            <param index="2">
              <value>
                <![CDATA[org.testng.TestRunner@50756c76]]>
              </value>
            </param>
          </params>
          <reporter-output>
          </reporter-output>
        </test-method> <!-- ProductSettingGroupCheck_AG -->
        <test-method signature="ProductSettingGroupCheck_AG(java.lang.String,java.lang.String,org.testng.ITestContext)[pri:15, instance:AASAutomation.test.ProductSettingTest@24c1b2d2]" started-at="2023-04-07T21:39:12 MYT" name="ProductSettingGroupCheck_AG" data-provider="RealTimeProductData" finished-at="2023-04-07T21:39:12 MYT" duration-ms="211" status="PASS">
          <params>
            <param index="0">
              <value>
                <![CDATA[Taishan]]>
              </value>
            </param>
            <param index="1">
              <value>
                <![CDATA[Disabled]]>
              </value>
            </param>
            <param index="2">
              <value>
                <![CDATA[org.testng.TestRunner@50756c76]]>
              </value>
            </param>
          </params>
          <reporter-output>
          </reporter-output>
        </test-method> <!-- ProductSettingGroupCheck_AG -->
        <test-method signature="ProductSettingGroupCheck_AG(java.lang.String,java.lang.String,org.testng.ITestContext)[pri:15, instance:AASAutomation.test.ProductSettingTest@24c1b2d2]" started-at="2023-04-07T21:39:12 MYT" name="ProductSettingGroupCheck_AG" data-provider="RealTimeProductData" finished-at="2023-04-07T21:39:12 MYT" duration-ms="226" status="PASS">
          <params>
            <param index="0">
              <value>
                <![CDATA[Vegas Lounge]]>
              </value>
            </param>
            <param index="1">
              <value>
                <![CDATA[Disabled]]>
              </value>
            </param>
            <param index="2">
              <value>
                <![CDATA[org.testng.TestRunner@50756c76]]>
              </value>
            </param>
          </params>
          <reporter-output>
          </reporter-output>
        </test-method> <!-- ProductSettingGroupCheck_AG -->
        <test-method signature="ProductSettingGroupCheck_AG(java.lang.String,java.lang.String,org.testng.ITestContext)[pri:15, instance:AASAutomation.test.ProductSettingTest@24c1b2d2]" started-at="2023-04-07T21:39:12 MYT" name="ProductSettingGroupCheck_AG" data-provider="RealTimeProductData" finished-at="2023-04-07T21:39:12 MYT" duration-ms="248" status="PASS">
          <params>
            <param index="0">
              <value>
                <![CDATA[Beter]]>
              </value>
            </param>
            <param index="1">
              <value>
                <![CDATA[Disabled]]>
              </value>
            </param>
            <param index="2">
              <value>
                <![CDATA[org.testng.TestRunner@50756c76]]>
              </value>
            </param>
          </params>
          <reporter-output>
          </reporter-output>
        </test-method> <!-- ProductSettingGroupCheck_AG -->
        <test-method signature="ProductSettingGroupCheck_AG(java.lang.String,java.lang.String,org.testng.ITestContext)[pri:15, instance:AASAutomation.test.ProductSettingTest@24c1b2d2]" started-at="2023-04-07T21:39:12 MYT" name="ProductSettingGroupCheck_AG" data-provider="RealTimeProductData" finished-at="2023-04-07T21:39:13 MYT" duration-ms="266" status="PASS">
          <params>
            <param index="0">
              <value>
                <![CDATA[Slots]]>
              </value>
            </param>
            <param index="1">
              <value>
                <![CDATA[Disabled]]>
              </value>
            </param>
            <param index="2">
              <value>
                <![CDATA[org.testng.TestRunner@50756c76]]>
              </value>
            </param>
          </params>
          <reporter-output>
          </reporter-output>
        </test-method> <!-- ProductSettingGroupCheck_AG -->
        <test-method signature="ProductSettingGroupCheck_AG(java.lang.String,java.lang.String,org.testng.ITestContext)[pri:15, instance:AASAutomation.test.ProductSettingTest@24c1b2d2]" started-at="2023-04-07T21:39:13 MYT" name="ProductSettingGroupCheck_AG" data-provider="RealTimeProductData" finished-at="2023-04-07T21:39:13 MYT" duration-ms="255" status="PASS">
          <params>
            <param index="0">
              <value>
                <![CDATA[Playtech & Skywind Slot]]>
              </value>
            </param>
            <param index="1">
              <value>
                <![CDATA[Disabled]]>
              </value>
            </param>
            <param index="2">
              <value>
                <![CDATA[org.testng.TestRunner@50756c76]]>
              </value>
            </param>
          </params>
          <reporter-output>
          </reporter-output>
        </test-method> <!-- ProductSettingGroupCheck_AG -->
        <test-method is-config="true" signature="tearDown()[pri:0, instance:AASAutomation.test.ProductSettingTest@24c1b2d2]" started-at="2023-04-07T21:39:13 MYT" name="tearDown" finished-at="2023-04-07T21:39:13 MYT" duration-ms="119" status="PASS">
          <reporter-output>
          </reporter-output>
        </test-method> <!-- tearDown -->
      </class> <!-- AASAutomation.test.ProductSettingTest -->
    </test> <!-- AAS Product Setting Test -->
  </suite> <!-- AAS Product Setting Test Suite -->
  <suite started-at="2023-04-07T21:39:13 MYT" name="AAS Product Test Suite" finished-at="2023-04-07T21:39:13 MYT" duration-ms="0">
    <groups>
    </groups>
  </suite> <!-- AAS Product Test Suite -->
</testng-results>
